#
# There is insufficient memory for the Java Runtime Environment to continue.
# Native memory allocation (malloc) failed to allocate 134608 bytes for Chunk::new
# Possible reasons:
#   The system is out of physical RAM or swap space
#   The process is running with CompressedOops enabled, and the Java Heap may be blocking the growth of the native heap
# Possible solutions:
#   Reduce memory load on the system
#   Increase physical memory or swap space
#   Check if swap backing store is full
#   Decrease Java heap size (-Xmx/-Xms)
#   Decrease number of Java threads
#   Decrease Java thread stack sizes (-Xss)
#   Set larger code cache with -XX:ReservedCodeCacheSize=
#   JVM is running with Unscaled Compressed Oops mode in which the Java heap is
#     placed in the first 4GB address space. The Java Heap base address is the
#     maximum limit for the native heap growth. Please use -XX:HeapBaseMinAddress
#     to set the Java Heap base and to place the Java Heap above 4GB virtual address.
# This output file may be truncated or incomplete.
#
#  Out of Memory Error (allocation.cpp:389), pid=9536, tid=0x0000000000003034
#
# JRE version: OpenJDK Runtime Environment (8.0_242-b01) (build 1.8.0_242-release-1644-b01)
# Java VM: OpenJDK 64-Bit Server VM (25.242-b01 mixed mode windows-amd64 compressed oops)
# Failed to write core dump. Minidumps are not enabled by default on client versions of Windows
#

---------------  T H R E A D  ---------------

Current thread (0x0000000017af4800):  JavaThread "C2 CompilerThread0" daemon [_thread_in_native, id=12340, stack(0x0000000019150000,0x0000000019250000)]

Stack: [0x0000000019150000,0x0000000019250000]
[error occurred during error reporting (printing stack bounds), id 0xc0000005]

Native frames: (J=compiled Java code, j=interpreted, Vv=VM code, C=native code)


Current CompileTask:
C2: 105568 18842   !   4       java.util.concurrent.LinkedBlockingQueue::poll (134 bytes)


---------------  P R O C E S S  ---------------

Java Threads: ( => current thread )
  0x000000001e576000 JavaThread "stdout" [_thread_in_native, id=12420, stack(0x0000000027440000,0x0000000027540000)]
  0x000000001e575800 JavaThread "stderr" [_thread_in_native, id=6864, stack(0x0000000027140000,0x0000000027240000)]
  0x000000001e573000 JavaThread "stdout" [_thread_in_native, id=3828, stack(0x0000000026a40000,0x0000000026b40000)]
  0x000000001e570000 JavaThread "stderr" [_thread_in_native, id=4068, stack(0x0000000026150000,0x0000000026250000)]
  0x000000001e574800 JavaThread "stdout" [_thread_in_native, id=13184, stack(0x0000000025f40000,0x0000000026040000)]
  0x000000001e8bf000 JavaThread "stderr" [_thread_in_native, id=12680, stack(0x0000000025e40000,0x0000000025f40000)]
  0x000000001e8be800 JavaThread "stdout" [_thread_in_native, id=6592, stack(0x0000000025d40000,0x0000000025e40000)]
  0x000000001e8c1800 JavaThread "stderr" [_thread_in_native, id=468, stack(0x0000000025c40000,0x0000000025d40000)]
  0x000000001e8bd800 JavaThread "WorkerExecutor Queue Thread 4" [_thread_blocked, id=5064, stack(0x0000000025b40000,0x0000000025c40000)]
  0x000000001e8b5800 JavaThread "pool-5-thread-1" [_thread_blocked, id=10160, stack(0x0000000025940000,0x0000000025a40000)]
  0x000000001e8bc000 JavaThread "WorkerExecutor Queue Thread 3" [_thread_blocked, id=12376, stack(0x0000000025840000,0x0000000025940000)]
  0x000000001e8b7800 JavaThread "WorkerExecutor Queue Thread 2" [_thread_blocked, id=10364, stack(0x0000000025340000,0x0000000025440000)]
  0x000000001e8b4800 JavaThread "WorkerExecutor Queue" [_thread_blocked, id=11576, stack(0x0000000024ff0000,0x00000000250f0000)]
  0x000000001e8ba800 JavaThread "Cache worker for execution history cache (E:\Projects\EDIAPAY\REZOSCHOOL\Rezoschool\.gradle\6.1.1\executionHistory)" [_thread_blocked, id=9860, stack(0x0000000024ef0000,0x0000000024ff0000)]
  0x000000001e8b3000 JavaThread "Execution worker for ':' Thread 3" [_thread_blocked, id=12224, stack(0x0000000024df0000,0x0000000024ef0000)]
  0x000000001d9c4800 JavaThread "Execution worker for ':' Thread 2" [_thread_blocked, id=9840, stack(0x0000000024cf0000,0x0000000024df0000)]
  0x000000001d9c3000 JavaThread "Execution worker for ':'" [_thread_blocked, id=13288, stack(0x00000000235f0000,0x00000000236f0000)]
  0x000000001d9c1000 JavaThread "Cache worker for file content cache (E:\Projects\EDIAPAY\REZOSCHOOL\Rezoschool\.gradle\6.1.1\fileContent)" [_thread_blocked, id=5420, stack(0x0000000021490000,0x0000000021590000)]
  0x000000001d9c3800 JavaThread "Cache worker for Build Output Cleanup Cache (E:\Projects\EDIAPAY\REZOSCHOOL\Rezoschool\.gradle\buildOutputCleanup)" [_thread_blocked, id=9668, stack(0x0000000021390000,0x0000000021490000)]
  0x000000001d9c7800 JavaThread "Build operations Thread 4" [_thread_blocked, id=1708, stack(0x0000000021290000,0x0000000021390000)]
  0x000000001d9c5000 JavaThread "Build operations Thread 3" [_thread_blocked, id=12268, stack(0x0000000021190000,0x0000000021290000)]
  0x000000001d9c6800 JavaThread "Build operations Thread 2" [_thread_blocked, id=11012, stack(0x0000000020880000,0x0000000020980000)]
  0x000000001d9c6000 JavaThread "Build operations" [_thread_blocked, id=9504, stack(0x0000000020280000,0x0000000020380000)]
  0x000000001d9bd800 JavaThread "Cache worker for cache directory md-rule (C:\Users\ssoft116\.gradle\caches\6.1.1\md-rule)" [_thread_blocked, id=1208, stack(0x000000001ff80000,0x0000000020080000)]
  0x000000001d9b9800 JavaThread "Cache worker for cache directory md-supplier (C:\Users\ssoft116\.gradle\caches\6.1.1\md-supplier)" [_thread_blocked, id=12380, stack(0x000000001ec40000,0x000000001ed40000)]
  0x000000001d9bc800 JavaThread "Cache worker for file hash cache (E:\Projects\EDIAPAY\REZOSCHOOL\Rezoschool\.gradle\6.1.1\fileHashes)" [_thread_blocked, id=7396, stack(0x000000001eb40000,0x000000001ec40000)]
  0x000000001d9b8000 JavaThread "Cache worker for checksums cache (E:\Projects\EDIAPAY\REZOSCHOOL\Rezoschool\.gradle\checksums)" [_thread_blocked, id=1164, stack(0x000000001d370000,0x000000001d470000)]
  0x000000001d9bb000 JavaThread "Thread-41" [_thread_blocked, id=2196, stack(0x000000001cf70000,0x000000001d070000)]
  0x000000001d9be000 JavaThread "Stdin handler" [_thread_blocked, id=11468, stack(0x000000001cc70000,0x000000001cd70000)]
  0x000000001d9bf000 JavaThread "Asynchronous log dispatcher for DefaultDaemonConnection: socket connection from /127.0.0.1:53045 to /127.0.0.1:53194" [_thread_blocked, id=612, stack(0x0000000001390000,0x0000000001490000)]
  0x000000001d9ba800 JavaThread "Cancel handler" [_thread_blocked, id=9176, stack(0x0000000001290000,0x0000000001390000)]
  0x000000001d9bc000 JavaThread "Handler for socket connection from /127.0.0.1:53045 to /127.0.0.1:53194" [_thread_in_native, id=10208, stack(0x0000000001190000,0x0000000001290000)]
  0x000000001e571800 JavaThread "Cache worker for Java compile cache (C:\Users\ssoft116\.gradle\caches\6.1.1\javaCompile)" [_thread_blocked, id=12544, stack(0x0000000026940000,0x0000000026a40000)]
  0x000000001e8b6000 JavaThread "Cache worker for file content cache (C:\Users\ssoft116\.gradle\caches\6.1.1\fileContent)" [_thread_blocked, id=10528, stack(0x00000000234f0000,0x00000000235f0000)]
  0x000000001e8b9000 JavaThread "Memory manager" [_thread_blocked, id=11740, stack(0x00000000233f0000,0x00000000234f0000)]
  0x000000001a715800 JavaThread "Cache worker for execution history cache (C:\Users\ssoft116\.gradle\caches\6.1.1\executionHistory)" [_thread_blocked, id=12236, stack(0x0000000020380000,0x0000000020480000)]
  0x000000001a712800 JavaThread "Cache worker for file hash cache (C:\Users\ssoft116\.gradle\caches\6.1.1\fileHashes)" [_thread_blocked, id=2588, stack(0x000000001d870000,0x000000001d970000)]
  0x000000001a716800 JavaThread "File lock request listener" [_thread_in_native, id=7488, stack(0x000000001d770000,0x000000001d870000)]
  0x000000001a710000 JavaThread "Cache worker for journal cache (C:\Users\ssoft116\.gradle\caches\journal-1)" [_thread_blocked, id=9484, stack(0x000000001d670000,0x000000001d770000)]
  0x000000001b651000 JavaThread "Daemon worker" [_thread_blocked, id=11872, stack(0x000000001d070000,0x000000001d170000)]
  0x000000001b625800 JavaThread "Daemon" [_thread_blocked, id=10204, stack(0x000000001cb70000,0x000000001cc70000)]
  0x000000001b60c800 JavaThread "Daemon periodic checks" [_thread_blocked, id=240, stack(0x000000001ca70000,0x000000001cb70000)]
  0x000000001b5ba000 JavaThread "Incoming local TCP Connector on port 53045" [_thread_in_native, id=7688, stack(0x000000001c830000,0x000000001c930000)]
  0x0000000019adf800 JavaThread "Daemon health stats" [_thread_blocked, id=2568, stack(0x000000001c1f0000,0x000000001c2f0000)]
  0x0000000019478800 JavaThread "Service Thread" daemon [_thread_blocked, id=12908, stack(0x0000000019850000,0x0000000019950000)]
  0x0000000017afe000 JavaThread "C1 CompilerThread2" daemon [_thread_blocked, id=6380, stack(0x0000000019350000,0x0000000019450000)]
  0x0000000017afa800 JavaThread "C2 CompilerThread1" daemon [_thread_in_native, id=5272, stack(0x0000000019250000,0x0000000019350000)]
=>0x0000000017af4800 JavaThread "C2 CompilerThread0" daemon [_thread_in_native, id=12340, stack(0x0000000019150000,0x0000000019250000)]
  0x0000000017af3800 JavaThread "Attach Listener" daemon [_thread_blocked, id=11324, stack(0x0000000019050000,0x0000000019150000)]
  0x0000000017af2000 JavaThread "Signal Dispatcher" daemon [_thread_blocked, id=10424, stack(0x0000000018f50000,0x0000000019050000)]
  0x0000000002e5c800 JavaThread "Finalizer" daemon [_thread_blocked, id=384, stack(0x0000000018d50000,0x0000000018e50000)]
  0x0000000017ad9800 JavaThread "Reference Handler" daemon [_thread_blocked, id=4956, stack(0x0000000018c50000,0x0000000018d50000)]
  0x0000000002fce000 JavaThread "main" [_thread_blocked, id=10232, stack(0x0000000001490000,0x0000000001590000)]

Other Threads:
  0x0000000017ab6000 VMThread [stack: 0x0000000018b50000,0x0000000018c50000] [id=6712]
  0x0000000019479000 WatcherThread [stack: 0x0000000019950000,0x0000000019a50000] [id=11148]

VM state:not at safepoint (normal execution)

VM Mutex/Monitor currently owned by a thread: None

OutOfMemory and StackOverflow Exception counts:
OutOfMemoryError java_heap_errors=324

heap address: 0x0000000080000000, size: 2048 MB, Compressed Oops mode: 32-bit
Narrow klass base: 0x0000000000000000, Narrow klass shift: 3
Compressed class space size: 1073741824 Address: 0x0000000100000000

Heap:
 PSYoungGen      total 288768K, used 62639K [0x00000000d5580000, 0x00000000ec280000, 0x0000000100000000)
  eden space 259072K, 19% used [0x00000000d5580000,0x00000000d8637a98,0x00000000e5280000)
  from space 29696K, 42% used [0x00000000ea580000,0x00000000eb1f41b8,0x00000000ec280000)
  to   space 57344K, 0% used [0x00000000e5280000,0x00000000e5280000,0x00000000e8a80000)
 ParOldGen       total 235008K, used 66065K [0x0000000080000000, 0x000000008e580000, 0x00000000d5580000)
  object space 235008K, 28% used [0x0000000080000000,0x00000000840846e0,0x000000008e580000)
 Metaspace       used 90555K, capacity 94490K, committed 94632K, reserved 1132544K
  class space    used 11648K, capacity 12422K, committed 12456K, reserved 1048576K

Card table byte_map: [0x0000000012390000,0x00000000127a0000] byte_map_base: 0x0000000011f90000

Marking Bits: (ParMarkBitMap*) 0x0000000067c3f030
 Begin Bits: [0x0000000012d50000, 0x0000000014d50000)
 End Bits:   [0x0000000014d50000, 0x0000000016d50000)

Polling page: 0x0000000000f60000

CodeCache: size=245760Kb used=52105Kb max_used=52136Kb free=193654Kb
 bounds [0x0000000002fd0000, 0x0000000006300000, 0x0000000011fd0000]
 total_blobs=16249 nmethods=15365 adapters=794
 compilation: enabled

Compilation events (10 events):
Event: 101.408 Thread 0x0000000017afe000 nmethod 18838 0x00000000062d6510 code [0x00000000062d6660, 0x00000000062d67d0]
Event: 103.260 Thread 0x0000000017afe000 18839       3       java.util.concurrent.ScheduledThreadPoolExecutor$DelayedWorkQueue::setIndex (16 bytes)
Event: 103.261 Thread 0x0000000017afe000 nmethod 18839 0x00000000062d5e90 code [0x00000000062d6000, 0x00000000062d6370]
Event: 103.407 Thread 0x0000000017afe000 18840       3       java.util.concurrent.ScheduledThreadPoolExecutor$ScheduledFutureTask::getDelay (20 bytes)
Event: 103.407 Thread 0x0000000017afe000 nmethod 18840 0x0000000006294810 code [0x0000000006294980, 0x0000000006294cc8]
Event: 105.069 Thread 0x0000000017afe000 18841       3       org.gradle.internal.serialize.InputStreamBackedDecoder::readInt (8 bytes)
Event: 105.069 Thread 0x0000000017afe000 nmethod 18841 0x00000000062943d0 code [0x0000000006294540, 0x0000000006294748]
Event: 105.528 Thread 0x0000000017af4800 18842   !   4       java.util.concurrent.LinkedBlockingQueue::poll (134 bytes)
Event: 105.550 Thread 0x0000000017afa800 18843       4       org.gradle.launcher.daemon.server.exec.DaemonConnectionBackedEventConsumer$ForwardEvents::moreMessagesToSend (35 bytes)
Event: 105.551 Thread 0x0000000017afa800 nmethod 18843 0x0000000006294010 code [0x0000000006294160, 0x0000000006294268]

GC Heap History (10 events):
Event: 50.415 GC heap before
{Heap before GC invocations=22 (full 3):
 PSYoungGen      total 269312K, used 269284K [0x00000000d5580000, 0x00000000e9b80000, 0x0000000100000000)
  eden space 240640K, 100% used [0x00000000d5580000,0x00000000e4080000,0x00000000e4080000)
  from space 28672K, 99% used [0x00000000e6700000,0x00000000e82f9398,0x00000000e8300000)
  to   space 39424K, 0% used [0x00000000e4080000,0x00000000e4080000,0x00000000e6700000)
 ParOldGen       total 103424K, used 51592K [0x0000000080000000, 0x0000000086500000, 0x00000000d5580000)
  object space 103424K, 49% used [0x0000000080000000,0x0000000083262038,0x0000000086500000)
 Metaspace       used 84665K, capacity 88482K, committed 88616K, reserved 1126400K
  class space    used 11244K, capacity 12004K, committed 12072K, reserved 1048576K
Event: 50.521 GC heap after
Heap after GC invocations=22 (full 3):
 PSYoungGen      total 280064K, used 39392K [0x00000000d5580000, 0x00000000ee000000, 0x0000000100000000)
  eden space 240640K, 0% used [0x00000000d5580000,0x00000000d5580000,0x00000000e4080000)
  from space 39424K, 99% used [0x00000000e4080000,0x00000000e66f8348,0x00000000e6700000)
  to   space 59904K, 0% used [0x00000000ea580000,0x00000000ea580000,0x00000000ee000000)
 ParOldGen       total 103424K, used 89405K [0x0000000080000000, 0x0000000086500000, 0x00000000d5580000)
  object space 103424K, 86% used [0x0000000080000000,0x000000008574f468,0x0000000086500000)
 Metaspace       used 84665K, capacity 88482K, committed 88616K, reserved 1126400K
  class space    used 11244K, capacity 12004K, committed 12072K, reserved 1048576K
}
Event: 50.521 GC heap before
{Heap before GC invocations=23 (full 4):
 PSYoungGen      total 280064K, used 39392K [0x00000000d5580000, 0x00000000ee000000, 0x0000000100000000)
  eden space 240640K, 0% used [0x00000000d5580000,0x00000000d5580000,0x00000000e4080000)
  from space 39424K, 99% used [0x00000000e4080000,0x00000000e66f8348,0x00000000e6700000)
  to   space 59904K, 0% used [0x00000000ea580000,0x00000000ea580000,0x00000000ee000000)
 ParOldGen       total 103424K, used 89405K [0x0000000080000000, 0x0000000086500000, 0x00000000d5580000)
  object space 103424K, 86% used [0x0000000080000000,0x000000008574f468,0x0000000086500000)
 Metaspace       used 84665K, capacity 88482K, committed 88616K, reserved 1126400K
  class space    used 11244K, capacity 12004K, committed 12072K, reserved 1048576K
Event: 50.987 GC heap after
Heap after GC invocations=23 (full 4):
 PSYoungGen      total 280064K, used 16314K [0x00000000d5580000, 0x00000000ee000000, 0x0000000100000000)
  eden space 240640K, 0% used [0x00000000d5580000,0x00000000d5580000,0x00000000e4080000)
  from space 39424K, 41% used [0x00000000e4080000,0x00000000e506ebb0,0x00000000e6700000)
  to   space 59904K, 0% used [0x00000000ea580000,0x00000000ea580000,0x00000000ee000000)
 ParOldGen       total 103424K, used 103289K [0x0000000080000000, 0x0000000086500000, 0x00000000d5580000)
  object space 103424K, 99% used [0x0000000080000000,0x00000000864de648,0x0000000086500000)
 Metaspace       used 84484K, capacity 87986K, committed 88616K, reserved 1126400K
  class space    used 11183K, capacity 11896K, committed 12072K, reserved 1048576K
}
Event: 52.089 GC heap before
{Heap before GC invocations=24 (full 5):
 PSYoungGen      total 280064K, used 256954K [0x00000000d5580000, 0x00000000ee000000, 0x0000000100000000)
  eden space 240640K, 100% used [0x00000000d5580000,0x00000000e4080000,0x00000000e4080000)
  from space 39424K, 41% used [0x00000000e4080000,0x00000000e506ebb0,0x00000000e6700000)
  to   space 59904K, 0% used [0x00000000ea580000,0x00000000ea580000,0x00000000ee000000)
 ParOldGen       total 103424K, used 103289K [0x0000000080000000, 0x0000000086500000, 0x00000000d5580000)
  object space 103424K, 99% used [0x0000000080000000,0x00000000864de648,0x0000000086500000)
 Metaspace       used 85476K, capacity 89162K, committed 89384K, reserved 1126400K
  class space    used 11252K, capacity 11986K, committed 12072K, reserved 1048576K
Event: 52.419 GC heap after
Heap after GC invocations=24 (full 5):
 PSYoungGen      total 280064K, used 29044K [0x00000000d5580000, 0x00000000ee000000, 0x0000000100000000)
  eden space 240640K, 12% used [0x00000000d5580000,0x00000000d71dd2f8,0x00000000e4080000)
  from space 39424K, 0% used [0x00000000e4080000,0x00000000e4080000,0x00000000e6700000)
  to   space 59904K, 0% used [0x00000000ea580000,0x00000000ea580000,0x00000000ee000000)
 ParOldGen       total 103424K, used 101170K [0x0000000080000000, 0x0000000086500000, 0x00000000d5580000)
  object space 103424K, 97% used [0x0000000080000000,0x00000000862ccb00,0x0000000086500000)
 Metaspace       used 85475K, capacity 89156K, committed 89384K, reserved 1126400K
  class space    used 11251K, capacity 11985K, committed 12072K, reserved 1048576K
}
Event: 96.474 GC heap before
{Heap before GC invocations=25 (full 6):
 PSYoungGen      total 280064K, used 240640K [0x00000000d5580000, 0x00000000ee000000, 0x0000000100000000)
  eden space 240640K, 100% used [0x00000000d5580000,0x00000000e4080000,0x00000000e4080000)
  from space 39424K, 0% used [0x00000000e4080000,0x00000000e4080000,0x00000000e6700000)
  to   space 59904K, 0% used [0x00000000ea580000,0x00000000ea580000,0x00000000ee000000)
 ParOldGen       total 103424K, used 101170K [0x0000000080000000, 0x0000000086500000, 0x00000000d5580000)
  object space 103424K, 97% used [0x0000000080000000,0x00000000862ccb00,0x0000000086500000)
 Metaspace       used 90283K, capacity 94142K, committed 94376K, reserved 1130496K
  class space    used 11645K, capacity 12418K, committed 12456K, reserved 1048576K
Event: 96.626 GC heap after
Heap after GC invocations=25 (full 6):
 PSYoungGen      total 280064K, used 0K [0x00000000d5580000, 0x00000000ee000000, 0x0000000100000000)
  eden space 240640K, 0% used [0x00000000d5580000,0x00000000d5580000,0x00000000e4080000)
  from space 39424K, 0% used [0x00000000e4080000,0x00000000e4080000,0x00000000e6700000)
  to   space 59904K, 0% used [0x00000000ea580000,0x00000000ea580000,0x00000000ee000000)
 ParOldGen       total 235008K, used 66057K [0x0000000080000000, 0x000000008e580000, 0x00000000d5580000)
  object space 235008K, 28% used [0x0000000080000000,0x00000000840826e0,0x000000008e580000)
 Metaspace       used 90283K, capacity 94142K, committed 94376K, reserved 1130496K
  class space    used 11645K, capacity 12418K, committed 12456K, reserved 1048576K
}
Event: 98.259 GC heap before
{Heap before GC invocations=26 (full 6):
 PSYoungGen      total 280064K, used 240640K [0x00000000d5580000, 0x00000000ee000000, 0x0000000100000000)
  eden space 240640K, 100% used [0x00000000d5580000,0x00000000e4080000,0x00000000e4080000)
  from space 39424K, 0% used [0x00000000e4080000,0x00000000e4080000,0x00000000e6700000)
  to   space 59904K, 0% used [0x00000000ea580000,0x00000000ea580000,0x00000000ee000000)
 ParOldGen       total 235008K, used 66057K [0x0000000080000000, 0x000000008e580000, 0x00000000d5580000)
  object space 235008K, 28% used [0x0000000080000000,0x00000000840826e0,0x000000008e580000)
 Metaspace       used 90550K, capacity 94490K, committed 94632K, reserved 1132544K
  class space    used 11648K, capacity 12422K, committed 12456K, reserved 1048576K
Event: 98.279 GC heap after
Heap after GC invocations=26 (full 6):
 PSYoungGen      total 288768K, used 12752K [0x00000000d5580000, 0x00000000ec280000, 0x0000000100000000)
  eden space 259072K, 0% used [0x00000000d5580000,0x00000000d5580000,0x00000000e5280000)
  from space 29696K, 42% used [0x00000000ea580000,0x00000000eb1f41b8,0x00000000ec280000)
  to   space 57344K, 0% used [0x00000000e5280000,0x00000000e5280000,0x00000000e8a80000)
 ParOldGen       total 235008K, used 66065K [0x0000000080000000, 0x000000008e580000, 0x00000000d5580000)
  object space 235008K, 28% used [0x0000000080000000,0x00000000840846e0,0x000000008e580000)
 Metaspace       used 90550K, capacity 94490K, committed 94632K, reserved 1132544K
  class space    used 11648K, capacity 12422K, committed 12456K, reserved 1048576K
}

Deoptimization events (10 events):
Event: 96.449 Thread 0x000000001e8b3000 Uncommon trap: reason=unstable_if action=reinterpret pc=0x0000000004244a44 method=java.util.concurrent.ConcurrentLinkedQueue.poll()Ljava/lang/Object; @ 25
Event: 96.627 Thread 0x0000000017ad9800 Uncommon trap: reason=unstable_if action=reinterpret pc=0x0000000003f5afb8 method=java.lang.ref.Reference.tryHandlePending(Z)Z @ 20
Event: 96.627 Thread 0x000000001b651000 Uncommon trap: reason=unstable_if action=reinterpret pc=0x00000000049910f8 method=com.google.common.collect.MapMakerInternalMap$Segment.getEntry(Ljava/lang/Object;I)Lcom/google/common/collect/MapMakerInternalMap$InternalEntry; @ 40
Event: 96.627 Thread 0x000000001b651000 Uncommon trap: reason=unstable_if action=reinterpret pc=0x00000000035aee68 method=com.google.common.collect.MapMakerInternalMap$Segment.getEntry(Ljava/lang/Object;I)Lcom/google/common/collect/MapMakerInternalMap$InternalEntry; @ 40
Event: 96.629 Thread 0x000000001d9c3000 Uncommon trap: reason=unstable_if action=reinterpret pc=0x000000000433babc method=com.google.common.collect.MapMakerInternalMap$Segment.getEntry(Ljava/lang/Object;I)Lcom/google/common/collect/MapMakerInternalMap$InternalEntry; @ 40
Event: 96.655 Thread 0x000000001e8b3000 Uncommon trap: reason=unstable_if action=reinterpret pc=0x0000000005b173ec method=java.util.concurrent.ConcurrentLinkedQueue.offer(Ljava/lang/Object;)Z @ 40
Event: 96.702 Thread 0x000000001e8b3000 Uncommon trap: reason=null_check action=make_not_entrant pc=0x0000000004a4b4bc method=com.sun.org.apache.xerces.internal.dom.NamedNodeMapImpl.findNamePoint(Ljava/lang/String;Ljava/lang/String;)I @ 76
Event: 97.759 Thread 0x000000001d9c4800 Uncommon trap: reason=unstable_if action=reinterpret pc=0x000000000617395c method=com.sun.org.apache.xerces.internal.dom.AttrImpl.setValue(Ljava/lang/String;)V @ 74
Event: 98.012 Thread 0x000000001e8b4800 Uncommon trap: reason=array_check action=maybe_recompile pc=0x0000000004db2278 method=java.util.ComparableTimSort.binarySort([Ljava/lang/Object;III)V @ 193
Event: 98.290 Thread 0x000000001e8bd800 Uncommon trap: reason=unstable_if action=reinterpret pc=0x0000000005aea410 method=com.google.common.cache.LocalCache$Segment.reclaimValue(Ljava/lang/Object;ILcom/google/common/cache/LocalCache$ValueReference;)Z @ 103

Classes redefined (0 events):
No events

Internal exceptions (10 events):
Event: 98.481 Thread 0x000000001e8b4800 Exception <a 'sun/nio/fs/WindowsException'> (0x00000000d76807c8) thrown at [C:\src\AOSP-openjdk-git\hotspot\src\share\vm\prims\jni.cpp, line 710]
Event: 98.482 Thread 0x000000001e8b4800 Exception <a 'sun/nio/fs/WindowsException'> (0x00000000d7681538) thrown at [C:\src\AOSP-openjdk-git\hotspot\src\share\vm\prims\jni.cpp, line 710]
Event: 98.485 Thread 0x000000001e8bc000 Exception <a 'sun/nio/fs/WindowsException'> (0x00000000d7618720) thrown at [C:\src\AOSP-openjdk-git\hotspot\src\share\vm\prims\jni.cpp, line 710]
Event: 98.486 Thread 0x000000001e8bc000 Exception <a 'sun/nio/fs/WindowsException'> (0x00000000d7619490) thrown at [C:\src\AOSP-openjdk-git\hotspot\src\share\vm\prims\jni.cpp, line 710]
Event: 98.676 Thread 0x000000001d9c4800 Exception <a 'sun/nio/fs/WindowsException'> (0x00000000d8364c68) thrown at [C:\src\AOSP-openjdk-git\hotspot\src\share\vm\prims\jni.cpp, line 710]
Event: 98.676 Thread 0x000000001d9c4800 Exception <a 'sun/nio/fs/WindowsException'> (0x00000000d8365d00) thrown at [C:\src\AOSP-openjdk-git\hotspot\src\share\vm\prims\jni.cpp, line 710]
Event: 98.677 Thread 0x000000001d9c4800 Exception <a 'sun/nio/fs/WindowsException'> (0x00000000d8366988) thrown at [C:\src\AOSP-openjdk-git\hotspot\src\share\vm\prims\jni.cpp, line 710]
Event: 98.677 Thread 0x000000001d9c4800 Exception <a 'sun/nio/fs/WindowsException'> (0x00000000d8367a20) thrown at [C:\src\AOSP-openjdk-git\hotspot\src\share\vm\prims\jni.cpp, line 710]
Event: 98.678 Thread 0x000000001d9c4800 Exception <a 'sun/nio/fs/WindowsException'> (0x00000000d8368538) thrown at [C:\src\AOSP-openjdk-git\hotspot\src\share\vm\prims\jni.cpp, line 710]
Event: 98.678 Thread 0x000000001d9c4800 Exception <a 'sun/nio/fs/WindowsException'> (0x00000000d83695a0) thrown at [C:\src\AOSP-openjdk-git\hotspot\src\share\vm\prims\jni.cpp, line 710]

Events (10 events):
Event: 98.685 Executing VM operation: RevokeBias done
Event: 98.694 Executing VM operation: RevokeBias
Event: 98.695 Executing VM operation: RevokeBias done
Event: 98.751 Executing VM operation: RevokeBias
Event: 98.751 Executing VM operation: RevokeBias done
Event: 98.751 Executing VM operation: RevokeBias
Event: 98.752 Executing VM operation: RevokeBias done
Event: 100.486 Executing VM operation: RevokeBias
Event: 100.486 Executing VM operation: RevokeBias done
Event: 100.486 Thread 0x000000001e574000 Thread exited: 0x000000001e574000


Dynamic libraries:
0x00007ff7a2d60000 - 0x00007ff7a2d91000 	C:\Program Files\Android\Android Studio\jre\bin\java.exe
0x00007ffa77d60000 - 0x00007ffa77f50000 	C:\Windows\SYSTEM32\ntdll.dll
0x00007ffa778a0000 - 0x00007ffa77952000 	C:\Windows\System32\KERNEL32.DLL
0x00007ffa74e70000 - 0x00007ffa75113000 	C:\Windows\System32\KERNELBASE.dll
0x00007ffa76a50000 - 0x00007ffa76af3000 	C:\Windows\System32\ADVAPI32.dll
0x00007ffa76700000 - 0x00007ffa7679e000 	C:\Windows\System32\msvcrt.dll
0x00007ffa77bd0000 - 0x00007ffa77c67000 	C:\Windows\System32\sechost.dll
0x00007ffa76b00000 - 0x00007ffa76c20000 	C:\Windows\System32\RPCRT4.dll
0x00007ffa77960000 - 0x00007ffa77af4000 	C:\Windows\System32\USER32.dll
0x00007ffa74d10000 - 0x00007ffa74d31000 	C:\Windows\System32\win32u.dll
0x00007ffa77320000 - 0x00007ffa77346000 	C:\Windows\System32\GDI32.dll
0x00007ffa75a80000 - 0x00007ffa75c14000 	C:\Windows\System32\gdi32full.dll
0x00007ffa75d70000 - 0x00007ffa75e0e000 	C:\Windows\System32\msvcp_win.dll
0x00007ffa75180000 - 0x00007ffa7527a000 	C:\Windows\System32\ucrtbase.dll
0x00007ffa6a770000 - 0x00007ffa6a9f5000 	C:\Windows\WinSxS\amd64_microsoft.windows.common-controls_6595b64144ccf1df_6.0.18362.476_none_e6c4b11b130f2595\COMCTL32.dll
0x00007ffa75f60000 - 0x00007ffa76296000 	C:\Windows\System32\combase.dll
0x00007ffa75280000 - 0x00007ffa75300000 	C:\Windows\System32\bcryptPrimitives.dll
0x00007ffa77c80000 - 0x00007ffa77cae000 	C:\Windows\System32\IMM32.DLL
0x0000000066620000 - 0x00000000666f2000 	C:\Program Files\Android\Android Studio\jre\jre\bin\msvcr100.dll
0x0000000067470000 - 0x0000000067cbb000 	C:\Program Files\Android\Android Studio\jre\jre\bin\server\jvm.dll
0x00007ffa77c70000 - 0x00007ffa77c78000 	C:\Windows\System32\PSAPI.DLL
0x00007ffa72ac0000 - 0x00007ffa72ae4000 	C:\Windows\SYSTEM32\WINMM.dll
0x00007ffa6bc00000 - 0x00007ffa6bc0a000 	C:\Windows\SYSTEM32\VERSION.dll
0x00007ffa59ab0000 - 0x00007ffa59ab9000 	C:\Windows\SYSTEM32\WSOCK32.dll
0x00007ffa77cb0000 - 0x00007ffa77d1f000 	C:\Windows\System32\WS2_32.dll
0x00007ffa72a90000 - 0x00007ffa72abd000 	C:\Windows\SYSTEM32\WINMMBASE.dll
0x00007ffa74d70000 - 0x00007ffa74dba000 	C:\Windows\System32\cfgmgr32.dll
0x00007ffa715c0000 - 0x00007ffa715cf000 	C:\Program Files\Android\Android Studio\jre\jre\bin\verify.dll
0x00007ffa64ac0000 - 0x00007ffa64ae9000 	C:\Program Files\Android\Android Studio\jre\jre\bin\java.dll
0x00007ffa71530000 - 0x00007ffa71546000 	C:\Program Files\Android\Android Studio\jre\jre\bin\zip.dll
0x00007ffa76c30000 - 0x00007ffa77315000 	C:\Windows\System32\SHELL32.dll
0x00007ffa765f0000 - 0x00007ffa76699000 	C:\Windows\System32\shcore.dll
0x00007ffa75300000 - 0x00007ffa75a7e000 	C:\Windows\System32\windows.storage.dll
0x00007ffa74cd0000 - 0x00007ffa74cef000 	C:\Windows\System32\profapi.dll
0x00007ffa74c60000 - 0x00007ffa74caa000 	C:\Windows\System32\powrprof.dll
0x00007ffa74c30000 - 0x00007ffa74c40000 	C:\Windows\System32\UMPDC.dll
0x00007ffa76890000 - 0x00007ffa768e2000 	C:\Windows\System32\shlwapi.dll
0x00007ffa74c40000 - 0x00007ffa74c51000 	C:\Windows\System32\kernel.appcore.dll
0x00007ffa74cf0000 - 0x00007ffa74d07000 	C:\Windows\System32\cryptsp.dll
0x00007ffa6a150000 - 0x00007ffa6a16a000 	C:\Program Files\Android\Android Studio\jre\jre\bin\net.dll
0x00007ffa744a0000 - 0x00007ffa74507000 	C:\Windows\system32\mswsock.dll
0x00007ffa649b0000 - 0x00007ffa649c3000 	C:\Program Files\Android\Android Studio\jre\jre\bin\nio.dll
0x00007ffa64a60000 - 0x00007ffa64a86000 	C:\Users\ssoft116\.gradle\native\31\windows-amd64\native-platform.dll
0x00007ffa715b0000 - 0x00007ffa715bd000 	C:\Program Files\Android\Android Studio\jre\jre\bin\management.dll
0x00007ffa73fb0000 - 0x00007ffa73fe3000 	C:\Windows\system32\rsaenh.dll
0x00007ffa74d40000 - 0x00007ffa74d66000 	C:\Windows\System32\bcrypt.dll
0x00007ffa74b20000 - 0x00007ffa74b45000 	C:\Windows\SYSTEM32\USERENV.dll
0x00007ffa74670000 - 0x00007ffa7467c000 	C:\Windows\SYSTEM32\CRYPTBASE.dll
0x00007ffa741b0000 - 0x00007ffa741ea000 	C:\Windows\SYSTEM32\IPHLPAPI.DLL
0x00007ffa77890000 - 0x00007ffa77898000 	C:\Windows\System32\NSI.dll
0x00007ffa6bbd0000 - 0x00007ffa6bbe6000 	C:\Windows\SYSTEM32\dhcpcsvc6.DLL
0x00007ffa6bbb0000 - 0x00007ffa6bbcc000 	C:\Windows\SYSTEM32\dhcpcsvc.DLL
0x00007ffa741f0000 - 0x00007ffa742ba000 	C:\Windows\SYSTEM32\DNSAPI.dll
0x00007ffa73c90000 - 0x00007ffa73cc1000 	C:\Windows\SYSTEM32\ntmarta.dll

VM Arguments:
jvm_args: -Xmx2048m -Dfile.encoding=windows-1252 -Duser.country=US -Duser.language=en -Duser.variant 
java_command: org.gradle.launcher.daemon.bootstrap.GradleDaemon 6.1.1
java_class_path (initial): C:\Users\ssoft116\.gradle\wrapper\dists\gradle-6.1.1-all\cfmwm155h49vnt3hynmlrsdst\gradle-6.1.1\lib\gradle-launcher-6.1.1.jar
Launcher Type: SUN_STANDARD

Environment Variables:
PATH=C:\Windows\system32;C:\Windows;C:\Windows\System32\Wbem;C:\Windows\System32\WindowsPowerShell\v1.0\;C:\Windows\System32\OpenSSH\;C:\Program Files\Git\cmd;C:\Program Files\nodejs\;C:\Users\ssoft116\AppData\Local\Programs\Python\Python38-32\Scripts\;C:\Users\ssoft116\AppData\Local\Programs\Python\Python38-32\;C:\Users\ssoft116\AppData\Local\Microsoft\WindowsApps;;C:\Users\ssoft116\AppData\Local\Programs\Microsoft VS Code\bin;C:\Users\ssoft116\AppData\Roaming\npm
USERNAME=ssoft116
OS=Windows_NT
PROCESSOR_IDENTIFIER=Intel64 Family 6 Model 94 Stepping 3, GenuineIntel



---------------  S Y S T E M  ---------------

OS: Windows 10.0 , 64 bit Build 18362 (10.0.18362.329)

CPU:total 4 (initial active 4) (4 cores per cpu, 1 threads per core) family 6 model 94 stepping 3, cmov, cx8, fxsr, mmx, sse, sse2, sse3, ssse3, sse4.1, sse4.2, popcnt, avx, avx2, aes, clmul, erms, rtm, 3dnowpref, lzcnt, tsc, tscinvbit, bmi1, bmi2, adx

Memory: 4k page, physical 8289836k(761172k free), swap 12480044k(24k free)

vm_info: OpenJDK 64-Bit Server VM (25.242-b01) for windows-amd64 JRE (1.8.0_242-release-1644-b01), built by "builder" with MS VC++ 10.0 (VS2010)

time: Wed Jun 17 14:22:25 2020
timezone: Pacific Daylight Time
elapsed time: 105 seconds (0d 0h 1m 45s)

