#
# There is insufficient memory for the Java Runtime Environment to continue.
# Native memory allocation (malloc) failed to allocate 261536 bytes for Chunk::new
# Possible reasons:
#   The system is out of physical RAM or swap space
#   The process is running with CompressedOops enabled, and the Java Heap may be blocking the growth of the native heap
# Possible solutions:
#   Reduce memory load on the system
#   Increase physical memory or swap space
#   Check if swap backing store is full
#   Decrease Java heap size (-Xmx/-Xms)
#   Decrease number of Java threads
#   Decrease Java thread stack sizes (-Xss)
#   Set larger code cache with -XX:ReservedCodeCacheSize=
#   JVM is running with Unscaled Compressed Oops mode in which the Java heap is
#     placed in the first 4GB address space. The Java Heap base address is the
#     maximum limit for the native heap growth. Please use -XX:HeapBaseMinAddress
#     to set the Java Heap base and to place the Java Heap above 4GB virtual address.
# This output file may be truncated or incomplete.
#
#  Out of Memory Error (allocation.cpp:389), pid=4928, tid=0x00000000000036d8
#
# JRE version: OpenJDK Runtime Environment (8.0_242-b01) (build 1.8.0_242-release-1644-b01)
# Java VM: OpenJDK 64-Bit Server VM (25.242-b01 mixed mode windows-amd64 compressed oops)
# Failed to write core dump. Minidumps are not enabled by default on client versions of Windows
#

---------------  T H R E A D  ---------------

Current thread (0x0000000017164800):  JavaThread "C2 CompilerThread0" daemon [_thread_in_native, id=14040, stack(0x00000000187d0000,0x00000000188d0000)]

Stack: [0x00000000187d0000,0x00000000188d0000]
[error occurred during error reporting (printing stack bounds), id 0xc0000005]

Native frames: (J=compiled Java code, j=interpreted, Vv=VM code, C=native code)


Current CompileTask:
C2: 290884 19918   !   4       sun.nio.ch.IOUtil::read (93 bytes)


---------------  P R O C E S S  ---------------

Java Threads: ( => current thread )
  0x000000001fc38800 JavaThread "ForkJoinPool.commonPool-worker-3" daemon [_thread_blocked, id=11772, stack(0x0000000028860000,0x0000000028960000)]
  0x000000001fc3f800 JavaThread "ForkJoinPool.commonPool-worker-2" daemon [_thread_blocked, id=1868, stack(0x0000000028760000,0x0000000028860000)]
  0x000000001fc3b800 JavaThread "ForkJoinPool.commonPool-worker-1" daemon [_thread_blocked, id=2424, stack(0x0000000027e60000,0x0000000027f60000)]
  0x000000001fc31000 JavaThread "Cache worker for Java compile cache (E:\Projects\EDIAPAY\REZOSCHOOL\Rezoschool\.gradle\6.1.1\javaCompile)" [_thread_blocked, id=13256, stack(0x0000000027760000,0x0000000027860000)]
  0x000000001fc35000 JavaThread "Cache worker for Java compile cache (C:\Users\ssoft116\.gradle\caches\6.1.1\javaCompile)" [_thread_blocked, id=9520, stack(0x0000000027660000,0x0000000027760000)]
  0x000000001fc32800 JavaThread "WorkerExecutor Queue Thread 4" [_thread_blocked, id=720, stack(0x0000000027360000,0x0000000027460000)]
  0x000000001fc34000 JavaThread "stdout" [_thread_in_native, id=9488, stack(0x0000000027160000,0x0000000027260000)]
  0x000000001fc33800 JavaThread "stderr" [_thread_in_native, id=7832, stack(0x0000000027060000,0x0000000027160000)]
  0x0000000018dad000 JavaThread "stdout" [_thread_in_native, id=712, stack(0x0000000026f60000,0x0000000027060000)]
  0x0000000018dab800 JavaThread "stderr" [_thread_in_native, id=7680, stack(0x0000000026e60000,0x0000000026f60000)]
  0x0000000018daa800 JavaThread "stdout" [_thread_in_native, id=7512, stack(0x0000000026d60000,0x0000000026e60000)]
  0x0000000018daa000 JavaThread "stderr" [_thread_in_native, id=6456, stack(0x0000000026c60000,0x0000000026d60000)]
  0x0000000018da9000 JavaThread "pool-4-thread-1" [_thread_blocked, id=1408, stack(0x0000000026b60000,0x0000000026c60000)]
  0x0000000018dae800 JavaThread "WorkerExecutor Queue Thread 3" [_thread_blocked, id=5176, stack(0x0000000026a60000,0x0000000026b60000)]
  0x0000000018dae000 JavaThread "WorkerExecutor Queue Thread 2" [_thread_blocked, id=8532, stack(0x0000000026960000,0x0000000026a60000)]
  0x0000000018da8800 JavaThread "WorkerExecutor Queue" [_thread_blocked, id=8788, stack(0x0000000026860000,0x0000000026960000)]
  0x0000000018da1800 JavaThread "Cache worker for execution history cache (E:\Projects\EDIAPAY\REZOSCHOOL\Rezoschool\.gradle\6.1.1\executionHistory)" [_thread_blocked, id=9104, stack(0x0000000026560000,0x0000000026660000)]
  0x0000000018da2800 JavaThread "Execution worker for ':' Thread 3" [_thread_blocked, id=8184, stack(0x0000000026460000,0x0000000026560000)]
  0x0000000018d9f800 JavaThread "Execution worker for ':' Thread 2" [_thread_blocked, id=12764, stack(0x0000000026360000,0x0000000026460000)]
  0x0000000018da6000 JavaThread "Execution worker for ':'" [_thread_blocked, id=11584, stack(0x0000000025c00000,0x0000000025d00000)]
  0x0000000018da4800 JavaThread "Cache worker for file content cache (E:\Projects\EDIAPAY\REZOSCHOOL\Rezoschool\.gradle\6.1.1\fileContent)" [_thread_blocked, id=11080, stack(0x0000000023c80000,0x0000000023d80000)]
  0x0000000018da5800 JavaThread "Cache worker for file content cache (C:\Users\ssoft116\.gradle\caches\6.1.1\fileContent)" [_thread_blocked, id=9444, stack(0x0000000023b80000,0x0000000023c80000)]
  0x0000000018da4000 JavaThread "Memory manager" [_thread_blocked, id=6136, stack(0x0000000023280000,0x0000000023380000)]
  0x0000000018da3000 JavaThread "Cache worker for Build Output Cleanup Cache (E:\Projects\EDIAPAY\REZOSCHOOL\Rezoschool\.gradle\buildOutputCleanup)" [_thread_blocked, id=5460, stack(0x0000000022980000,0x0000000022a80000)]
  0x000000001adf3000 JavaThread "Build operations Thread 4" [_thread_blocked, id=4480, stack(0x0000000022880000,0x0000000022980000)]
  0x000000001adf2000 JavaThread "Build operations Thread 3" [_thread_blocked, id=3512, stack(0x0000000022780000,0x0000000022880000)]
  0x000000001adf5000 JavaThread "Build operations Thread 2" [_thread_blocked, id=7480, stack(0x0000000021660000,0x0000000021760000)]
  0x000000001adf4800 JavaThread "Build operations" [_thread_blocked, id=4152, stack(0x0000000020860000,0x0000000020960000)]
  0x000000001b039000 JavaThread "Cache worker for cache directory md-rule (C:\Users\ssoft116\.gradle\caches\6.1.1\md-rule)" [_thread_blocked, id=12036, stack(0x000000001f790000,0x000000001f890000)]
  0x000000001b038800 JavaThread "Cache worker for cache directory md-supplier (C:\Users\ssoft116\.gradle\caches\6.1.1\md-supplier)" [_thread_blocked, id=672, stack(0x000000001f290000,0x000000001f390000)]
  0x000000001b037800 JavaThread "Cache worker for file hash cache (E:\Projects\EDIAPAY\REZOSCHOOL\Rezoschool\.gradle\6.1.1\fileHashes)" [_thread_blocked, id=13872, stack(0x000000001f190000,0x000000001f290000)]
  0x000000001b03b800 JavaThread "Cache worker for checksums cache (E:\Projects\EDIAPAY\REZOSCHOOL\Rezoschool\.gradle\checksums)" [_thread_blocked, id=1908, stack(0x000000001c9f0000,0x000000001caf0000)]
  0x000000001b031000 JavaThread "Thread-28" [_thread_blocked, id=7184, stack(0x000000001c6f0000,0x000000001c7f0000)]
  0x000000001b036000 JavaThread "Stdin handler" [_thread_blocked, id=464, stack(0x000000001c5f0000,0x000000001c6f0000)]
  0x000000001b030000 JavaThread "Asynchronous log dispatcher for DefaultDaemonConnection: socket connection from /127.0.0.1:49645 to /127.0.0.1:50029" [_thread_blocked, id=13408, stack(0x000000001c2f0000,0x000000001c3f0000)]
  0x000000001b035800 JavaThread "Daemon worker Thread 2" [_thread_in_Java, id=6912, stack(0x000000001c1f0000,0x000000001c2f0000)]
  0x000000001b032800 JavaThread "Cancel handler" [_thread_blocked, id=7320, stack(0x00000000009f0000,0x0000000000af0000)]
  0x000000001b034000 JavaThread "Handler for socket connection from /127.0.0.1:49645 to /127.0.0.1:50029" [_thread_in_native, id=7948, stack(0x00000000008f0000,0x00000000009f0000)]
  0x000000001b02c800 JavaThread "Daemon Thread 2" [_thread_blocked, id=14000, stack(0x00000000007f0000,0x00000000008f0000)]
  0x000000001adf6000 JavaThread "Cache worker for execution history cache (C:\Users\ssoft116\.gradle\caches\6.1.1\executionHistory)" [_thread_blocked, id=8280, stack(0x0000000020960000,0x0000000020a60000)]
  0x000000001adf0800 JavaThread "Cache worker for file hash cache (C:\Users\ssoft116\.gradle\caches\6.1.1\fileHashes)" [_thread_blocked, id=10688, stack(0x000000001cef0000,0x000000001cff0000)]
  0x000000001adf3800 JavaThread "File lock request listener" [_thread_in_native, id=8916, stack(0x000000001cdf0000,0x000000001cef0000)]
  0x000000001af78800 JavaThread "Cache worker for journal cache (C:\Users\ssoft116\.gradle\caches\journal-1)" [_thread_blocked, id=13368, stack(0x000000001ccf0000,0x000000001cdf0000)]
  0x000000001ad5f000 JavaThread "Daemon periodic checks" [_thread_blocked, id=14036, stack(0x000000001c0f0000,0x000000001c1f0000)]
  0x000000001ad10000 JavaThread "Incoming local TCP Connector on port 49645" [_thread_in_native, id=11936, stack(0x000000001beb0000,0x000000001bfb0000)]
  0x0000000018b7b800 JavaThread "Daemon health stats" [_thread_blocked, id=7908, stack(0x000000001b870000,0x000000001b970000)]
  0x0000000018af0800 JavaThread "Service Thread" daemon [_thread_blocked, id=3432, stack(0x0000000018ed0000,0x0000000018fd0000)]
  0x000000001716d800 JavaThread "C1 CompilerThread2" daemon [_thread_blocked, id=12704, stack(0x00000000189d0000,0x0000000018ad0000)]
  0x000000001716a800 JavaThread "C2 CompilerThread1" daemon [_thread_in_native, id=12376, stack(0x00000000188d0000,0x00000000189d0000)]
=>0x0000000017164800 JavaThread "C2 CompilerThread0" daemon [_thread_in_native, id=14040, stack(0x00000000187d0000,0x00000000188d0000)]
  0x0000000017163800 JavaThread "Attach Listener" daemon [_thread_blocked, id=10432, stack(0x00000000186d0000,0x00000000187d0000)]
  0x0000000017162000 JavaThread "Signal Dispatcher" daemon [_thread_blocked, id=784, stack(0x00000000185d0000,0x00000000186d0000)]
  0x000000000253c800 JavaThread "Finalizer" daemon [_thread_blocked, id=11740, stack(0x00000000183d0000,0x00000000184d0000)]
  0x0000000017149800 JavaThread "Reference Handler" daemon [_thread_blocked, id=14092, stack(0x00000000182d0000,0x00000000183d0000)]
  0x00000000006be000 JavaThread "main" [_thread_blocked, id=4188, stack(0x0000000002290000,0x0000000002390000)]

Other Threads:
  0x0000000017126000 VMThread [stack: 0x00000000181d0000,0x00000000182d0000] [id=10012]
  0x00000000171bd000 WatcherThread [stack: 0x0000000018fd0000,0x00000000190d0000] [id=12468]

VM state:not at safepoint (normal execution)

VM Mutex/Monitor currently owned by a thread: None

OutOfMemory and StackOverflow Exception counts:
OutOfMemoryError java_heap_errors=185

heap address: 0x0000000080000000, size: 2048 MB, Compressed Oops mode: 32-bit
Narrow klass base: 0x0000000000000000, Narrow klass shift: 3
Compressed class space size: 1073741824 Address: 0x0000000100000000

Heap:
 PSYoungGen      total 297472K, used 259605K [0x00000000d5580000, 0x00000000e9a80000, 0x0000000100000000)
  eden space 262144K, 85% used [0x00000000d5580000,0x00000000e3086258,0x00000000e5580000)
  from space 35328K, 99% used [0x00000000e5580000,0x00000000e77ff4f8,0x00000000e7800000)
  to   space 35328K, 0% used [0x00000000e7800000,0x00000000e7800000,0x00000000e9a80000)
 ParOldGen       total 187904K, used 105114K [0x0000000080000000, 0x000000008b780000, 0x00000000d5580000)
  object space 187904K, 55% used [0x0000000080000000,0x00000000866a6990,0x000000008b780000)
 Metaspace       used 100510K, capacity 105460K, committed 105496K, reserved 1140736K
  class space    used 13076K, capacity 14102K, committed 14128K, reserved 1048576K

Card table byte_map: [0x0000000011900000,0x0000000011d10000] byte_map_base: 0x0000000011500000

Marking Bits: (ParMarkBitMap*) 0x0000000053b7f030
 Begin Bits: [0x00000000123c0000, 0x00000000143c0000)
 End Bits:   [0x00000000143c0000, 0x00000000163c0000)

Polling page: 0x0000000000680000

CodeCache: size=245760Kb used=55602Kb max_used=58023Kb free=190157Kb
 bounds [0x0000000002540000, 0x0000000005e30000, 0x0000000011540000]
 total_blobs=17112 nmethods=16223 adapters=801
 compilation: enabled

Compilation events (10 events):
Event: 290.827 Thread 0x000000001716d800 19912       3       com.android.build.gradle.internal.packaging.IncrementalPackagerBuilder$$Lambda$1101/1309201625::apply (14 bytes)
Event: 290.827 Thread 0x000000001716d800 nmethod 19912 0x0000000004bf9290 code [0x0000000004bf9400, 0x0000000004bf9708]
Event: 290.827 Thread 0x000000001716d800 19913       3       com.android.builder.packaging.PackagingUtils$$Lambda$1100/954996165::test (12 bytes)
Event: 290.827 Thread 0x000000001716d800 nmethod 19913 0x0000000004646810 code [0x0000000004646980, 0x0000000004646be8]
Event: 290.827 Thread 0x000000001716d800 19915       3       com.android.zipflinger.BytesSource::<init> (14 bytes)
Event: 290.828 Thread 0x000000001716d800 nmethod 19915 0x0000000002fe0350 code [0x0000000002fe04e0, 0x0000000002fe08d8]
Event: 290.828 Thread 0x000000001716d800 19916       3       com.android.builder.internal.packaging.ApkFlinger$writeFile$1::call (114 bytes)
Event: 290.828 Thread 0x000000001716d800 nmethod 19916 0x0000000002766610 code [0x0000000002766840, 0x0000000002767388]
Event: 290.844 Thread 0x000000001716a800 19917  s    4       sun.nio.ch.ChannelInputStream::read (105 bytes)
Event: 290.846 Thread 0x0000000017164800 19918   !   4       sun.nio.ch.IOUtil::read (93 bytes)

GC Heap History (10 events):
Event: 280.240 GC heap before
{Heap before GC invocations=23 (full 3):
 PSYoungGen      total 226304K, used 214473K [0x00000000d5580000, 0x00000000e6180000, 0x0000000100000000)
  eden space 198144K, 100% used [0x00000000d5580000,0x00000000e1700000,0x00000000e1700000)
  from space 28160K, 57% used [0x00000000e1700000,0x00000000e26f24d8,0x00000000e3280000)
  to   space 28160K, 0% used [0x00000000e4600000,0x00000000e4600000,0x00000000e6180000)
 ParOldGen       total 117248K, used 67024K [0x0000000080000000, 0x0000000087280000, 0x00000000d5580000)
  object space 117248K, 57% used [0x0000000080000000,0x0000000084174390,0x0000000087280000)
 Metaspace       used 90343K, capacity 94332K, committed 94616K, reserved 1130496K
  class space    used 11789K, capacity 12626K, committed 12720K, reserved 1048576K
Event: 280.264 GC heap after
Heap after GC invocations=23 (full 3):
 PSYoungGen      total 243712K, used 23615K [0x00000000d5580000, 0x00000000e6600000, 0x0000000100000000)
  eden space 215552K, 0% used [0x00000000d5580000,0x00000000d5580000,0x00000000e2800000)
  from space 28160K, 83% used [0x00000000e4600000,0x00000000e5d0ff48,0x00000000e6180000)
  to   space 30720K, 0% used [0x00000000e2800000,0x00000000e2800000,0x00000000e4600000)
 ParOldGen       total 117248K, used 67048K [0x0000000080000000, 0x0000000087280000, 0x00000000d5580000)
  object space 117248K, 57% used [0x0000000080000000,0x000000008417a390,0x0000000087280000)
 Metaspace       used 90343K, capacity 94332K, committed 94616K, reserved 1130496K
  class space    used 11789K, capacity 12626K, committed 12720K, reserved 1048576K
}
Event: 282.366 GC heap before
{Heap before GC invocations=24 (full 3):
 PSYoungGen      total 243712K, used 79015K [0x00000000d5580000, 0x00000000e6600000, 0x0000000100000000)
  eden space 215552K, 25% used [0x00000000d5580000,0x00000000d8b99ce8,0x00000000e2800000)
  from space 28160K, 83% used [0x00000000e4600000,0x00000000e5d0ff48,0x00000000e6180000)
  to   space 30720K, 0% used [0x00000000e2800000,0x00000000e2800000,0x00000000e4600000)
 ParOldGen       total 117248K, used 67048K [0x0000000080000000, 0x0000000087280000, 0x00000000d5580000)
  object space 117248K, 57% used [0x0000000080000000,0x000000008417a390,0x0000000087280000)
 Metaspace       used 94074K, capacity 98438K, committed 98584K, reserved 1134592K
  class space    used 12355K, capacity 13269K, committed 13360K, reserved 1048576K
Event: 282.475 GC heap after
Heap after GC invocations=24 (full 3):
 PSYoungGen      total 246272K, used 30704K [0x00000000d5580000, 0x00000000e9b80000, 0x0000000100000000)
  eden space 215552K, 0% used [0x00000000d5580000,0x00000000d5580000,0x00000000e2800000)
  from space 30720K, 99% used [0x00000000e2800000,0x00000000e45fc060,0x00000000e4600000)
  to   space 36352K, 0% used [0x00000000e7800000,0x00000000e7800000,0x00000000e9b80000)
 ParOldGen       total 117248K, used 68541K [0x0000000080000000, 0x0000000087280000, 0x00000000d5580000)
  object space 117248K, 58% used [0x0000000080000000,0x00000000842ef678,0x0000000087280000)
 Metaspace       used 94074K, capacity 98438K, committed 98584K, reserved 1134592K
  class space    used 12355K, capacity 13269K, committed 13360K, reserved 1048576K
}
Event: 282.475 GC heap before
{Heap before GC invocations=25 (full 4):
 PSYoungGen      total 246272K, used 30704K [0x00000000d5580000, 0x00000000e9b80000, 0x0000000100000000)
  eden space 215552K, 0% used [0x00000000d5580000,0x00000000d5580000,0x00000000e2800000)
  from space 30720K, 99% used [0x00000000e2800000,0x00000000e45fc060,0x00000000e4600000)
  to   space 36352K, 0% used [0x00000000e7800000,0x00000000e7800000,0x00000000e9b80000)
 ParOldGen       total 117248K, used 68541K [0x0000000080000000, 0x0000000087280000, 0x00000000d5580000)
  object space 117248K, 58% used [0x0000000080000000,0x00000000842ef678,0x0000000087280000)
 Metaspace       used 94074K, capacity 98438K, committed 98584K, reserved 1134592K
  class space    used 12355K, capacity 13269K, committed 13360K, reserved 1048576K
Event: 283.241 GC heap after
Heap after GC invocations=25 (full 4):
 PSYoungGen      total 246272K, used 0K [0x00000000d5580000, 0x00000000e9b80000, 0x0000000100000000)
  eden space 215552K, 0% used [0x00000000d5580000,0x00000000d5580000,0x00000000e2800000)
  from space 30720K, 0% used [0x00000000e2800000,0x00000000e2800000,0x00000000e4600000)
  to   space 36352K, 0% used [0x00000000e7800000,0x00000000e7800000,0x00000000e9b80000)
 ParOldGen       total 187904K, used 84835K [0x0000000080000000, 0x000000008b780000, 0x00000000d5580000)
  object space 187904K, 45% used [0x0000000080000000,0x00000000852d8e00,0x000000008b780000)
 Metaspace       used 93826K, capacity 97744K, committed 98584K, reserved 1134592K
  class space    used 12272K, capacity 13124K, committed 13360K, reserved 1048576K
}
Event: 285.978 GC heap before
{Heap before GC invocations=26 (full 4):
 PSYoungGen      total 246272K, used 215465K [0x00000000d5580000, 0x00000000e9b80000, 0x0000000100000000)
  eden space 215552K, 99% used [0x00000000d5580000,0x00000000e27ea4c0,0x00000000e2800000)
  from space 30720K, 0% used [0x00000000e2800000,0x00000000e2800000,0x00000000e4600000)
  to   space 36352K, 0% used [0x00000000e7800000,0x00000000e7800000,0x00000000e9b80000)
 ParOldGen       total 187904K, used 84835K [0x0000000080000000, 0x000000008b780000, 0x00000000d5580000)
  object space 187904K, 45% used [0x0000000080000000,0x00000000852d8e00,0x000000008b780000)
 Metaspace       used 98478K, capacity 103086K, committed 103192K, reserved 1138688K
  class space    used 12825K, capacity 13767K, committed 13872K, reserved 1048576K
Event: 286.000 GC heap after
Heap after GC invocations=26 (full 4):
 PSYoungGen      total 297472K, used 6990K [0x00000000d5580000, 0x00000000e9a80000, 0x0000000100000000)
  eden space 262144K, 0% used [0x00000000d5580000,0x00000000d5580000,0x00000000e5580000)
  from space 35328K, 19% used [0x00000000e7800000,0x00000000e7ed3938,0x00000000e9a80000)
  to   space 35328K, 0% used [0x00000000e5580000,0x00000000e5580000,0x00000000e7800000)
 ParOldGen       total 187904K, used 84843K [0x0000000080000000, 0x000000008b780000, 0x00000000d5580000)
  object space 187904K, 45% used [0x0000000080000000,0x00000000852dae00,0x000000008b780000)
 Metaspace       used 98478K, capacity 103086K, committed 103192K, reserved 1138688K
  class space    used 12825K, capacity 13767K, committed 13872K, reserved 1048576K
}
Event: 288.266 GC heap before
{Heap before GC invocations=27 (full 4):
 PSYoungGen      total 297472K, used 269134K [0x00000000d5580000, 0x00000000e9a80000, 0x0000000100000000)
  eden space 262144K, 100% used [0x00000000d5580000,0x00000000e5580000,0x00000000e5580000)
  from space 35328K, 19% used [0x00000000e7800000,0x00000000e7ed3938,0x00000000e9a80000)
  to   space 35328K, 0% used [0x00000000e5580000,0x00000000e5580000,0x00000000e7800000)
 ParOldGen       total 187904K, used 84843K [0x0000000080000000, 0x000000008b780000, 0x00000000d5580000)
  object space 187904K, 45% used [0x0000000080000000,0x00000000852dae00,0x000000008b780000)
 Metaspace       used 99529K, capacity 104250K, committed 104600K, reserved 1140736K
  class space    used 12947K, capacity 13883K, committed 14000K, reserved 1048576K
Event: 288.329 GC heap after
Heap after GC invocations=27 (full 4):
 PSYoungGen      total 297472K, used 35325K [0x00000000d5580000, 0x00000000e9a80000, 0x0000000100000000)
  eden space 262144K, 0% used [0x00000000d5580000,0x00000000d5580000,0x00000000e5580000)
  from space 35328K, 99% used [0x00000000e5580000,0x00000000e77ff4f8,0x00000000e7800000)
  to   space 35328K, 0% used [0x00000000e7800000,0x00000000e7800000,0x00000000e9a80000)
 ParOldGen       total 187904K, used 105114K [0x0000000080000000, 0x000000008b780000, 0x00000000d5580000)
  object space 187904K, 55% used [0x0000000080000000,0x00000000866a6990,0x000000008b780000)
 Metaspace       used 99529K, capacity 104250K, committed 104600K, reserved 1140736K
  class space    used 12947K, capacity 13883K, committed 14000K, reserved 1048576K
}

Deoptimization events (10 events):
Event: 289.983 Thread 0x0000000018dae000 Uncommon trap: reason=class_check action=maybe_recompile pc=0x0000000003a7e0e4 method=com.google.common.collect.ImmutableMap.copyOf(Ljava/util/Map;)Lcom/google/common/collect/ImmutableMap; @ 49
Event: 289.983 Thread 0x0000000018dae000 Uncommon trap: reason=class_check action=maybe_recompile pc=0x0000000003a7f068 method=com.google.common.collect.Iterables.castOrCopyToCollection(Ljava/lang/Iterable;)Ljava/util/Collection; @ 1
Event: 289.983 Thread 0x0000000018dae000 Uncommon trap: reason=bimorphic action=maybe_recompile pc=0x0000000002a2f9a8 method=com.google.common.collect.RegularImmutableMap.fromEntryArray(I[Ljava/util/Map$Entry;)Lcom/google/common/collect/ImmutableMap; @ 70
Event: 289.984 Thread 0x0000000018dae000 Uncommon trap: reason=class_check action=maybe_recompile pc=0x0000000003a7e0e4 method=com.google.common.collect.ImmutableMap.copyOf(Ljava/util/Map;)Lcom/google/common/collect/ImmutableMap; @ 49
Event: 289.984 Thread 0x0000000018dae000 Uncommon trap: reason=class_check action=maybe_recompile pc=0x0000000003a7f068 method=com.google.common.collect.Iterables.castOrCopyToCollection(Ljava/lang/Iterable;)Ljava/util/Collection; @ 1
Event: 290.039 Thread 0x0000000018dae000 Uncommon trap: reason=unstable_if action=reinterpret pc=0x0000000005aea210 method=java.util.stream.StreamOpFlag.getMask(I)I @ 1
Event: 290.320 Thread 0x0000000018dae000 Uncommon trap: reason=bimorphic action=maybe_recompile pc=0x0000000002c459f4 method=com.google.common.collect.TransformedIterator.next()Ljava/lang/Object; @ 10
Event: 290.320 Thread 0x0000000018dae000 Uncommon trap: reason=bimorphic action=maybe_recompile pc=0x0000000002c459f4 method=com.google.common.collect.TransformedIterator.next()Ljava/lang/Object; @ 10
Event: 290.857 Thread 0x0000000018dae000 Uncommon trap: reason=unstable_if action=reinterpret pc=0x0000000005187d98 method=org.gradle.internal.operations.DefaultBuildOperationExecutor$3.stop()V @ 61
Event: 290.862 Thread 0x000000001b035800 Uncommon trap: reason=unstable_if action=reinterpret pc=0x0000000005187d98 method=org.gradle.internal.operations.DefaultBuildOperationExecutor$3.stop()V @ 61

Classes redefined (0 events):
No events

Internal exceptions (10 events):
Event: 290.859 Thread 0x000000001fc38800 Exception <a 'java/lang/OutOfMemoryError'> (0x00000000e2fcb2c0) thrown at [C:\src\AOSP-openjdk-git\hotspot\src\share\vm\prims\jni.cpp, line 737]
Event: 290.859 Thread 0x000000001fc3b800 Exception <a 'java/lang/OutOfMemoryError'> (0x00000000e302ab60) thrown at [C:\src\AOSP-openjdk-git\hotspot\src\share\vm\prims\jni.cpp, line 737]
Event: 290.859 Thread 0x000000001fc38800 Exception <a 'java/lang/OutOfMemoryError'> (0x00000000e2fcc0f8) thrown at [C:\src\AOSP-openjdk-git\hotspot\src\share\vm\prims\jni.cpp, line 737]
Event: 290.859 Thread 0x000000001fc3f800 Exception <a 'java/lang/OutOfMemoryError'> (0x00000000e2ffaea0) thrown at [C:\src\AOSP-openjdk-git\hotspot\src\share\vm\prims\jni.cpp, line 737]
Event: 290.860 Thread 0x000000001fc3b800 Exception <a 'java/lang/OutOfMemoryError'> (0x00000000e302b928) thrown at [C:\src\AOSP-openjdk-git\hotspot\src\share\vm\prims\jni.cpp, line 737]
Event: 290.860 Thread 0x000000001fc3f800 Exception <a 'java/lang/OutOfMemoryError'> (0x00000000e2ffbc78) thrown at [C:\src\AOSP-openjdk-git\hotspot\src\share\vm\prims\jni.cpp, line 737]
Event: 290.860 Thread 0x000000001fc38800 Exception <a 'java/lang/OutOfMemoryError'> (0x00000000e2fcd150) thrown at [C:\src\AOSP-openjdk-git\hotspot\src\share\vm\prims\jni.cpp, line 737]
Event: 290.860 Thread 0x000000001fc3b800 Exception <a 'java/lang/OutOfMemoryError'> (0x00000000e302c820) thrown at [C:\src\AOSP-openjdk-git\hotspot\src\share\vm\prims\jni.cpp, line 737]
Event: 290.860 Thread 0x000000001fc3f800 Exception <a 'java/lang/OutOfMemoryError'> (0x00000000e2ffcab0) thrown at [C:\src\AOSP-openjdk-git\hotspot\src\share\vm\prims\jni.cpp, line 737]
Event: 290.862 Thread 0x000000001b035800 Exception <a 'java/lang/reflect/InvocationTargetException'> (0x00000000e13982f0) thrown at [C:\src\AOSP-openjdk-git\hotspot\src\share\vm\runtime\reflection.cpp, line 1092]

Events (10 events):
Event: 290.861 loading class org/gradle/tooling/GradleConnectionException done
Event: 290.862 Thread 0x000000001b035800 Uncommon trap: trap_request=0xffffff65 fr.pc=0x0000000005187d98
Event: 290.862 Thread 0x000000001b035800 DEOPT PACKING pc=0x0000000005187d98 sp=0x000000001c2e9900
Event: 290.862 Thread 0x000000001b035800 DEOPT UNPACKING pc=0x000000000258557b sp=0x000000001c2e9810 mode 2
Event: 290.862 loading class org/gradle/internal/Try
Event: 290.862 loading class org/gradle/internal/Try done
Event: 290.862 loading class org/gradle/internal/Try
Event: 290.862 loading class org/gradle/internal/Try done
Event: 290.862 loading class org/gradle/internal/execution/Result
Event: 290.862 loading class org/gradle/internal/execution/Result done


Dynamic libraries:
0x00007ff7b62b0000 - 0x00007ff7b62e1000 	C:\Program Files\Android\Android Studio\jre\bin\java.exe
0x00007fff7fce0000 - 0x00007fff7fed0000 	C:\Windows\SYSTEM32\ntdll.dll
0x00007fff7fa40000 - 0x00007fff7faf2000 	C:\Windows\System32\KERNEL32.DLL
0x00007fff7dae0000 - 0x00007fff7dd84000 	C:\Windows\System32\KERNELBASE.dll
0x00007fff7dee0000 - 0x00007fff7df83000 	C:\Windows\System32\ADVAPI32.dll
0x00007fff7e300000 - 0x00007fff7e39e000 	C:\Windows\System32\msvcrt.dll
0x00007fff7e010000 - 0x00007fff7e0a7000 	C:\Windows\System32\sechost.dll
0x00007fff7e3a0000 - 0x00007fff7e4c0000 	C:\Windows\System32\RPCRT4.dll
0x00007fff7fb00000 - 0x00007fff7fc94000 	C:\Windows\System32\USER32.dll
0x00007fff7d6e0000 - 0x00007fff7d701000 	C:\Windows\System32\win32u.dll
0x00007fff7e2d0000 - 0x00007fff7e2f6000 	C:\Windows\System32\GDI32.dll
0x00007fff7d790000 - 0x00007fff7d925000 	C:\Windows\System32\gdi32full.dll
0x00007fff7cc70000 - 0x00007fff7cd0e000 	C:\Windows\System32\msvcp_win.dll
0x00007fff7d590000 - 0x00007fff7d68a000 	C:\Windows\System32\ucrtbase.dll
0x00007fff76780000 - 0x00007fff76a04000 	C:\Windows\WinSxS\amd64_microsoft.windows.common-controls_6595b64144ccf1df_6.0.18362.900_none_e6beb9d913147d17\COMCTL32.dll
0x00007fff7e4c0000 - 0x00007fff7e7f5000 	C:\Windows\System32\combase.dll
0x00007fff7d710000 - 0x00007fff7d790000 	C:\Windows\System32\bcryptPrimitives.dll
0x00007fff7e800000 - 0x00007fff7e82e000 	C:\Windows\System32\IMM32.DLL
0x0000000052860000 - 0x0000000052932000 	C:\Program Files\Android\Android Studio\jre\jre\bin\msvcr100.dll
0x00000000533b0000 - 0x0000000053bfb000 	C:\Program Files\Android\Android Studio\jre\jre\bin\server\jvm.dll
0x00007fff7ded0000 - 0x00007fff7ded8000 	C:\Windows\System32\PSAPI.DLL
0x00007fff78ce0000 - 0x00007fff78cea000 	C:\Windows\SYSTEM32\VERSION.dll
0x00007fff7b040000 - 0x00007fff7b049000 	C:\Windows\SYSTEM32\WSOCK32.dll
0x00007fff7a200000 - 0x00007fff7a224000 	C:\Windows\SYSTEM32\WINMM.dll
0x00007fff7a1d0000 - 0x00007fff7a1fd000 	C:\Windows\SYSTEM32\winmmbase.dll
0x00007fff7d490000 - 0x00007fff7d4da000 	C:\Windows\System32\cfgmgr32.dll
0x00007fff7ec40000 - 0x00007fff7ecaf000 	C:\Windows\System32\WS2_32.dll
0x00007fff79680000 - 0x00007fff7968f000 	C:\Program Files\Android\Android Studio\jre\jre\bin\verify.dll
0x00007fff72240000 - 0x00007fff72269000 	C:\Program Files\Android\Android Studio\jre\jre\bin\java.dll
0x00007fff77610000 - 0x00007fff77626000 	C:\Program Files\Android\Android Studio\jre\jre\bin\zip.dll
0x00007fff7f350000 - 0x00007fff7fa36000 	C:\Windows\System32\SHELL32.dll
0x00007fff7dd90000 - 0x00007fff7de39000 	C:\Windows\System32\shcore.dll
0x00007fff7cd10000 - 0x00007fff7d490000 	C:\Windows\System32\windows.storage.dll
0x00007fff7cbd0000 - 0x00007fff7cbf3000 	C:\Windows\System32\profapi.dll
0x00007fff7cc20000 - 0x00007fff7cc6a000 	C:\Windows\System32\powrprof.dll
0x00007fff7cba0000 - 0x00007fff7cbb0000 	C:\Windows\System32\UMPDC.dll
0x00007fff7eb20000 - 0x00007fff7eb72000 	C:\Windows\System32\shlwapi.dll
0x00007fff7cbb0000 - 0x00007fff7cbc1000 	C:\Windows\System32\kernel.appcore.dll
0x00007fff7d6c0000 - 0x00007fff7d6d7000 	C:\Windows\System32\cryptsp.dll
0x00007fff77310000 - 0x00007fff7732a000 	C:\Program Files\Android\Android Studio\jre\jre\bin\net.dll
0x00007fff7c3b0000 - 0x00007fff7c417000 	C:\Windows\system32\mswsock.dll
0x00007fff6ecb0000 - 0x00007fff6ecc3000 	C:\Program Files\Android\Android Studio\jre\jre\bin\nio.dll
0x00007fff6ee60000 - 0x00007fff6ee86000 	C:\Users\ssoft116\.gradle\native\31\windows-amd64\native-platform.dll
0x00007fff79150000 - 0x00007fff7915d000 	C:\Program Files\Android\Android Studio\jre\jre\bin\management.dll
0x00007fff7bf20000 - 0x00007fff7bf53000 	C:\Windows\system32\rsaenh.dll
0x00007fff7d690000 - 0x00007fff7d6b6000 	C:\Windows\System32\bcrypt.dll
0x00007fff7ca90000 - 0x00007fff7cab5000 	C:\Windows\SYSTEM32\USERENV.dll
0x00007fff7c580000 - 0x00007fff7c58c000 	C:\Windows\SYSTEM32\CRYPTBASE.dll
0x00007fff7c0c0000 - 0x00007fff7c0fa000 	C:\Windows\SYSTEM32\IPHLPAPI.DLL
0x00007fff7eb80000 - 0x00007fff7eb88000 	C:\Windows\System32\NSI.dll
0x00007fff780e0000 - 0x00007fff780f6000 	C:\Windows\SYSTEM32\dhcpcsvc6.DLL
0x00007fff78130000 - 0x00007fff7814c000 	C:\Windows\SYSTEM32\dhcpcsvc.DLL
0x00007fff7c100000 - 0x00007fff7c1cb000 	C:\Windows\SYSTEM32\DNSAPI.dll

VM Arguments:
jvm_args: -Xmx2048m -Dfile.encoding=windows-1252 -Duser.country=US -Duser.language=en -Duser.variant 
java_command: org.gradle.launcher.daemon.bootstrap.GradleDaemon 6.1.1
java_class_path (initial): C:\Users\ssoft116\.gradle\wrapper\dists\gradle-6.1.1-all\cfmwm155h49vnt3hynmlrsdst\gradle-6.1.1\lib\gradle-launcher-6.1.1.jar
Launcher Type: SUN_STANDARD

Environment Variables:
PATH=C:\Windows\system32;C:\Windows;C:\Windows\System32\Wbem;C:\Windows\System32\WindowsPowerShell\v1.0\;C:\Windows\System32\OpenSSH\;C:\Program Files\Git\cmd;C:\Program Files\nodejs\;C:\Users\ssoft116\AppData\Local\Programs\Python\Python38-32\Scripts\;C:\Users\ssoft116\AppData\Local\Programs\Python\Python38-32\;C:\Users\ssoft116\AppData\Local\Microsoft\WindowsApps;C:\Users\ssoft116\AppData\Local\Programs\Microsoft VS Code\bin;C:\Users\ssoft116\AppData\Roaming\npm;C:\Users\ssoft116\AppData\Local\GitHubDesktop\bin
USERNAME=ssoft116
OS=Windows_NT
PROCESSOR_IDENTIFIER=Intel64 Family 6 Model 94 Stepping 3, GenuineIntel



---------------  S Y S T E M  ---------------

OS: Windows 10.0 , 64 bit Build 18362 (10.0.18362.900)

CPU:total 4 (initial active 4) (4 cores per cpu, 1 threads per core) family 6 model 94 stepping 3, cmov, cx8, fxsr, mmx, sse, sse2, sse3, ssse3, sse4.1, sse4.2, popcnt, avx, avx2, aes, clmul, erms, rtm, 3dnowpref, lzcnt, tsc, tscinvbit, bmi1, bmi2, adx

Memory: 4k page, physical 8289836k(479004k free), swap 12480044k(24k free)

vm_info: OpenJDK 64-Bit Server VM (25.242-b01) for windows-amd64 JRE (1.8.0_242-release-1644-b01), built by "builder" with MS VC++ 10.0 (VS2010)

time: Tue Jul 07 16:17:25 2020
timezone: Pacific Standard Time
elapsed time: 290 seconds (0d 0h 4m 50s)

