#
# There is insufficient memory for the Java Runtime Environment to continue.
# Native memory allocation (malloc) failed to allocate 65856 bytes for Chunk::new
# Possible reasons:
#   The system is out of physical RAM or swap space
#   The process is running with CompressedOops enabled, and the Java Heap may be blocking the growth of the native heap
# Possible solutions:
#   Reduce memory load on the system
#   Increase physical memory or swap space
#   Check if swap backing store is full
#   Decrease Java heap size (-Xmx/-Xms)
#   Decrease number of Java threads
#   Decrease Java thread stack sizes (-Xss)
#   Set larger code cache with -XX:ReservedCodeCacheSize=
#   JVM is running with Unscaled Compressed Oops mode in which the Java heap is
#     placed in the first 4GB address space. The Java Heap base address is the
#     maximum limit for the native heap growth. Please use -XX:HeapBaseMinAddress
#     to set the Java Heap base and to place the Java Heap above 4GB virtual address.
# This output file may be truncated or incomplete.
#
#  Out of Memory Error (allocation.cpp:389), pid=9528, tid=0x000000000000225c
#
# JRE version: OpenJDK Runtime Environment (8.0_242-b01) (build 1.8.0_242-release-1644-b01)
# Java VM: OpenJDK 64-Bit Server VM (25.242-b01 mixed mode windows-amd64 compressed oops)
# Failed to write core dump. Minidumps are not enabled by default on client versions of Windows
#

---------------  T H R E A D  ---------------

Current thread (0x000000001758a000):  JavaThread "C2 CompilerThread1" daemon [_thread_in_native, id=8796, stack(0x0000000018cd0000,0x0000000018dd0000)]

Stack: [0x0000000018cd0000,0x0000000018dd0000]
[error occurred during error reporting (printing stack bounds), id 0xc0000005]

Native frames: (J=compiled Java code, j=interpreted, Vv=VM code, C=native code)


Current CompileTask:
C2:  47106 19140       4       java.util.concurrent.ForkJoinPool::scan (416 bytes)


---------------  P R O C E S S  ---------------

Java Threads: ( => current thread )
  0x0000000020df7000 JavaThread "ForkJoinPool.commonPool-worker-0" daemon [_thread_blocked, id=14036, stack(0x0000000025810000,0x0000000025910000)]
  0x0000000020d00000 JavaThread "ForkJoinPool.commonPool-worker-2" daemon [_thread_blocked, id=3172, stack(0x0000000027de0000,0x0000000027ee0000)]
  0x0000000020cff800 JavaThread "ForkJoinPool.commonPool-worker-1" daemon [_thread_blocked, id=3180, stack(0x0000000027ce0000,0x0000000027de0000)]
  0x0000000020cf8800 JavaThread "WorkerExecutor Queue Thread 5" [_thread_in_native, id=1004, stack(0x00000000271e0000,0x00000000272e0000)]
  0x0000000020a4b000 JavaThread "Cache worker for Java compile cache (E:\Projects\EDIAPAY\REZOSCHOOL\Rezoschool\.gradle\6.1.1\javaCompile)" [_thread_blocked, id=10864, stack(0x00000000268e0000,0x00000000269e0000)]
  0x0000000020a48800 JavaThread "Cache worker for Java compile cache (C:\Users\ssoft116\.gradle\caches\6.1.1\javaCompile)" [_thread_blocked, id=13396, stack(0x00000000267e0000,0x00000000268e0000)]
  0x0000000020e04000 JavaThread "stdout" [_thread_in_native, id=6300, stack(0x00000000262e0000,0x00000000263e0000)]
  0x0000000020e02800 JavaThread "stderr" [_thread_in_native, id=12384, stack(0x00000000261e0000,0x00000000262e0000)]
  0x0000000020e01800 JavaThread "stdout" [_thread_in_native, id=12296, stack(0x00000000260e0000,0x00000000261e0000)]
  0x0000000020e01000 JavaThread "stderr" [_thread_in_native, id=6728, stack(0x0000000025fe0000,0x00000000260e0000)]
  0x0000000020e03000 JavaThread "stdout" [_thread_in_native, id=12200, stack(0x0000000025ee0000,0x0000000025fe0000)]
  0x0000000020e00000 JavaThread "stderr" [_thread_in_native, id=3360, stack(0x0000000025de0000,0x0000000025ee0000)]
  0x0000000020dff800 JavaThread "stdout" [_thread_in_native, id=10740, stack(0x0000000025be0000,0x0000000025ce0000)]
  0x0000000020df8000 JavaThread "stderr" [_thread_in_native, id=14084, stack(0x0000000025710000,0x0000000025810000)]
  0x0000000020dfe800 JavaThread "pool-3-thread-1" [_thread_blocked, id=9472, stack(0x0000000025610000,0x0000000025710000)]
  0x0000000020dfe000 JavaThread "WorkerExecutor Queue Thread 4" [_thread_blocked, id=8904, stack(0x00000000259b0000,0x0000000025ab0000)]
  0x0000000020dfc800 JavaThread "WorkerExecutor Queue Thread 2" [_thread_blocked, id=9252, stack(0x0000000025ae0000,0x0000000025be0000)]
  0x0000000020df6800 JavaThread "WorkerExecutor Queue" [_thread_blocked, id=12312, stack(0x0000000025310000,0x0000000025410000)]
  0x0000000020df5800 JavaThread "Cache worker for execution history cache (E:\Projects\EDIAPAY\REZOSCHOOL\Rezoschool\.gradle\6.1.1\executionHistory)" [_thread_blocked, id=14068, stack(0x0000000024da0000,0x0000000024ea0000)]
  0x0000000020df9800 JavaThread "Execution worker for ':' Thread 3" [_thread_blocked, id=560, stack(0x0000000024a40000,0x0000000024b40000)]
  0x000000001af1b000 JavaThread "Execution worker for ':' Thread 2" [_thread_blocked, id=6796, stack(0x0000000024690000,0x0000000024790000)]
  0x000000001af1c000 JavaThread "Execution worker for ':'" [_thread_blocked, id=10556, stack(0x0000000024590000,0x0000000024690000)]
  0x000000001af16800 JavaThread "Cache worker for file content cache (E:\Projects\EDIAPAY\REZOSCHOOL\Rezoschool\.gradle\6.1.1\fileContent)" [_thread_blocked, id=14104, stack(0x0000000024940000,0x0000000024a40000)]
  0x0000000019a7e000 JavaThread "Cache worker for file content cache (C:\Users\ssoft116\.gradle\caches\6.1.1\fileContent)" [_thread_blocked, id=2036, stack(0x0000000024840000,0x0000000024940000)]
  0x0000000019a7d800 JavaThread "Memory manager" [_thread_blocked, id=13776, stack(0x0000000024490000,0x0000000024590000)]
  0x0000000019a7c000 JavaThread "Cache worker for Build Output Cleanup Cache (E:\Projects\EDIAPAY\REZOSCHOOL\Rezoschool\.gradle\buildOutputCleanup)" [_thread_blocked, id=6612, stack(0x0000000024390000,0x0000000024490000)]
  0x0000000019a7c800 JavaThread "Build operations Thread 4" [_thread_blocked, id=13196, stack(0x0000000024290000,0x0000000024390000)]
  0x0000000019a7b000 JavaThread "Build operations Thread 3" [_thread_blocked, id=4520, stack(0x0000000021ed0000,0x0000000021fd0000)]
  0x0000000019a73800 JavaThread "Build operations Thread 2" [_thread_blocked, id=5548, stack(0x0000000021dd0000,0x0000000021ed0000)]
  0x0000000019a7a800 JavaThread "Build operations" [_thread_blocked, id=468, stack(0x0000000021cd0000,0x0000000021dd0000)]
  0x0000000019a79800 JavaThread "Cache worker for cache directory md-rule (C:\Users\ssoft116\.gradle\caches\6.1.1\md-rule)" [_thread_blocked, id=11656, stack(0x0000000021bd0000,0x0000000021cd0000)]
  0x0000000019a79000 JavaThread "Cache worker for cache directory md-supplier (C:\Users\ssoft116\.gradle\caches\6.1.1\md-supplier)" [_thread_blocked, id=3056, stack(0x0000000021ad0000,0x0000000021bd0000)]
  0x0000000019a78000 JavaThread "Cache worker for file hash cache (E:\Projects\EDIAPAY\REZOSCHOOL\Rezoschool\.gradle\6.1.1\fileHashes)" [_thread_blocked, id=4372, stack(0x00000000219d0000,0x0000000021ad0000)]
  0x0000000019a77800 JavaThread "Cache worker for checksums cache (E:\Projects\EDIAPAY\REZOSCHOOL\Rezoschool\.gradle\checksums)" [_thread_blocked, id=7396, stack(0x00000000202f0000,0x00000000203f0000)]
  0x0000000019a6f800 JavaThread "Thread-30" [_thread_blocked, id=5808, stack(0x000000001fcf0000,0x000000001fdf0000)]
  0x0000000019a76800 JavaThread "Stdin handler" [_thread_blocked, id=10064, stack(0x000000001f9f0000,0x000000001faf0000)]
  0x0000000019a6f000 JavaThread "Asynchronous log dispatcher for DefaultDaemonConnection: socket connection from /127.0.0.1:50119 to /127.0.0.1:50146" [_thread_blocked, id=4740, stack(0x000000001cbf0000,0x000000001ccf0000)]
  0x0000000019a71000 JavaThread "Cancel handler" [_thread_blocked, id=5236, stack(0x000000001c9f0000,0x000000001caf0000)]
  0x0000000019a74800 JavaThread "Handler for socket connection from /127.0.0.1:50119 to /127.0.0.1:50146" [_thread_in_native, id=5892, stack(0x000000001c6f0000,0x000000001c7f0000)]
  0x000000001af17800 JavaThread "Cache worker for execution history cache (C:\Users\ssoft116\.gradle\caches\6.1.1\executionHistory)" [_thread_blocked, id=14312, stack(0x000000001fdf0000,0x000000001fef0000)]
  0x000000001af1d800 JavaThread "Cache worker for file hash cache (C:\Users\ssoft116\.gradle\caches\6.1.1\fileHashes)" [_thread_blocked, id=11028, stack(0x000000001d2f0000,0x000000001d3f0000)]
  0x000000001af1a800 JavaThread "File lock request listener" [_thread_in_native, id=8476, stack(0x000000001d1f0000,0x000000001d2f0000)]
  0x000000001af83800 JavaThread "Cache worker for journal cache (C:\Users\ssoft116\.gradle\caches\journal-1)" [_thread_blocked, id=2124, stack(0x000000001d0f0000,0x000000001d1f0000)]
  0x000000001aea1800 JavaThread "Daemon worker" [_thread_blocked, id=2596, stack(0x000000001caf0000,0x000000001cbf0000)]
  0x000000001ae52800 JavaThread "Daemon" [_thread_blocked, id=9616, stack(0x000000001c5f0000,0x000000001c6f0000)]
  0x000000001ae29800 JavaThread "Daemon periodic checks" [_thread_blocked, id=11176, stack(0x000000001c4f0000,0x000000001c5f0000)]
  0x000000001add5800 JavaThread "Incoming local TCP Connector on port 50119" [_thread_in_native, id=5136, stack(0x000000001c2b0000,0x000000001c3b0000)]
  0x000000001ac97800 JavaThread "Daemon health stats" [_thread_blocked, id=3424, stack(0x000000001bc70000,0x000000001bd70000)]
  0x0000000018efb800 JavaThread "Service Thread" daemon [_thread_blocked, id=14060, stack(0x00000000192d0000,0x00000000193d0000)]
  0x000000001758e000 JavaThread "C1 CompilerThread2" daemon [_thread_blocked, id=11724, stack(0x0000000018dd0000,0x0000000018ed0000)]
=>0x000000001758a000 JavaThread "C2 CompilerThread1" daemon [_thread_in_native, id=8796, stack(0x0000000018cd0000,0x0000000018dd0000)]
  0x0000000017583800 JavaThread "C2 CompilerThread0" daemon [_thread_blocked, id=2488, stack(0x0000000018bd0000,0x0000000018cd0000)]
  0x0000000017582000 JavaThread "Attach Listener" daemon [_thread_blocked, id=9812, stack(0x0000000018ad0000,0x0000000018bd0000)]
  0x0000000017581000 JavaThread "Signal Dispatcher" daemon [_thread_blocked, id=13780, stack(0x00000000189d0000,0x0000000018ad0000)]
  0x000000000287b000 JavaThread "Finalizer" daemon [_thread_blocked, id=4236, stack(0x00000000187d0000,0x00000000188d0000)]
  0x0000000017569000 JavaThread "Reference Handler" daemon [_thread_blocked, id=10756, stack(0x00000000186d0000,0x00000000187d0000)]
  0x0000000000f5e000 JavaThread "main" [_thread_blocked, id=6036, stack(0x0000000000e50000,0x0000000000f50000)]

Other Threads:
  0x0000000017546000 VMThread [stack: 0x00000000185d0000,0x00000000186d0000] [id=7888]
  0x00000000175de800 WatcherThread [stack: 0x00000000193d0000,0x00000000194d0000] [id=14316]

VM state:not at safepoint (normal execution)

VM Mutex/Monitor currently owned by a thread: None

OutOfMemory and StackOverflow Exception counts:
OutOfMemoryError java_heap_errors=159

heap address: 0x0000000080000000, size: 2048 MB, Compressed Oops mode: 32-bit
Narrow klass base: 0x0000000000000000, Narrow klass shift: 3
Compressed class space size: 1073741824 Address: 0x0000000100000000

Heap:
 PSYoungGen      total 267776K, used 76276K [0x00000000d5580000, 0x00000000ed680000, 0x0000000100000000)
  eden space 226304K, 33% used [0x00000000d5580000,0x00000000d9ffd370,0x00000000e3280000)
  from space 41472K, 0% used [0x00000000e3280000,0x00000000e3280000,0x00000000e5b00000)
  to   space 60416K, 0% used [0x00000000e9b80000,0x00000000e9b80000,0x00000000ed680000)
 ParOldGen       total 120832K, used 120812K [0x0000000080000000, 0x0000000087600000, 0x00000000d5580000)
  object space 120832K, 99% used [0x0000000080000000,0x00000000875fb2b8,0x0000000087600000)
 Metaspace       used 91292K, capacity 95254K, committed 95896K, reserved 1132544K
  class space    used 11728K, capacity 12535K, committed 12712K, reserved 1048576K

Card table byte_map: [0x0000000011d20000,0x0000000012130000] byte_map_base: 0x0000000011920000

Marking Bits: (ParMarkBitMap*) 0x0000000053b7f030
 Begin Bits: [0x00000000127e0000, 0x00000000147e0000)
 End Bits:   [0x00000000147e0000, 0x00000000167e0000)

Polling page: 0x0000000000a00000

CodeCache: size=245760Kb used=52170Kb max_used=53251Kb free=193589Kb
 bounds [0x0000000002960000, 0x0000000005db0000, 0x0000000011960000]
 total_blobs=16400 nmethods=15521 adapters=791
 compilation: enabled

Compilation events (10 events):
Event: 47.063 Thread 0x000000001758e000 nmethod 19138 0x0000000004419090 code [0x0000000004419200, 0x00000000044194c8]
Event: 47.071 Thread 0x000000001758e000 19139       3       sun.nio.ch.IOUtil::readIntoNativeBuffer (137 bytes)
Event: 47.072 Thread 0x000000001758a000 19140       4       java.util.concurrent.ForkJoinPool::scan (416 bytes)
Event: 47.072 Thread 0x000000001758e000 nmethod 19139 0x0000000004a0bf10 code [0x0000000004a0c0e0, 0x0000000004a0cac8]
Event: 47.074 Thread 0x000000001758e000 19141       3       com.android.signflinger.SignedApk::add (38 bytes)
Event: 47.075 Thread 0x000000001758e000 nmethod 19141 0x000000000517a450 code [0x000000000517a5e0, 0x000000000517a9e8]
Event: 47.075 Thread 0x000000001758e000 19142   !   3       com.android.builder.internal.packaging.SynchronizedArchive::add (50 bytes)
Event: 47.076 Thread 0x000000001758e000 nmethod 19142 0x00000000059770d0 code [0x0000000005977260, 0x00000000059776f8]
Event: 47.085 Thread 0x0000000017583800 19143       4       sun.nio.ch.FileDispatcherImpl::read (8 bytes)
Event: 47.085 Thread 0x0000000017583800 nmethod 19143 0x0000000003f9b650 code [0x0000000003f9b7a0, 0x0000000003f9b828]

GC Heap History (10 events):
Event: 40.261 GC heap before
{Heap before GC invocations=24 (full 3):
 PSYoungGen      total 228352K, used 228338K [0x00000000d5580000, 0x00000000e6c80000, 0x0000000100000000)
  eden space 200192K, 100% used [0x00000000d5580000,0x00000000e1900000,0x00000000e1900000)
  from space 28160K, 99% used [0x00000000e3d80000,0x00000000e58fcae0,0x00000000e5900000)
  to   space 37376K, 0% used [0x00000000e1900000,0x00000000e1900000,0x00000000e3d80000)
 ParOldGen       total 120832K, used 58098K [0x0000000080000000, 0x0000000087600000, 0x00000000d5580000)
  object space 120832K, 48% used [0x0000000080000000,0x00000000838bcab8,0x0000000087600000)
 Metaspace       used 88850K, capacity 93050K, committed 93336K, reserved 1130496K
  class space    used 11504K, capacity 12329K, committed 12456K, reserved 1048576K
Event: 40.294 GC heap after
Heap after GC invocations=24 (full 3):
 PSYoungGen      total 237568K, used 31212K [0x00000000d5580000, 0x00000000e8400000, 0x0000000100000000)
  eden space 200192K, 0% used [0x00000000d5580000,0x00000000d5580000,0x00000000e1900000)
  from space 37376K, 83% used [0x00000000e1900000,0x00000000e377b188,0x00000000e3d80000)
  to   space 40960K, 0% used [0x00000000e5c00000,0x00000000e5c00000,0x00000000e8400000)
 ParOldGen       total 120832K, used 67667K [0x0000000080000000, 0x0000000087600000, 0x00000000d5580000)
  object space 120832K, 56% used [0x0000000080000000,0x0000000084214f80,0x0000000087600000)
 Metaspace       used 88850K, capacity 93050K, committed 93336K, reserved 1130496K
  class space    used 11504K, capacity 12329K, committed 12456K, reserved 1048576K
}
Event: 42.822 GC heap before
{Heap before GC invocations=25 (full 3):
 PSYoungGen      total 237568K, used 231404K [0x00000000d5580000, 0x00000000e8400000, 0x0000000100000000)
  eden space 200192K, 100% used [0x00000000d5580000,0x00000000e1900000,0x00000000e1900000)
  from space 37376K, 83% used [0x00000000e1900000,0x00000000e377b188,0x00000000e3d80000)
  to   space 40960K, 0% used [0x00000000e5c00000,0x00000000e5c00000,0x00000000e8400000)
 ParOldGen       total 120832K, used 67667K [0x0000000080000000, 0x0000000087600000, 0x00000000d5580000)
  object space 120832K, 56% used [0x0000000080000000,0x0000000084214f80,0x0000000087600000)
 Metaspace       used 89683K, capacity 93882K, committed 94104K, reserved 1130496K
  class space    used 11570K, capacity 12417K, committed 12456K, reserved 1048576K
Event: 42.841 GC heap after
Heap after GC invocations=25 (full 3):
 PSYoungGen      total 266752K, used 24176K [0x00000000d5580000, 0x00000000e8380000, 0x0000000100000000)
  eden space 226304K, 0% used [0x00000000d5580000,0x00000000d5580000,0x00000000e3280000)
  from space 40448K, 59% used [0x00000000e5c00000,0x00000000e739c0a0,0x00000000e8380000)
  to   space 41472K, 0% used [0x00000000e3280000,0x00000000e3280000,0x00000000e5b00000)
 ParOldGen       total 120832K, used 67675K [0x0000000080000000, 0x0000000087600000, 0x00000000d5580000)
  object space 120832K, 56% used [0x0000000080000000,0x0000000084216f80,0x0000000087600000)
 Metaspace       used 89683K, capacity 93882K, committed 94104K, reserved 1130496K
  class space    used 11570K, capacity 12417K, committed 12456K, reserved 1048576K
}
Event: 43.994 GC heap before
{Heap before GC invocations=26 (full 3):
 PSYoungGen      total 266752K, used 250480K [0x00000000d5580000, 0x00000000e8380000, 0x0000000100000000)
  eden space 226304K, 100% used [0x00000000d5580000,0x00000000e3280000,0x00000000e3280000)
  from space 40448K, 59% used [0x00000000e5c00000,0x00000000e739c0a0,0x00000000e8380000)
  to   space 41472K, 0% used [0x00000000e3280000,0x00000000e3280000,0x00000000e5b00000)
 ParOldGen       total 120832K, used 67675K [0x0000000080000000, 0x0000000087600000, 0x00000000d5580000)
  object space 120832K, 56% used [0x0000000080000000,0x0000000084216f80,0x0000000087600000)
 Metaspace       used 90646K, capacity 95008K, committed 95256K, reserved 1132544K
  class space    used 11687K, capacity 12550K, committed 12584K, reserved 1048576K
Event: 44.081 GC heap after
Heap after GC invocations=26 (full 3):
 PSYoungGen      total 267776K, used 41469K [0x00000000d5580000, 0x00000000ed680000, 0x0000000100000000)
  eden space 226304K, 0% used [0x00000000d5580000,0x00000000d5580000,0x00000000e3280000)
  from space 41472K, 99% used [0x00000000e3280000,0x00000000e5aff640,0x00000000e5b00000)
  to   space 60416K, 0% used [0x00000000e9b80000,0x00000000e9b80000,0x00000000ed680000)
 ParOldGen       total 120832K, used 101452K [0x0000000080000000, 0x0000000087600000, 0x00000000d5580000)
  object space 120832K, 83% used [0x0000000080000000,0x00000000863131f8,0x0000000087600000)
 Metaspace       used 90646K, capacity 95008K, committed 95256K, reserved 1132544K
  class space    used 11687K, capacity 12550K, committed 12584K, reserved 1048576K
}
Event: 44.081 GC heap before
{Heap before GC invocations=27 (full 4):
 PSYoungGen      total 267776K, used 41469K [0x00000000d5580000, 0x00000000ed680000, 0x0000000100000000)
  eden space 226304K, 0% used [0x00000000d5580000,0x00000000d5580000,0x00000000e3280000)
  from space 41472K, 99% used [0x00000000e3280000,0x00000000e5aff640,0x00000000e5b00000)
  to   space 60416K, 0% used [0x00000000e9b80000,0x00000000e9b80000,0x00000000ed680000)
 ParOldGen       total 120832K, used 101452K [0x0000000080000000, 0x0000000087600000, 0x00000000d5580000)
  object space 120832K, 83% used [0x0000000080000000,0x00000000863131f8,0x0000000087600000)
 Metaspace       used 90646K, capacity 95008K, committed 95256K, reserved 1132544K
  class space    used 11687K, capacity 12550K, committed 12584K, reserved 1048576K
Event: 44.626 GC heap after
Heap after GC invocations=27 (full 4):
 PSYoungGen      total 267776K, used 11755K [0x00000000d5580000, 0x00000000ed680000, 0x0000000100000000)
  eden space 226304K, 0% used [0x00000000d5580000,0x00000000d5580000,0x00000000e3280000)
  from space 41472K, 28% used [0x00000000e3280000,0x00000000e3dfade0,0x00000000e5b00000)
  to   space 60416K, 0% used [0x00000000e9b80000,0x00000000e9b80000,0x00000000ed680000)
 ParOldGen       total 120832K, used 120697K [0x0000000080000000, 0x0000000087600000, 0x00000000d5580000)
  object space 120832K, 99% used [0x0000000080000000,0x00000000875de450,0x0000000087600000)
 Metaspace       used 90425K, capacity 94378K, committed 95256K, reserved 1132544K
  class space    used 11612K, capacity 12419K, committed 12584K, reserved 1048576K
}
Event: 45.596 GC heap before
{Heap before GC invocations=28 (full 5):
 PSYoungGen      total 267776K, used 238059K [0x00000000d5580000, 0x00000000ed680000, 0x0000000100000000)
  eden space 226304K, 100% used [0x00000000d5580000,0x00000000e3280000,0x00000000e3280000)
  from space 41472K, 28% used [0x00000000e3280000,0x00000000e3dfade0,0x00000000e5b00000)
  to   space 60416K, 0% used [0x00000000e9b80000,0x00000000e9b80000,0x00000000ed680000)
 ParOldGen       total 120832K, used 120697K [0x0000000080000000, 0x0000000087600000, 0x00000000d5580000)
  object space 120832K, 99% used [0x0000000080000000,0x00000000875de450,0x0000000087600000)
 Metaspace       used 90561K, capacity 94466K, committed 95256K, reserved 1132544K
  class space    used 11628K, capacity 12427K, committed 12584K, reserved 1048576K
Event: 46.507 GC heap after
Heap after GC invocations=28 (full 5):
 PSYoungGen      total 267776K, used 31633K [0x00000000d5580000, 0x00000000ed680000, 0x0000000100000000)
  eden space 226304K, 13% used [0x00000000d5580000,0x00000000d74646c8,0x00000000e3280000)
  from space 41472K, 0% used [0x00000000e3280000,0x00000000e3280000,0x00000000e5b00000)
  to   space 60416K, 0% used [0x00000000e9b80000,0x00000000e9b80000,0x00000000ed680000)
 ParOldGen       total 120832K, used 120812K [0x0000000080000000, 0x0000000087600000, 0x00000000d5580000)
  object space 120832K, 99% used [0x0000000080000000,0x00000000875fb2b8,0x0000000087600000)
 Metaspace       used 90561K, capacity 94466K, committed 95256K, reserved 1132544K
  class space    used 11628K, capacity 12427K, committed 12584K, reserved 1048576K
}

Deoptimization events (10 events):
Event: 46.735 Thread 0x0000000020cf8800 Uncommon trap: reason=class_check action=maybe_recompile pc=0x0000000002b547c8 method=com.google.common.collect.Maps$3.transform(Ljava/lang/Object;)Ljava/util/Map$Entry; @ 6
Event: 46.735 Thread 0x0000000020cf8800 Uncommon trap: reason=unstable_if action=reinterpret pc=0x0000000003010cf8 method=java.util.HashMap.getNode(ILjava/lang/Object;)Ljava/util/HashMap$Node; @ 84
Event: 46.770 Thread 0x0000000020cf8800 Uncommon trap: reason=unstable_if action=reinterpret pc=0x000000000406d734 method=java.io.BufferedInputStream.fill()V @ 9
Event: 46.781 Thread 0x0000000020cf8800 Uncommon trap: reason=class_check action=maybe_recompile pc=0x0000000003021cd8 method=java.io.DataInputStream.readUnsignedShort()I @ 4
Event: 46.782 Thread 0x0000000020cf8800 Uncommon trap: reason=unstable_if action=reinterpret pc=0x0000000003d4c4c4 method=java.io.BufferedInputStream.read([BII)I @ 31
Event: 46.782 Thread 0x0000000020cf8800 Uncommon trap: reason=class_check action=maybe_recompile pc=0x0000000003021cd8 method=java.io.DataInputStream.readUnsignedShort()I @ 4
Event: 46.797 Thread 0x0000000020cf8800 Uncommon trap: reason=class_check action=maybe_recompile pc=0x000000000429ffd0 method=com.sun.org.apache.xerces.internal.impl.XMLDocumentFragmentScannerImpl.setProperty(Ljava/lang/String;Ljava/lang/Object;)V @ 73
Event: 46.797 Thread 0x0000000020cf8800 Uncommon trap: reason=class_check action=maybe_recompile pc=0x00000000041fc670 method=com.sun.org.apache.xerces.internal.impl.XMLEntityManager.setProperty(Ljava/lang/String;Ljava/lang/Object;)V @ 102
Event: 46.860 Thread 0x0000000020d00000 Uncommon trap: reason=unstable_if action=reinterpret pc=0x0000000004b682c8 method=java.nio.Bits.copyToArray(JLjava/lang/Object;JJJ)V @ 19
Event: 46.872 Thread 0x0000000020cf8800 Uncommon trap: reason=unstable_if action=reinterpret pc=0x00000000034301ec method=sun.nio.ch.IOUtil.readIntoNativeBuffer(Ljava/io/FileDescriptor;Ljava/nio/ByteBuffer;JLsun/nio/ch/NativeDispatcher;)I @ 66

Classes redefined (0 events):
No events

Internal exceptions (10 events):
Event: 47.085 Thread 0x0000000020df7000 Exception <a 'java/lang/OutOfMemoryError'> (0x00000000d9fb39b0) thrown at [C:\src\AOSP-openjdk-git\hotspot\src\share\vm\prims\jni.cpp, line 737]
Event: 47.085 Thread 0x0000000020cff800 Exception <a 'java/lang/OutOfMemoryError'> (0x00000000d9fed6d8) thrown at [C:\src\AOSP-openjdk-git\hotspot\src\share\vm\prims\jni.cpp, line 737]
Event: 47.086 Thread 0x0000000020d00000 Exception <a 'java/lang/OutOfMemoryError'> (0x00000000d9fdf2d8) thrown at [C:\src\AOSP-openjdk-git\hotspot\src\share\vm\prims\jni.cpp, line 737]
Event: 47.086 Thread 0x0000000020d00000 Exception <a 'java/lang/OutOfMemoryError'> (0x00000000d9fe00a0) thrown at [C:\src\AOSP-openjdk-git\hotspot\src\share\vm\prims\jni.cpp, line 737]
Event: 47.086 Thread 0x0000000020df7000 Exception <a 'java/lang/OutOfMemoryError'> (0x00000000d9fb46f8) thrown at [C:\src\AOSP-openjdk-git\hotspot\src\share\vm\prims\jni.cpp, line 737]
Event: 47.086 Thread 0x0000000020cff800 Exception <a 'java/lang/OutOfMemoryError'> (0x00000000d9fee510) thrown at [C:\src\AOSP-openjdk-git\hotspot\src\share\vm\prims\jni.cpp, line 737]
Event: 47.086 Thread 0x0000000020d00000 Exception <a 'java/lang/OutOfMemoryError'> (0x00000000d9fe0e78) thrown at [C:\src\AOSP-openjdk-git\hotspot\src\share\vm\prims\jni.cpp, line 737]
Event: 47.086 Thread 0x0000000020cff800 Exception <a 'java/lang/OutOfMemoryError'> (0x00000000d9fef408) thrown at [C:\src\AOSP-openjdk-git\hotspot\src\share\vm\prims\jni.cpp, line 737]
Event: 47.086 Thread 0x0000000020df7000 Exception <a 'java/lang/OutOfMemoryError'> (0x00000000d9fb5730) thrown at [C:\src\AOSP-openjdk-git\hotspot\src\share\vm\prims\jni.cpp, line 737]
Event: 47.086 Thread 0x0000000020d00000 Exception <a 'java/lang/OutOfMemoryError'> (0x00000000d9fe1cb0) thrown at [C:\src\AOSP-openjdk-git\hotspot\src\share\vm\prims\jni.cpp, line 737]

Events (10 events):
Event: 47.072 loading class sun/misc/JavaIOAccess
Event: 47.085 loading class sun/misc/JavaIOAccess done
Event: 47.085 loading class sun/misc/JavaNetHttpCookieAccess
Event: 47.085 loading class sun/misc/JavaNetHttpCookieAccess done
Event: 47.085 loading class sun/misc/JavaAWTAccess
Event: 47.088 loading class sun/misc/JavaAWTAccess done
Event: 47.088 loading class sun/misc/JavaxCryptoSealedObjectAccess
Event: 47.088 loading class sun/misc/JavaxCryptoSealedObjectAccess done
Event: 47.088 loading class com/google/wireless/android/sdk/stats/GradleBuildProjectMetrics$1
Event: 47.088 loading class com/google/wireless/android/sdk/stats/GradleBuildProjectMetrics$1 done


Dynamic libraries:
0x00007ff7b62b0000 - 0x00007ff7b62e1000 	C:\Program Files\Android\Android Studio\jre\bin\java.exe
0x00007fff7fce0000 - 0x00007fff7fed0000 	C:\Windows\SYSTEM32\ntdll.dll
0x00007fff7fa40000 - 0x00007fff7faf2000 	C:\Windows\System32\KERNEL32.DLL
0x00007fff7dae0000 - 0x00007fff7dd84000 	C:\Windows\System32\KERNELBASE.dll
0x00007fff7dee0000 - 0x00007fff7df83000 	C:\Windows\System32\ADVAPI32.dll
0x00007fff7e300000 - 0x00007fff7e39e000 	C:\Windows\System32\msvcrt.dll
0x00007fff7e010000 - 0x00007fff7e0a7000 	C:\Windows\System32\sechost.dll
0x00007fff7e3a0000 - 0x00007fff7e4c0000 	C:\Windows\System32\RPCRT4.dll
0x00007fff7fb00000 - 0x00007fff7fc94000 	C:\Windows\System32\USER32.dll
0x00007fff7d6e0000 - 0x00007fff7d701000 	C:\Windows\System32\win32u.dll
0x00007fff7e2d0000 - 0x00007fff7e2f6000 	C:\Windows\System32\GDI32.dll
0x00007fff7d790000 - 0x00007fff7d925000 	C:\Windows\System32\gdi32full.dll
0x00007fff7cc70000 - 0x00007fff7cd0e000 	C:\Windows\System32\msvcp_win.dll
0x00007fff7d590000 - 0x00007fff7d68a000 	C:\Windows\System32\ucrtbase.dll
0x00007fff76780000 - 0x00007fff76a04000 	C:\Windows\WinSxS\amd64_microsoft.windows.common-controls_6595b64144ccf1df_6.0.18362.900_none_e6beb9d913147d17\COMCTL32.dll
0x00007fff7e4c0000 - 0x00007fff7e7f5000 	C:\Windows\System32\combase.dll
0x00007fff7d710000 - 0x00007fff7d790000 	C:\Windows\System32\bcryptPrimitives.dll
0x00007fff7e800000 - 0x00007fff7e82e000 	C:\Windows\System32\IMM32.DLL
0x0000000052860000 - 0x0000000052932000 	C:\Program Files\Android\Android Studio\jre\jre\bin\msvcr100.dll
0x00000000533b0000 - 0x0000000053bfb000 	C:\Program Files\Android\Android Studio\jre\jre\bin\server\jvm.dll
0x00007fff7ded0000 - 0x00007fff7ded8000 	C:\Windows\System32\PSAPI.DLL
0x00007fff7b040000 - 0x00007fff7b049000 	C:\Windows\SYSTEM32\WSOCK32.dll
0x00007fff7a200000 - 0x00007fff7a224000 	C:\Windows\SYSTEM32\WINMM.dll
0x00007fff78ce0000 - 0x00007fff78cea000 	C:\Windows\SYSTEM32\VERSION.dll
0x00007fff7a1d0000 - 0x00007fff7a1fd000 	C:\Windows\SYSTEM32\WINMMBASE.dll
0x00007fff7d490000 - 0x00007fff7d4da000 	C:\Windows\System32\cfgmgr32.dll
0x00007fff7ec40000 - 0x00007fff7ecaf000 	C:\Windows\System32\WS2_32.dll
0x00007fff79680000 - 0x00007fff7968f000 	C:\Program Files\Android\Android Studio\jre\jre\bin\verify.dll
0x00007fff72240000 - 0x00007fff72269000 	C:\Program Files\Android\Android Studio\jre\jre\bin\java.dll
0x00007fff77610000 - 0x00007fff77626000 	C:\Program Files\Android\Android Studio\jre\jre\bin\zip.dll
0x00007fff7f350000 - 0x00007fff7fa36000 	C:\Windows\System32\SHELL32.dll
0x00007fff7dd90000 - 0x00007fff7de39000 	C:\Windows\System32\shcore.dll
0x00007fff7cd10000 - 0x00007fff7d490000 	C:\Windows\System32\windows.storage.dll
0x00007fff7cbd0000 - 0x00007fff7cbf3000 	C:\Windows\System32\profapi.dll
0x00007fff7cc20000 - 0x00007fff7cc6a000 	C:\Windows\System32\powrprof.dll
0x00007fff7cba0000 - 0x00007fff7cbb0000 	C:\Windows\System32\UMPDC.dll
0x00007fff7eb20000 - 0x00007fff7eb72000 	C:\Windows\System32\shlwapi.dll
0x00007fff7cbb0000 - 0x00007fff7cbc1000 	C:\Windows\System32\kernel.appcore.dll
0x00007fff7d6c0000 - 0x00007fff7d6d7000 	C:\Windows\System32\cryptsp.dll
0x00007fff77310000 - 0x00007fff7732a000 	C:\Program Files\Android\Android Studio\jre\jre\bin\net.dll
0x00007fff7c3b0000 - 0x00007fff7c417000 	C:\Windows\system32\mswsock.dll
0x00007fff6ecb0000 - 0x00007fff6ecc3000 	C:\Program Files\Android\Android Studio\jre\jre\bin\nio.dll
0x00007fff6ee60000 - 0x00007fff6ee86000 	C:\Users\ssoft116\.gradle\native\31\windows-amd64\native-platform.dll
0x00007fff79150000 - 0x00007fff7915d000 	C:\Program Files\Android\Android Studio\jre\jre\bin\management.dll
0x00007fff7bf20000 - 0x00007fff7bf53000 	C:\Windows\system32\rsaenh.dll
0x00007fff7d690000 - 0x00007fff7d6b6000 	C:\Windows\System32\bcrypt.dll
0x00007fff7ca90000 - 0x00007fff7cab5000 	C:\Windows\SYSTEM32\USERENV.dll
0x00007fff7c580000 - 0x00007fff7c58c000 	C:\Windows\SYSTEM32\CRYPTBASE.dll
0x00007fff7c0c0000 - 0x00007fff7c0fa000 	C:\Windows\SYSTEM32\IPHLPAPI.DLL
0x00007fff7eb80000 - 0x00007fff7eb88000 	C:\Windows\System32\NSI.dll
0x00007fff780e0000 - 0x00007fff780f6000 	C:\Windows\SYSTEM32\dhcpcsvc6.DLL
0x00007fff78130000 - 0x00007fff7814c000 	C:\Windows\SYSTEM32\dhcpcsvc.DLL
0x00007fff7c100000 - 0x00007fff7c1cb000 	C:\Windows\SYSTEM32\DNSAPI.dll
0x00007fff7bbd0000 - 0x00007fff7bc01000 	C:\Windows\SYSTEM32\ntmarta.dll

VM Arguments:
jvm_args: -Xmx2048m -Dfile.encoding=windows-1252 -Duser.country=US -Duser.language=en -Duser.variant 
java_command: org.gradle.launcher.daemon.bootstrap.GradleDaemon 6.1.1
java_class_path (initial): C:\Users\ssoft116\.gradle\wrapper\dists\gradle-6.1.1-all\cfmwm155h49vnt3hynmlrsdst\gradle-6.1.1\lib\gradle-launcher-6.1.1.jar
Launcher Type: SUN_STANDARD

Environment Variables:
PATH=C:\Windows\system32;C:\Windows;C:\Windows\System32\Wbem;C:\Windows\System32\WindowsPowerShell\v1.0\;C:\Windows\System32\OpenSSH\;C:\Program Files\Git\cmd;C:\Program Files\nodejs\;C:\Users\ssoft116\AppData\Local\Programs\Python\Python38-32\Scripts\;C:\Users\ssoft116\AppData\Local\Programs\Python\Python38-32\;C:\Users\ssoft116\AppData\Local\Microsoft\WindowsApps;C:\Users\ssoft116\AppData\Local\Programs\Microsoft VS Code\bin;C:\Users\ssoft116\AppData\Roaming\npm;C:\Users\ssoft116\AppData\Local\GitHubDesktop\bin
USERNAME=ssoft116
OS=Windows_NT
PROCESSOR_IDENTIFIER=Intel64 Family 6 Model 94 Stepping 3, GenuineIntel



---------------  S Y S T E M  ---------------

OS: Windows 10.0 , 64 bit Build 18362 (10.0.18362.900)

CPU:total 4 (initial active 4) (4 cores per cpu, 1 threads per core) family 6 model 94 stepping 3, cmov, cx8, fxsr, mmx, sse, sse2, sse3, ssse3, sse4.1, sse4.2, popcnt, avx, avx2, aes, clmul, erms, rtm, 3dnowpref, lzcnt, tsc, tscinvbit, bmi1, bmi2, adx

Memory: 4k page, physical 8289836k(423024k free), swap 12480044k(3120k free)

vm_info: OpenJDK 64-Bit Server VM (25.242-b01) for windows-amd64 JRE (1.8.0_242-release-1644-b01), built by "builder" with MS VC++ 10.0 (VS2010)

time: Tue Jul 07 16:18:29 2020
timezone: Pacific Standard Time
elapsed time: 47 seconds (0d 0h 0m 47s)

