#
# There is insufficient memory for the Java Runtime Environment to continue.
# Native memory allocation (malloc) failed to allocate 191136 bytes for Chunk::new
# Possible reasons:
#   The system is out of physical RAM or swap space
#   The process is running with CompressedOops enabled, and the Java Heap may be blocking the growth of the native heap
# Possible solutions:
#   Reduce memory load on the system
#   Increase physical memory or swap space
#   Check if swap backing store is full
#   Decrease Java heap size (-Xmx/-Xms)
#   Decrease number of Java threads
#   Decrease Java thread stack sizes (-Xss)
#   Set larger code cache with -XX:ReservedCodeCacheSize=
#   JVM is running with Unscaled Compressed Oops mode in which the Java heap is
#     placed in the first 4GB address space. The Java Heap base address is the
#     maximum limit for the native heap growth. Please use -XX:HeapBaseMinAddress
#     to set the Java Heap base and to place the Java Heap above 4GB virtual address.
# This output file may be truncated or incomplete.
#
#  Out of Memory Error (allocation.cpp:389), pid=13032, tid=0x00000000000008ec
#
# JRE version: OpenJDK Runtime Environment (8.0_242-b01) (build 1.8.0_242-release-1644-b01)
# Java VM: OpenJDK 64-Bit Server VM (25.242-b01 mixed mode windows-amd64 compressed oops)
# Failed to write core dump. Minidumps are not enabled by default on client versions of Windows
#

---------------  T H R E A D  ---------------

Current thread (0x0000000017ef9800):  JavaThread "C2 CompilerThread1" daemon [_thread_in_native, id=2284, stack(0x0000000019660000,0x0000000019760000)]

Stack: [0x0000000019660000,0x0000000019760000]
[error occurred during error reporting (printing stack bounds), id 0xc0000005]

Native frames: (J=compiled Java code, j=interpreted, Vv=VM code, C=native code)


Current CompileTask:
C2:  26000 18784       4       sun.nio.fs.WindowsPathParser::parse (384 bytes)


---------------  P R O C E S S  ---------------

Java Threads: ( => current thread )
  0x00000000214e5000 JavaThread "ForkJoinPool.commonPool-worker-1" daemon [_thread_blocked, id=5560, stack(0x00000000287f0000,0x00000000288f0000)]
  0x00000000214e6800 JavaThread "ForkJoinPool.commonPool-worker-0" daemon [_thread_blocked, id=12140, stack(0x0000000028090000,0x0000000028190000)]
  0x00000000214e7000 JavaThread "ForkJoinPool.commonPool-worker-3" daemon [_thread_blocked, id=2340, stack(0x0000000028ae0000,0x0000000028be0000)]
  0x000000001c0af000 JavaThread "Cache worker for Java compile cache (E:\Projects\EDIAPAY\REZOSCHOOL\Rezoschool\.gradle\6.1.1\javaCompile)" [_thread_blocked, id=10148, stack(0x0000000027f90000,0x0000000028090000)]
  0x000000001c0ad000 JavaThread "Cache worker for Java compile cache (C:\Users\ssoft116\.gradle\caches\6.1.1\javaCompile)" [_thread_blocked, id=10748, stack(0x0000000027e90000,0x0000000027f90000)]
  0x000000001c0ac000 JavaThread "stdout" [_thread_in_native, id=9688, stack(0x0000000027990000,0x0000000027a90000)]
  0x000000001c0a5000 JavaThread "stderr" [_thread_in_native, id=6484, stack(0x0000000027890000,0x0000000027990000)]
  0x000000001c0a3800 JavaThread "WorkerExecutor Queue Thread 4" [_thread_in_native, id=8384, stack(0x00000000271b0000,0x00000000272b0000)]
  0x000000001c0a9000 JavaThread "stdout" [_thread_in_native, id=3916, stack(0x00000000270b0000,0x00000000271b0000)]
  0x000000001c0a6800 JavaThread "stderr" [_thread_in_native, id=9500, stack(0x0000000026db0000,0x0000000026eb0000)]
  0x000000001c0a3000 JavaThread "stdout" [_thread_in_native, id=10596, stack(0x0000000027790000,0x0000000027890000)]
  0x000000001c0a1800 JavaThread "stderr" [_thread_in_native, id=1580, stack(0x0000000027690000,0x0000000027790000)]
  0x000000001c0a7800 JavaThread "WorkerExecutor Queue Thread 3" [_thread_blocked, id=13112, stack(0x0000000026fb0000,0x00000000270b0000)]
  0x000000001c0a8000 JavaThread "pool-2-thread-1" [_thread_blocked, id=5352, stack(0x0000000026eb0000,0x0000000026fb0000)]
  0x000000001c0a4800 JavaThread "WorkerExecutor Queue Thread 2" [_thread_blocked, id=14136, stack(0x0000000027590000,0x0000000027690000)]
  0x00000000222cc000 JavaThread "WorkerExecutor Queue" [_thread_blocked, id=11204, stack(0x00000000269b0000,0x0000000026ab0000)]
  0x00000000222cd000 JavaThread "Cache worker for execution history cache (E:\Projects\EDIAPAY\REZOSCHOOL\Rezoschool\.gradle\6.1.1\executionHistory)" [_thread_blocked, id=13928, stack(0x00000000266b0000,0x00000000267b0000)]
  0x00000000222ca800 JavaThread "Execution worker for ':' Thread 3" [_thread_blocked, id=2476, stack(0x0000000026320000,0x0000000026420000)]
  0x00000000222cb800 JavaThread "Execution worker for ':' Thread 2" [_thread_blocked, id=13400, stack(0x0000000026220000,0x0000000026320000)]
  0x00000000222c9000 JavaThread "Execution worker for ':'" [_thread_blocked, id=13948, stack(0x0000000026120000,0x0000000026220000)]
  0x00000000222c7000 JavaThread "Cache worker for file content cache (E:\Projects\EDIAPAY\REZOSCHOOL\Rezoschool\.gradle\6.1.1\fileContent)" [_thread_blocked, id=10128, stack(0x0000000025b90000,0x0000000025c90000)]
  0x00000000222bf800 JavaThread "Cache worker for file content cache (C:\Users\ssoft116\.gradle\caches\6.1.1\fileContent)" [_thread_blocked, id=8992, stack(0x0000000025a90000,0x0000000025b90000)]
  0x00000000222c6000 JavaThread "Memory manager" [_thread_blocked, id=11716, stack(0x0000000025990000,0x0000000025a90000)]
  0x00000000222c5800 JavaThread "Cache worker for Build Output Cleanup Cache (E:\Projects\EDIAPAY\REZOSCHOOL\Rezoschool\.gradle\buildOutputCleanup)" [_thread_blocked, id=8672, stack(0x0000000023870000,0x0000000023970000)]
  0x00000000222c0000 JavaThread "Build operations Thread 4" [_thread_blocked, id=13480, stack(0x0000000023570000,0x0000000023670000)]
  0x00000000222c3000 JavaThread "Build operations Thread 3" [_thread_blocked, id=12820, stack(0x0000000023470000,0x0000000023570000)]
  0x00000000222c4800 JavaThread "Build operations Thread 2" [_thread_blocked, id=12688, stack(0x0000000023370000,0x0000000023470000)]
  0x00000000222c2800 JavaThread "Build operations" [_thread_blocked, id=7208, stack(0x0000000021e80000,0x0000000021f80000)]
  0x000000001bc3a000 JavaThread "Cache worker for execution history cache (C:\Users\ssoft116\.gradle\caches\6.1.1\executionHistory)" [_thread_blocked, id=11960, stack(0x00000000216b0000,0x00000000217b0000)]
  0x000000001bc3d000 JavaThread "Cache worker for cache directory md-rule (C:\Users\ssoft116\.gradle\caches\6.1.1\md-rule)" [_thread_blocked, id=13540, stack(0x00000000204f0000,0x00000000205f0000)]
  0x000000001bc3e000 JavaThread "Cache worker for cache directory md-supplier (C:\Users\ssoft116\.gradle\caches\6.1.1\md-supplier)" [_thread_blocked, id=7300, stack(0x000000001ff20000,0x0000000020020000)]
  0x000000001bc39800 JavaThread "Cache worker for file hash cache (E:\Projects\EDIAPAY\REZOSCHOOL\Rezoschool\.gradle\6.1.1\fileHashes)" [_thread_blocked, id=12332, stack(0x00000000203f0000,0x00000000204f0000)]
  0x000000001bc3b800 JavaThread "Cache worker for checksums cache (E:\Projects\EDIAPAY\REZOSCHOOL\Rezoschool\.gradle\checksums)" [_thread_blocked, id=3600, stack(0x00000000202f0000,0x00000000203f0000)]
  0x000000001bc3b000 JavaThread "Cache worker for file hash cache (C:\Users\ssoft116\.gradle\caches\6.1.1\fileHashes)" [_thread_blocked, id=2236, stack(0x000000001dc80000,0x000000001dd80000)]
  0x000000001bc40000 JavaThread "File lock request listener" [_thread_in_native, id=8240, stack(0x000000001db80000,0x000000001dc80000)]
  0x000000001a9ee000 JavaThread "Cache worker for journal cache (C:\Users\ssoft116\.gradle\caches\journal-1)" [_thread_blocked, id=13604, stack(0x000000001da80000,0x000000001db80000)]
  0x000000001bb4c000 JavaThread "Thread-9" [_thread_blocked, id=14056, stack(0x000000001d780000,0x000000001d880000)]
  0x000000001bb1c800 JavaThread "Stdin handler" [_thread_blocked, id=12512, stack(0x000000001d680000,0x000000001d780000)]
  0x000000001bb1c000 JavaThread "Asynchronous log dispatcher for DefaultDaemonConnection: socket connection from /127.0.0.1:50231 to /127.0.0.1:50232" [_thread_blocked, id=9832, stack(0x000000001d580000,0x000000001d680000)]
  0x000000001bb45800 JavaThread "Daemon worker" [_thread_blocked, id=7404, stack(0x000000001d480000,0x000000001d580000)]
  0x000000001bb17000 JavaThread "Cancel handler" [_thread_blocked, id=13772, stack(0x000000001d380000,0x000000001d480000)]
  0x000000001bb23000 JavaThread "Handler for socket connection from /127.0.0.1:50231 to /127.0.0.1:50232" [_thread_in_native, id=1020, stack(0x000000001d080000,0x000000001d180000)]
  0x000000001bb22000 JavaThread "Daemon" [_thread_blocked, id=13392, stack(0x000000001cf80000,0x000000001d080000)]
  0x000000001baeb000 JavaThread "Daemon periodic checks" [_thread_blocked, id=14144, stack(0x000000001ce80000,0x000000001cf80000)]
  0x000000001ba79800 JavaThread "Incoming local TCP Connector on port 50231" [_thread_in_native, id=13504, stack(0x000000001cc40000,0x000000001cd40000)]
  0x000000001b9a3000 JavaThread "Daemon health stats" [_thread_blocked, id=14152, stack(0x000000001c600000,0x000000001c700000)]
  0x0000000017f4e800 JavaThread "Service Thread" daemon [_thread_blocked, id=4824, stack(0x0000000019c60000,0x0000000019d60000)]
  0x0000000017efd800 JavaThread "C1 CompilerThread2" daemon [_thread_blocked, id=7700, stack(0x0000000019760000,0x0000000019860000)]
=>0x0000000017ef9800 JavaThread "C2 CompilerThread1" daemon [_thread_in_native, id=2284, stack(0x0000000019660000,0x0000000019760000)]
  0x0000000017ef3800 JavaThread "C2 CompilerThread0" daemon [_thread_blocked, id=11328, stack(0x0000000019560000,0x0000000019660000)]
  0x0000000017ef2000 JavaThread "Attach Listener" daemon [_thread_blocked, id=7456, stack(0x0000000019460000,0x0000000019560000)]
  0x0000000017ef1000 JavaThread "Signal Dispatcher" daemon [_thread_blocked, id=12696, stack(0x0000000019360000,0x0000000019460000)]
  0x000000000326b000 JavaThread "Finalizer" daemon [_thread_blocked, id=12980, stack(0x0000000019160000,0x0000000019260000)]
  0x0000000017ed9000 JavaThread "Reference Handler" daemon [_thread_blocked, id=10312, stack(0x0000000019060000,0x0000000019160000)]
  0x00000000032ce000 JavaThread "main" [_thread_blocked, id=14308, stack(0x0000000003010000,0x0000000003110000)]

Other Threads:
  0x0000000017eb6000 VMThread [stack: 0x0000000018f60000,0x0000000019060000] [id=10896]
  0x0000000019884000 WatcherThread [stack: 0x0000000019d60000,0x0000000019e60000] [id=14300]

VM state:not at safepoint (normal execution)

VM Mutex/Monitor currently owned by a thread: None

OutOfMemory and StackOverflow Exception counts:
OutOfMemoryError java_heap_errors=384

heap address: 0x0000000080000000, size: 2048 MB, Compressed Oops mode: 32-bit
Narrow klass base: 0x0000000000000000, Narrow klass shift: 3
Compressed class space size: 1073741824 Address: 0x0000000100000000

Heap:
 PSYoungGen      total 448512K, used 33023K [0x00000000d5580000, 0x00000000f2a00000, 0x0000000100000000)
  eden space 417280K, 7% used [0x00000000d5580000,0x00000000d75bfee8,0x00000000eed00000)
  from space 31232K, 0% used [0x00000000eed00000,0x00000000eed00000,0x00000000f0b80000)
  to   space 22016K, 0% used [0x00000000f1480000,0x00000000f1480000,0x00000000f2a00000)
 ParOldGen       total 109568K, used 76116K [0x0000000080000000, 0x0000000086b00000, 0x00000000d5580000)
  object space 109568K, 69% used [0x0000000080000000,0x0000000084a553b8,0x0000000086b00000)
 Metaspace       used 87969K, capacity 91862K, committed 91944K, reserved 1128448K
  class space    used 11479K, capacity 12267K, committed 12328K, reserved 1048576K

Card table byte_map: [0x0000000012690000,0x0000000012aa0000] byte_map_base: 0x0000000012290000

Marking Bits: (ParMarkBitMap*) 0x0000000053b7f030
 Begin Bits: [0x0000000013150000, 0x0000000015150000)
 End Bits:   [0x0000000015150000, 0x0000000017150000)

Polling page: 0x0000000000fe0000

CodeCache: size=245760Kb used=51348Kb max_used=51746Kb free=194411Kb
 bounds [0x00000000032d0000, 0x00000000065a0000, 0x00000000122d0000]
 total_blobs=16193 nmethods=15314 adapters=791
 compilation: enabled

Compilation events (10 events):
Event: 25.899 Thread 0x0000000017efd800 18792       3       com.android.builder.internal.packaging.ApkFlinger$writeFile$1::call (8 bytes)
Event: 25.899 Thread 0x0000000017efd800 nmethod 18792 0x0000000003fc1190 code [0x0000000003fc1300, 0x0000000003fc1508]
Event: 25.899 Thread 0x0000000017efd800 18793       3       com.android.builder.internal.packaging.ApkFlinger$writeFile$1::call (114 bytes)
Event: 25.900 Thread 0x0000000017efd800 nmethod 18793 0x0000000003dfe850 code [0x0000000003dfea80, 0x0000000003dff5e8]
Event: 25.904 Thread 0x0000000017efd800 18794       3       sun.nio.fs.WindowsChannelFactory::newFileChannel (130 bytes)
Event: 25.905 Thread 0x0000000017efd800 nmethod 18794 0x00000000047883d0 code [0x00000000047885a0, 0x0000000004788be8]
Event: 25.909 Thread 0x0000000017efd800 18795   !   3       com.android.zipflinger.Compressor::deflate (143 bytes)
Event: 25.910 Thread 0x0000000017efd800 nmethod 18795 0x00000000062b4990 code [0x00000000062b4be0, 0x00000000062b5848]
Event: 25.910 Thread 0x0000000017efd800 18796       3       java.nio.channels.Channels::checkNotNull (37 bytes)
Event: 25.910 Thread 0x0000000017efd800 nmethod 18796 0x00000000063a0350 code [0x00000000063a0540, 0x00000000063a0e68]

GC Heap History (10 events):
Event: 16.408 GC heap before
{Heap before GC invocations=15 (full 3):
 PSYoungGen      total 348160K, used 348145K [0x00000000d5580000, 0x00000000f3300000, 0x0000000100000000)
  eden space 323072K, 100% used [0x00000000d5580000,0x00000000e9100000,0x00000000e9100000)
  from space 25088K, 99% used [0x00000000e9100000,0x00000000ea97c418,0x00000000ea980000)
  to   space 31232K, 0% used [0x00000000f1480000,0x00000000f1480000,0x00000000f3300000)
 ParOldGen       total 109568K, used 41870K [0x0000000080000000, 0x0000000086b00000, 0x00000000d5580000)
  object space 109568K, 38% used [0x0000000080000000,0x00000000828e3910,0x0000000086b00000)
 Metaspace       used 73021K, capacity 76092K, committed 76328K, reserved 1116160K
  class space    used 9796K, capacity 10426K, committed 10536K, reserved 1048576K
Event: 16.438 GC heap after
Heap after GC invocations=15 (full 3):
 PSYoungGen      total 439296K, used 17611K [0x00000000d5580000, 0x00000000f2a00000, 0x0000000100000000)
  eden space 417280K, 0% used [0x00000000d5580000,0x00000000d5580000,0x00000000eed00000)
  from space 22016K, 79% used [0x00000000f1480000,0x00000000f25b2c00,0x00000000f2a00000)
  to   space 31232K, 0% used [0x00000000eed00000,0x00000000eed00000,0x00000000f0b80000)
 ParOldGen       total 109568K, used 65248K [0x0000000080000000, 0x0000000086b00000, 0x00000000d5580000)
  object space 109568K, 59% used [0x0000000080000000,0x0000000083fb8370,0x0000000086b00000)
 Metaspace       used 73021K, capacity 76092K, committed 76328K, reserved 1116160K
  class space    used 9796K, capacity 10426K, committed 10536K, reserved 1048576K
}
Event: 19.804 GC heap before
{Heap before GC invocations=16 (full 3):
 PSYoungGen      total 439296K, used 434891K [0x00000000d5580000, 0x00000000f2a00000, 0x0000000100000000)
  eden space 417280K, 100% used [0x00000000d5580000,0x00000000eed00000,0x00000000eed00000)
  from space 22016K, 79% used [0x00000000f1480000,0x00000000f25b2c00,0x00000000f2a00000)
  to   space 31232K, 0% used [0x00000000eed00000,0x00000000eed00000,0x00000000f0b80000)
 ParOldGen       total 109568K, used 65248K [0x0000000080000000, 0x0000000086b00000, 0x00000000d5580000)
  object space 109568K, 59% used [0x0000000080000000,0x0000000083fb8370,0x0000000086b00000)
 Metaspace       used 82938K, capacity 86720K, committed 86824K, reserved 1124352K
  class space    used 11035K, capacity 11782K, committed 11816K, reserved 1048576K
Event: 19.860 GC heap after
Heap after GC invocations=16 (full 3):
 PSYoungGen      total 448512K, used 31218K [0x00000000d5580000, 0x00000000f2a00000, 0x0000000100000000)
  eden space 417280K, 0% used [0x00000000d5580000,0x00000000d5580000,0x00000000eed00000)
  from space 31232K, 99% used [0x00000000eed00000,0x00000000f0b7c870,0x00000000f0b80000)
  to   space 22016K, 0% used [0x00000000f1480000,0x00000000f1480000,0x00000000f2a00000)
 ParOldGen       total 109568K, used 90725K [0x0000000080000000, 0x0000000086b00000, 0x00000000d5580000)
  object space 109568K, 82% used [0x0000000080000000,0x0000000085899490,0x0000000086b00000)
 Metaspace       used 82938K, capacity 86720K, committed 86824K, reserved 1124352K
  class space    used 11035K, capacity 11782K, committed 11816K, reserved 1048576K
}
Event: 19.860 GC heap before
{Heap before GC invocations=17 (full 4):
 PSYoungGen      total 448512K, used 31218K [0x00000000d5580000, 0x00000000f2a00000, 0x0000000100000000)
  eden space 417280K, 0% used [0x00000000d5580000,0x00000000d5580000,0x00000000eed00000)
  from space 31232K, 99% used [0x00000000eed00000,0x00000000f0b7c870,0x00000000f0b80000)
  to   space 22016K, 0% used [0x00000000f1480000,0x00000000f1480000,0x00000000f2a00000)
 ParOldGen       total 109568K, used 90725K [0x0000000080000000, 0x0000000086b00000, 0x00000000d5580000)
  object space 109568K, 82% used [0x0000000080000000,0x0000000085899490,0x0000000086b00000)
 Metaspace       used 82938K, capacity 86720K, committed 86824K, reserved 1124352K
  class space    used 11035K, capacity 11782K, committed 11816K, reserved 1048576K
Event: 20.076 GC heap after
Heap after GC invocations=17 (full 4):
 PSYoungGen      total 448512K, used 0K [0x00000000d5580000, 0x00000000f2a00000, 0x0000000100000000)
  eden space 417280K, 0% used [0x00000000d5580000,0x00000000d5580000,0x00000000eed00000)
  from space 31232K, 0% used [0x00000000eed00000,0x00000000eed00000,0x00000000f0b80000)
  to   space 22016K, 0% used [0x00000000f1480000,0x00000000f1480000,0x00000000f2a00000)
 ParOldGen       total 109568K, used 96944K [0x0000000080000000, 0x0000000086b00000, 0x00000000d5580000)
  object space 109568K, 88% used [0x0000000080000000,0x0000000085eac298,0x0000000086b00000)
 Metaspace       used 82687K, capacity 86036K, committed 86824K, reserved 1124352K
  class space    used 10951K, capacity 11636K, committed 11816K, reserved 1048576K
}
Event: 23.020 GC heap before
{Heap before GC invocations=18 (full 5):
 PSYoungGen      total 448512K, used 417280K [0x00000000d5580000, 0x00000000f2a00000, 0x0000000100000000)
  eden space 417280K, 100% used [0x00000000d5580000,0x00000000eed00000,0x00000000eed00000)
  from space 31232K, 0% used [0x00000000eed00000,0x00000000eed00000,0x00000000f0b80000)
  to   space 22016K, 0% used [0x00000000f1480000,0x00000000f1480000,0x00000000f2a00000)
 ParOldGen       total 109568K, used 96944K [0x0000000080000000, 0x0000000086b00000, 0x00000000d5580000)
  object space 109568K, 88% used [0x0000000080000000,0x0000000085eac298,0x0000000086b00000)
 Metaspace       used 86822K, capacity 90710K, committed 90792K, reserved 1128448K
  class space    used 11368K, capacity 12125K, committed 12200K, reserved 1048576K
Event: 23.582 GC heap after
Heap after GC invocations=18 (full 5):
 PSYoungGen      total 448512K, used 33356K [0x00000000d5580000, 0x00000000f2a00000, 0x0000000100000000)
  eden space 417280K, 7% used [0x00000000d5580000,0x00000000d76133e0,0x00000000eed00000)
  from space 31232K, 0% used [0x00000000eed00000,0x00000000eed00000,0x00000000f0b80000)
  to   space 22016K, 0% used [0x00000000f1480000,0x00000000f1480000,0x00000000f2a00000)
 ParOldGen       total 109568K, used 109340K [0x0000000080000000, 0x0000000086b00000, 0x00000000d5580000)
  object space 109568K, 99% used [0x0000000080000000,0x0000000086ac7298,0x0000000086b00000)
 Metaspace       used 86753K, capacity 90500K, committed 90792K, reserved 1128448K
  class space    used 11345K, capacity 12084K, committed 12200K, reserved 1048576K
}
Event: 25.496 GC heap before
{Heap before GC invocations=19 (full 6):
 PSYoungGen      total 448512K, used 413847K [0x00000000d5580000, 0x00000000f2a00000, 0x0000000100000000)
  eden space 417280K, 99% used [0x00000000d5580000,0x00000000ee9a5da8,0x00000000eed00000)
  from space 31232K, 0% used [0x00000000eed00000,0x00000000eed00000,0x00000000f0b80000)
  to   space 22016K, 0% used [0x00000000f1480000,0x00000000f1480000,0x00000000f2a00000)
 ParOldGen       total 109568K, used 109340K [0x0000000080000000, 0x0000000086b00000, 0x00000000d5580000)
  object space 109568K, 99% used [0x0000000080000000,0x0000000086ac7298,0x0000000086b00000)
 Metaspace       used 87760K, capacity 91652K, committed 91944K, reserved 1128448K
  class space    used 11460K, capacity 12228K, committed 12328K, reserved 1048576K
Event: 25.633 GC heap after
Heap after GC invocations=19 (full 6):
 PSYoungGen      total 448512K, used 0K [0x00000000d5580000, 0x00000000f2a00000, 0x0000000100000000)
  eden space 417280K, 0% used [0x00000000d5580000,0x00000000d5580000,0x00000000eed00000)
  from space 31232K, 0% used [0x00000000eed00000,0x00000000eed00000,0x00000000f0b80000)
  to   space 22016K, 0% used [0x00000000f1480000,0x00000000f1480000,0x00000000f2a00000)
 ParOldGen       total 109568K, used 76116K [0x0000000080000000, 0x0000000086b00000, 0x00000000d5580000)
  object space 109568K, 69% used [0x0000000080000000,0x0000000084a553b8,0x0000000086b00000)
 Metaspace       used 87760K, capacity 91652K, committed 91944K, reserved 1128448K
  class space    used 11460K, capacity 12228K, committed 12328K, reserved 1048576K
}

Deoptimization events (10 events):
Event: 25.425 Thread 0x000000001c0a3800 Uncommon trap: reason=bimorphic action=maybe_recompile pc=0x0000000003be7730 method=com.google.common.collect.Iterables.toArray(Ljava/lang/Iterable;[Ljava/lang/Object;)[Ljava/lang/Object; @ 7
Event: 25.425 Thread 0x000000001c0a3800 Uncommon trap: reason=bimorphic action=maybe_recompile pc=0x0000000005c7255c method=com.google.common.collect.ImmutableMap.copyOf(Ljava/util/Map;)Lcom/google/common/collect/ImmutableMap; @ 49
Event: 25.425 Thread 0x000000001c0a3800 Uncommon trap: reason=bimorphic action=maybe_recompile pc=0x0000000003be7730 method=com.google.common.collect.Iterables.toArray(Ljava/lang/Iterable;[Ljava/lang/Object;)[Ljava/lang/Object; @ 7
Event: 25.634 Thread 0x000000001c0a3800 Uncommon trap: reason=unstable_if action=reinterpret pc=0x0000000004dd60ac method=java.lang.invoke.MethodType$ConcurrentWeakInternSet$WeakEntry.equals(Ljava/lang/Object;)Z @ 21
Event: 25.634 Thread 0x000000001c0a3800 Uncommon trap: reason=unstable_if action=reinterpret pc=0x0000000005bd0fb0 method=java.lang.invoke.MethodType$ConcurrentWeakInternSet$WeakEntry.equals(Ljava/lang/Object;)Z @ 21
Event: 25.634 Thread 0x0000000017ed9000 Uncommon trap: reason=unstable_if action=reinterpret pc=0x0000000004b05fb8 method=java.lang.ref.Reference.tryHandlePending(Z)Z @ 20
Event: 25.640 Thread 0x000000001c0a3800 Uncommon trap: reason=bimorphic action=maybe_recompile pc=0x0000000006553914 method=com.google.common.collect.TransformedIterator.next()Ljava/lang/Object; @ 10
Event: 25.640 Thread 0x000000001c0a3800 Uncommon trap: reason=bimorphic action=maybe_recompile pc=0x0000000006553914 method=com.google.common.collect.TransformedIterator.next()Ljava/lang/Object; @ 10
Event: 25.642 Thread 0x00000000214e7000 Uncommon trap: reason=unstable_if action=reinterpret pc=0x0000000005b83fac method=java.nio.Bits.copyToArray(JLjava/lang/Object;JJJ)V @ 19
Event: 25.646 Thread 0x000000001c0a3800 Uncommon trap: reason=unstable_if action=reinterpret pc=0x0000000005b85f6c method=sun.nio.ch.IOUtil.readIntoNativeBuffer(Ljava/io/FileDescriptor;Ljava/nio/ByteBuffer;JLsun/nio/ch/NativeDispatcher;)I @ 66

Classes redefined (0 events):
No events

Internal exceptions (10 events):
Event: 25.912 Thread 0x00000000214e6800 Exception <a 'java/lang/OutOfMemoryError'> (0x00000000d7471628) thrown at [C:\src\AOSP-openjdk-git\hotspot\src\share\vm\prims\jni.cpp, line 737]
Event: 25.912 Thread 0x00000000214e7000 Exception <a 'java/lang/OutOfMemoryError'> (0x00000000d7499598) thrown at [C:\src\AOSP-openjdk-git\hotspot\src\share\vm\prims\jni.cpp, line 737]
Event: 25.913 Thread 0x00000000214e7000 Exception <a 'java/lang/OutOfMemoryError'> (0x00000000d749a520) thrown at [C:\src\AOSP-openjdk-git\hotspot\src\share\vm\prims\jni.cpp, line 737]
Event: 25.913 Thread 0x00000000214e5000 Exception <a 'java/lang/OutOfMemoryError'> (0x00000000d73ffb58) thrown at [C:\src\AOSP-openjdk-git\hotspot\src\share\vm\prims\jni.cpp, line 737]
Event: 25.913 Thread 0x00000000214e7000 Exception <a 'java/lang/OutOfMemoryError'> (0x00000000d749b4f8) thrown at [C:\src\AOSP-openjdk-git\hotspot\src\share\vm\prims\jni.cpp, line 737]
Event: 25.913 Thread 0x00000000214e6800 Exception <a 'java/lang/OutOfMemoryError'> (0x00000000d74725b0) thrown at [C:\src\AOSP-openjdk-git\hotspot\src\share\vm\prims\jni.cpp, line 737]
Event: 25.913 Thread 0x00000000214e7000 Exception <a 'java/lang/OutOfMemoryError'> (0x00000000d749c660) thrown at [C:\src\AOSP-openjdk-git\hotspot\src\share\vm\prims\jni.cpp, line 737]
Event: 25.913 Thread 0x00000000214e6800 Exception <a 'java/lang/OutOfMemoryError'> (0x00000000d74733a8) thrown at [C:\src\AOSP-openjdk-git\hotspot\src\share\vm\prims\jni.cpp, line 737]
Event: 25.914 Thread 0x00000000214e7000 Exception <a 'java/lang/OutOfMemoryError'> (0x00000000d749d448) thrown at [C:\src\AOSP-openjdk-git\hotspot\src\share\vm\prims\jni.cpp, line 737]
Event: 25.914 Thread 0x00000000214e6800 Exception <a 'java/lang/OutOfMemoryError'> (0x00000000d7474250) thrown at [C:\src\AOSP-openjdk-git\hotspot\src\share\vm\prims\jni.cpp, line 737]

Events (10 events):
Event: 25.792 Thread 0x0000000017efd800 flushing nmethod 0x00000000063c5d10
Event: 25.792 Thread 0x0000000017efd800 flushing nmethod 0x0000000006404990
Event: 25.836 loading class com/google/common/collect/Maps$IteratorBasedAbstractMap$1
Event: 25.836 loading class com/google/common/collect/Maps$IteratorBasedAbstractMap$1 done
Event: 25.836 loading class com/google/common/collect/HashBiMap$1
Event: 25.836 loading class com/google/common/collect/HashBiMap$1 done
Event: 25.837 loading class com/google/common/collect/HashBiMap$Itr
Event: 25.837 loading class com/google/common/collect/HashBiMap$Itr done
Event: 25.837 loading class com/google/common/collect/HashBiMap$1$MapEntry
Event: 25.837 loading class com/google/common/collect/HashBiMap$1$MapEntry done


Dynamic libraries:
0x00007ff7b62b0000 - 0x00007ff7b62e1000 	C:\Program Files\Android\Android Studio\jre\bin\java.exe
0x00007fff7fce0000 - 0x00007fff7fed0000 	C:\Windows\SYSTEM32\ntdll.dll
0x00007fff7fa40000 - 0x00007fff7faf2000 	C:\Windows\System32\KERNEL32.DLL
0x00007fff7dae0000 - 0x00007fff7dd84000 	C:\Windows\System32\KERNELBASE.dll
0x00007fff7dee0000 - 0x00007fff7df83000 	C:\Windows\System32\ADVAPI32.dll
0x00007fff7e300000 - 0x00007fff7e39e000 	C:\Windows\System32\msvcrt.dll
0x00007fff7e010000 - 0x00007fff7e0a7000 	C:\Windows\System32\sechost.dll
0x00007fff7e3a0000 - 0x00007fff7e4c0000 	C:\Windows\System32\RPCRT4.dll
0x00007fff7fb00000 - 0x00007fff7fc94000 	C:\Windows\System32\USER32.dll
0x00007fff7d6e0000 - 0x00007fff7d701000 	C:\Windows\System32\win32u.dll
0x00007fff7e2d0000 - 0x00007fff7e2f6000 	C:\Windows\System32\GDI32.dll
0x00007fff7d790000 - 0x00007fff7d925000 	C:\Windows\System32\gdi32full.dll
0x00007fff7cc70000 - 0x00007fff7cd0e000 	C:\Windows\System32\msvcp_win.dll
0x00007fff7d590000 - 0x00007fff7d68a000 	C:\Windows\System32\ucrtbase.dll
0x00007fff76780000 - 0x00007fff76a04000 	C:\Windows\WinSxS\amd64_microsoft.windows.common-controls_6595b64144ccf1df_6.0.18362.900_none_e6beb9d913147d17\COMCTL32.dll
0x00007fff7e4c0000 - 0x00007fff7e7f5000 	C:\Windows\System32\combase.dll
0x00007fff7d710000 - 0x00007fff7d790000 	C:\Windows\System32\bcryptPrimitives.dll
0x00007fff7e800000 - 0x00007fff7e82e000 	C:\Windows\System32\IMM32.DLL
0x0000000052860000 - 0x0000000052932000 	C:\Program Files\Android\Android Studio\jre\jre\bin\msvcr100.dll
0x00000000533b0000 - 0x0000000053bfb000 	C:\Program Files\Android\Android Studio\jre\jre\bin\server\jvm.dll
0x00007fff7ded0000 - 0x00007fff7ded8000 	C:\Windows\System32\PSAPI.DLL
0x00007fff7b040000 - 0x00007fff7b049000 	C:\Windows\SYSTEM32\WSOCK32.dll
0x00007fff7a200000 - 0x00007fff7a224000 	C:\Windows\SYSTEM32\WINMM.dll
0x00007fff78ce0000 - 0x00007fff78cea000 	C:\Windows\SYSTEM32\VERSION.dll
0x00007fff7ec40000 - 0x00007fff7ecaf000 	C:\Windows\System32\WS2_32.dll
0x00007fff7a1d0000 - 0x00007fff7a1fd000 	C:\Windows\SYSTEM32\WINMMBASE.dll
0x00007fff7d490000 - 0x00007fff7d4da000 	C:\Windows\System32\cfgmgr32.dll
0x00007fff79680000 - 0x00007fff7968f000 	C:\Program Files\Android\Android Studio\jre\jre\bin\verify.dll
0x00007fff72240000 - 0x00007fff72269000 	C:\Program Files\Android\Android Studio\jre\jre\bin\java.dll
0x00007fff77610000 - 0x00007fff77626000 	C:\Program Files\Android\Android Studio\jre\jre\bin\zip.dll
0x00007fff7f350000 - 0x00007fff7fa36000 	C:\Windows\System32\SHELL32.dll
0x00007fff7dd90000 - 0x00007fff7de39000 	C:\Windows\System32\shcore.dll
0x00007fff7cd10000 - 0x00007fff7d490000 	C:\Windows\System32\windows.storage.dll
0x00007fff7cbd0000 - 0x00007fff7cbf3000 	C:\Windows\System32\profapi.dll
0x00007fff7cc20000 - 0x00007fff7cc6a000 	C:\Windows\System32\powrprof.dll
0x00007fff7cba0000 - 0x00007fff7cbb0000 	C:\Windows\System32\UMPDC.dll
0x00007fff7eb20000 - 0x00007fff7eb72000 	C:\Windows\System32\shlwapi.dll
0x00007fff7cbb0000 - 0x00007fff7cbc1000 	C:\Windows\System32\kernel.appcore.dll
0x00007fff7d6c0000 - 0x00007fff7d6d7000 	C:\Windows\System32\cryptsp.dll
0x00007fff77310000 - 0x00007fff7732a000 	C:\Program Files\Android\Android Studio\jre\jre\bin\net.dll
0x00007fff7c3b0000 - 0x00007fff7c417000 	C:\Windows\system32\mswsock.dll
0x00007fff6ecb0000 - 0x00007fff6ecc3000 	C:\Program Files\Android\Android Studio\jre\jre\bin\nio.dll
0x00007fff6ee60000 - 0x00007fff6ee86000 	C:\Users\ssoft116\.gradle\native\31\windows-amd64\native-platform.dll
0x00007fff79150000 - 0x00007fff7915d000 	C:\Program Files\Android\Android Studio\jre\jre\bin\management.dll
0x00007fff7bf20000 - 0x00007fff7bf53000 	C:\Windows\system32\rsaenh.dll
0x00007fff7d690000 - 0x00007fff7d6b6000 	C:\Windows\System32\bcrypt.dll
0x00007fff7ca90000 - 0x00007fff7cab5000 	C:\Windows\SYSTEM32\USERENV.dll
0x00007fff7c580000 - 0x00007fff7c58c000 	C:\Windows\SYSTEM32\CRYPTBASE.dll
0x00007fff7c0c0000 - 0x00007fff7c0fa000 	C:\Windows\SYSTEM32\IPHLPAPI.DLL
0x00007fff7eb80000 - 0x00007fff7eb88000 	C:\Windows\System32\NSI.dll
0x00007fff780e0000 - 0x00007fff780f6000 	C:\Windows\SYSTEM32\dhcpcsvc6.DLL
0x00007fff78130000 - 0x00007fff7814c000 	C:\Windows\SYSTEM32\dhcpcsvc.DLL
0x00007fff7c100000 - 0x00007fff7c1cb000 	C:\Windows\SYSTEM32\DNSAPI.dll
0x00007fff7bbd0000 - 0x00007fff7bc01000 	C:\Windows\SYSTEM32\ntmarta.dll

VM Arguments:
jvm_args: -Xmx2048m -Dfile.encoding=windows-1252 -Duser.country=US -Duser.language=en -Duser.variant 
java_command: org.gradle.launcher.daemon.bootstrap.GradleDaemon 6.1.1
java_class_path (initial): C:\Users\ssoft116\.gradle\wrapper\dists\gradle-6.1.1-all\cfmwm155h49vnt3hynmlrsdst\gradle-6.1.1\lib\gradle-launcher-6.1.1.jar
Launcher Type: SUN_STANDARD

Environment Variables:
PATH=C:\Windows\system32;C:\Windows;C:\Windows\System32\Wbem;C:\Windows\System32\WindowsPowerShell\v1.0\;C:\Windows\System32\OpenSSH\;C:\Program Files\Git\cmd;C:\Program Files\nodejs\;C:\Users\ssoft116\AppData\Local\Programs\Python\Python38-32\Scripts\;C:\Users\ssoft116\AppData\Local\Programs\Python\Python38-32\;C:\Users\ssoft116\AppData\Local\Microsoft\WindowsApps;C:\Users\ssoft116\AppData\Local\Programs\Microsoft VS Code\bin;C:\Users\ssoft116\AppData\Roaming\npm;C:\Users\ssoft116\AppData\Local\GitHubDesktop\bin
USERNAME=ssoft116
OS=Windows_NT
PROCESSOR_IDENTIFIER=Intel64 Family 6 Model 94 Stepping 3, GenuineIntel



---------------  S Y S T E M  ---------------

OS: Windows 10.0 , 64 bit Build 18362 (10.0.18362.900)

CPU:total 4 (initial active 4) (4 cores per cpu, 1 threads per core) family 6 model 94 stepping 3, cmov, cx8, fxsr, mmx, sse, sse2, sse3, ssse3, sse4.1, sse4.2, popcnt, avx, avx2, aes, clmul, erms, rtm, 3dnowpref, lzcnt, tsc, tscinvbit, bmi1, bmi2, adx

Memory: 4k page, physical 8289836k(466716k free), swap 12480044k(2368k free)

vm_info: OpenJDK 64-Bit Server VM (25.242-b01) for windows-amd64 JRE (1.8.0_242-release-1644-b01), built by "builder" with MS VC++ 10.0 (VS2010)

time: Tue Jul 07 16:19:19 2020
timezone: Pacific Standard Time
elapsed time: 26 seconds (0d 0h 0m 26s)

