#
# There is insufficient memory for the Java Runtime Environment to continue.
# Native memory allocation (malloc) failed to allocate 51136 bytes for Chunk::new
# Possible reasons:
#   The system is out of physical RAM or swap space
#   The process is running with CompressedOops enabled, and the Java Heap may be blocking the growth of the native heap
# Possible solutions:
#   Reduce memory load on the system
#   Increase physical memory or swap space
#   Check if swap backing store is full
#   Decrease Java heap size (-Xmx/-Xms)
#   Decrease number of Java threads
#   Decrease Java thread stack sizes (-Xss)
#   Set larger code cache with -XX:ReservedCodeCacheSize=
#   JVM is running with Unscaled Compressed Oops mode in which the Java heap is
#     placed in the first 4GB address space. The Java Heap base address is the
#     maximum limit for the native heap growth. Please use -XX:HeapBaseMinAddress
#     to set the Java Heap base and to place the Java Heap above 4GB virtual address.
# This output file may be truncated or incomplete.
#
#  Out of Memory Error (allocation.cpp:389), pid=5884, tid=0x0000000000001538
#
# JRE version: OpenJDK Runtime Environment (8.0_242-b01) (build 1.8.0_242-release-1644-b01)
# Java VM: OpenJDK 64-Bit Server VM (25.242-b01 mixed mode windows-amd64 compressed oops)
# Failed to write core dump. Minidumps are not enabled by default on client versions of Windows
#

---------------  T H R E A D  ---------------

Current thread (0x0000000017f43800):  JavaThread "C2 CompilerThread0" daemon [_thread_in_native, id=5432, stack(0x00000000195b0000,0x00000000196b0000)]

Stack: [0x00000000195b0000,0x00000000196b0000]
[error occurred during error reporting (printing stack bounds), id 0xc0000005]

Native frames: (J=compiled Java code, j=interpreted, Vv=VM code, C=native code)


Current CompileTask:
C2:  27351 17413       4       java.lang.StringBuilder::append (9 bytes)


---------------  P R O C E S S  ---------------

Java Threads: ( => current thread )
  0x0000000021425800 JavaThread "WorkerExecutor Queue Thread 8" [_thread_blocked, id=8124, stack(0x00000000270b0000,0x00000000271b0000)]
  0x000000002141f000 JavaThread "ForkJoinPool.commonPool-worker-3" daemon [_thread_in_native, id=12040, stack(0x00000000299f0000,0x0000000029af0000)]
  0x0000000021424000 JavaThread "ForkJoinPool.commonPool-worker-2" daemon [_thread_in_native, id=10840, stack(0x00000000298f0000,0x00000000299f0000)]
  0x0000000021423800 JavaThread "ForkJoinPool.commonPool-worker-1" daemon [_thread_in_native, id=10968, stack(0x0000000028470000,0x0000000028570000)]
  0x000000002141f800 JavaThread "WorkerExecutor Queue Thread 7" [_thread_blocked, id=10892, stack(0x0000000027440000,0x0000000027540000)]
  0x000000001bc7e800 JavaThread "WorkerExecutor Queue Thread 6" [_thread_blocked, id=12928, stack(0x0000000026cb0000,0x0000000026db0000)]
  0x000000001e564800 JavaThread "Cache worker for Java compile cache (E:\Projects\EDIAPAY\REZOSCHOOL\Rezoschool\.gradle\6.1.1\javaCompile)" [_thread_blocked, id=6628, stack(0x0000000028370000,0x0000000028470000)]
  0x000000001e56a800 JavaThread "Cache worker for Java compile cache (C:\Users\ssoft116\.gradle\caches\6.1.1\javaCompile)" [_thread_blocked, id=4812, stack(0x0000000028270000,0x0000000028370000)]
  0x000000001e565800 JavaThread "WorkerExecutor Queue Thread 5" [_thread_blocked, id=6196, stack(0x0000000027f70000,0x0000000028070000)]
  0x000000001e56a000 JavaThread "stdout" [_thread_in_native, id=7728, stack(0x0000000027c70000,0x0000000027d70000)]
  0x000000001e568800 JavaThread "stderr" [_thread_in_native, id=10096, stack(0x0000000027b70000,0x0000000027c70000)]
  0x000000001e56b800 JavaThread "stdout" [_thread_in_native, id=864, stack(0x0000000027a70000,0x0000000027b70000)]
  0x000000001e566000 JavaThread "stderr" [_thread_in_native, id=12828, stack(0x0000000027970000,0x0000000027a70000)]
  0x000000001f237000 JavaThread "stdout" [_thread_in_native, id=10536, stack(0x0000000027550000,0x0000000027650000)]
  0x000000001f234800 JavaThread "stderr" [_thread_in_native, id=4724, stack(0x0000000027230000,0x0000000027330000)]
  0x000000001f231800 JavaThread "stdout" [_thread_in_native, id=11832, stack(0x0000000027870000,0x0000000027970000)]
  0x000000001f233000 JavaThread "stderr" [_thread_in_native, id=6080, stack(0x0000000027770000,0x0000000027870000)]
  0x000000001f235800 JavaThread "pool-3-thread-1" [_thread_blocked, id=11296, stack(0x0000000027670000,0x0000000027770000)]
  0x000000001f231000 JavaThread "WorkerExecutor Queue Thread 4" [_thread_blocked, id=10424, stack(0x0000000027340000,0x0000000027440000)]
  0x000000001bc7d800 JavaThread "Cache worker for execution history cache (E:\Projects\EDIAPAY\REZOSCHOOL\Rezoschool\.gradle\6.1.1\executionHistory)" [_thread_blocked, id=13068, stack(0x00000000269b0000,0x0000000026ab0000)]
  0x000000001bc7d000 JavaThread "Execution worker for ':' Thread 3" [_thread_in_Java, id=1152, stack(0x00000000268b0000,0x00000000269b0000)]
  0x000000001bc7c000 JavaThread "Execution worker for ':' Thread 2" [_thread_blocked, id=11012, stack(0x00000000267b0000,0x00000000268b0000)]
  0x000000001e377800 JavaThread "Execution worker for ':'" [_thread_blocked, id=12032, stack(0x00000000266b0000,0x00000000267b0000)]
  0x000000001e376000 JavaThread "Cache worker for file content cache (E:\Projects\EDIAPAY\REZOSCHOOL\Rezoschool\.gradle\6.1.1\fileContent)" [_thread_blocked, id=8572, stack(0x00000000261b0000,0x00000000262b0000)]
  0x000000001e374800 JavaThread "Cache worker for file content cache (C:\Users\ssoft116\.gradle\caches\6.1.1\fileContent)" [_thread_blocked, id=1920, stack(0x00000000260b0000,0x00000000261b0000)]
  0x000000001e379800 JavaThread "Memory manager" [_thread_blocked, id=11228, stack(0x0000000025fb0000,0x00000000260b0000)]
  0x000000001e378000 JavaThread "Cache worker for Build Output Cleanup Cache (E:\Projects\EDIAPAY\REZOSCHOOL\Rezoschool\.gradle\buildOutputCleanup)" [_thread_blocked, id=8956, stack(0x0000000025eb0000,0x0000000025fb0000)]
  0x000000001e375000 JavaThread "Build operations Thread 4" [_thread_blocked, id=12228, stack(0x0000000025db0000,0x0000000025eb0000)]
  0x000000001e379000 JavaThread "Build operations Thread 3" [_thread_blocked, id=3804, stack(0x00000000257f0000,0x00000000258f0000)]
  0x000000001e373800 JavaThread "Build operations Thread 2" [_thread_blocked, id=11504, stack(0x0000000023ac0000,0x0000000023bc0000)]
  0x000000001e376800 JavaThread "Build operations" [_thread_blocked, id=10300, stack(0x00000000235c0000,0x00000000236c0000)]
  0x000000001e36d800 JavaThread "Cache worker for cache directory md-rule (C:\Users\ssoft116\.gradle\caches\6.1.1\md-rule)" [_thread_blocked, id=7536, stack(0x0000000021ee0000,0x0000000021fe0000)]
  0x000000001e371800 JavaThread "Cache worker for cache directory md-supplier (C:\Users\ssoft116\.gradle\caches\6.1.1\md-supplier)" [_thread_blocked, id=11184, stack(0x0000000020570000,0x0000000020670000)]
  0x000000001e36c000 JavaThread "Cache worker for file hash cache (E:\Projects\EDIAPAY\REZOSCHOOL\Rezoschool\.gradle\6.1.1\fileHashes)" [_thread_blocked, id=6036, stack(0x0000000020470000,0x0000000020570000)]
  0x000000001e36e800 JavaThread "Cache worker for checksums cache (E:\Projects\EDIAPAY\REZOSCHOOL\Rezoschool\.gradle\checksums)" [_thread_blocked, id=10528, stack(0x0000000020370000,0x0000000020470000)]
  0x000000001e36d000 JavaThread "Thread-30" [_thread_blocked, id=13200, stack(0x0000000020270000,0x0000000020370000)]
  0x000000001e373000 JavaThread "Stdin handler" [_thread_blocked, id=8364, stack(0x000000001ff70000,0x0000000020070000)]
  0x000000001e370800 JavaThread "Asynchronous log dispatcher for DefaultDaemonConnection: socket connection from /127.0.0.1:53329 to /127.0.0.1:53369" [_thread_blocked, id=12688, stack(0x000000001d7d0000,0x000000001d8d0000)]
  0x000000001e36b000 JavaThread "Cancel handler" [_thread_blocked, id=10564, stack(0x000000001d3d0000,0x000000001d4d0000)]
  0x000000001e370000 JavaThread "Handler for socket connection from /127.0.0.1:53329 to /127.0.0.1:53369" [_thread_in_native, id=10908, stack(0x000000001d0d0000,0x000000001d1d0000)]
  0x000000001bc7a800 JavaThread "Cache worker for execution history cache (C:\Users\ssoft116\.gradle\caches\6.1.1\executionHistory)" [_thread_blocked, id=11244, stack(0x0000000021710000,0x0000000021810000)]
  0x000000001bc7a000 JavaThread "Cache worker for file hash cache (C:\Users\ssoft116\.gradle\caches\6.1.1\fileHashes)" [_thread_blocked, id=612, stack(0x000000001dcd0000,0x000000001ddd0000)]
  0x000000001bc7b800 JavaThread "File lock request listener" [_thread_in_native, id=4852, stack(0x000000001dbd0000,0x000000001dcd0000)]
  0x000000001bc9d000 JavaThread "Cache worker for journal cache (C:\Users\ssoft116\.gradle\caches\journal-1)" [_thread_blocked, id=4276, stack(0x000000001dad0000,0x000000001dbd0000)]
  0x000000001bb40000 JavaThread "Daemon worker" [_thread_blocked, id=5064, stack(0x000000001d4d0000,0x000000001d5d0000)]
  0x000000001bb03800 JavaThread "Daemon" [_thread_blocked, id=10688, stack(0x000000001cfd0000,0x000000001d0d0000)]
  0x000000001bb0d800 JavaThread "Daemon periodic checks" [_thread_blocked, id=11884, stack(0x000000001ced0000,0x000000001cfd0000)]
  0x000000001ba96000 JavaThread "Incoming local TCP Connector on port 53329" [_thread_in_native, id=12372, stack(0x000000001cc90000,0x000000001cd90000)]
  0x000000001ba4e000 JavaThread "Daemon health stats" [_thread_blocked, id=4484, stack(0x000000001c650000,0x000000001c750000)]
  0x0000000017f9e800 JavaThread "Service Thread" daemon [_thread_blocked, id=10664, stack(0x0000000019cb0000,0x0000000019db0000)]
  0x0000000017f4d000 JavaThread "C1 CompilerThread2" daemon [_thread_in_vm, id=9768, stack(0x00000000197b0000,0x00000000198b0000)]
  0x0000000017f49800 JavaThread "C2 CompilerThread1" daemon [_thread_in_native, id=12168, stack(0x00000000196b0000,0x00000000197b0000)]
=>0x0000000017f43800 JavaThread "C2 CompilerThread0" daemon [_thread_in_native, id=5432, stack(0x00000000195b0000,0x00000000196b0000)]
  0x0000000017f42000 JavaThread "Attach Listener" daemon [_thread_blocked, id=6228, stack(0x00000000194b0000,0x00000000195b0000)]
  0x0000000017f41000 JavaThread "Signal Dispatcher" daemon [_thread_blocked, id=1124, stack(0x00000000193b0000,0x00000000194b0000)]
  0x000000000325b000 JavaThread "Finalizer" daemon [_thread_blocked, id=8528, stack(0x00000000191b0000,0x00000000192b0000)]
  0x0000000017f29000 JavaThread "Reference Handler" daemon [_thread_blocked, id=4068, stack(0x00000000190b0000,0x00000000191b0000)]
  0x000000000331e000 JavaThread "main" [_thread_blocked, id=7948, stack(0x0000000003040000,0x0000000003140000)]

Other Threads:
  0x0000000017f06000 VMThread [stack: 0x0000000018fb0000,0x00000000190b0000] [id=7732]
  0x00000000198d8800 WatcherThread [stack: 0x0000000019db0000,0x0000000019eb0000] [id=6804]

VM state:not at safepoint (normal execution)

VM Mutex/Monitor currently owned by a thread: None

OutOfMemory and StackOverflow Exception counts:
OutOfMemoryError java_heap_errors=313

heap address: 0x0000000080000000, size: 2048 MB, Compressed Oops mode: 32-bit
Narrow klass base: 0x0000000000000000, Narrow klass shift: 3
Compressed class space size: 1073741824 Address: 0x0000000100000000

Heap:
 PSYoungGen      total 466432K, used 387775K [0x00000000d5580000, 0x00000000fb880000, 0x0000000100000000)
  eden space 432640K, 83% used [0x00000000d5580000,0x00000000eb705ac0,0x00000000efc00000)
  from space 33792K, 76% used [0x00000000efc00000,0x00000000f152a198,0x00000000f1d00000)
  to   space 35840K, 0% used [0x00000000f9580000,0x00000000f9580000,0x00000000fb880000)
 ParOldGen       total 102400K, used 71912K [0x0000000080000000, 0x0000000086400000, 0x00000000d5580000)
  object space 102400K, 70% used [0x0000000080000000,0x000000008463a260,0x0000000086400000)
 Metaspace       used 90185K, capacity 94374K, committed 94504K, reserved 1130496K
  class space    used 11682K, capacity 12494K, committed 12584K, reserved 1048576K

Card table byte_map: [0x00000000126e0000,0x0000000012af0000] byte_map_base: 0x00000000122e0000

Marking Bits: (ParMarkBitMap*) 0x0000000067c3f030
 Begin Bits: [0x00000000131a0000, 0x00000000151a0000)
 End Bits:   [0x00000000151a0000, 0x00000000171a0000)

Polling page: 0x0000000001a00000

CodeCache: size=245760Kb used=47907Kb max_used=49443Kb free=197852Kb
 bounds [0x0000000003320000, 0x00000000063a0000, 0x0000000012320000]
 total_blobs=15283 nmethods=14401 adapters=794
 compilation: enabled

Compilation events (10 events):
Event: 27.348 Thread 0x0000000017f4d000 17410   !   3       java.util.concurrent.ForkJoinTask$AdaptedCallable::exec (31 bytes)
Event: 27.348 Thread 0x0000000017f4d000 nmethod 17410 0x00000000051f1b90 code [0x00000000051f1d00, 0x00000000051f2058]
Event: 27.348 Thread 0x0000000017f49800 nmethod 17409 0x00000000059e5f90 code [0x00000000059e6100, 0x00000000059e64e8]
Event: 27.349 Thread 0x0000000017f43800 17411       4       java.lang.String::valueOf (14 bytes)
Event: 27.349 Thread 0x0000000017f49800 17412       4       java.io.StringWriter::write (10 bytes)
Event: 27.349 Thread 0x0000000017f43800 nmethod 17411 0x0000000005a04710 code [0x0000000005a04840, 0x0000000005a048b8]
Event: 27.349 Thread 0x0000000017f43800 17413       4       java.lang.StringBuilder::append (9 bytes)
Event: 27.350 Thread 0x0000000017f4d000 17414       3       java.io.PrintWriter::ensureOpen (18 bytes)
Event: 27.350 Thread 0x0000000017f4d000 nmethod 17414 0x000000000519ae50 code [0x000000000519afc0, 0x000000000519b208]
Event: 27.350 Thread 0x0000000017f4d000 17416       1       java.lang.StackTraceElement::getClassName (5 bytes)

GC Heap History (10 events):
Event: 7.580 GC heap before
{Heap before GC invocations=12 (full 2):
 PSYoungGen      total 257024K, used 49003K [0x00000000d5580000, 0x00000000ec600000, 0x0000000100000000)
  eden space 242176K, 14% used [0x00000000d5580000,0x00000000d76e1b88,0x00000000e4200000)
  from space 14848K, 99% used [0x00000000e4200000,0x00000000e5079320,0x00000000e5080000)
  to   space 22528K, 0% used [0x00000000eb000000,0x00000000eb000000,0x00000000ec600000)
 ParOldGen       total 71680K, used 30187K [0x0000000080000000, 0x0000000084600000, 0x00000000d5580000)
  object space 71680K, 42% used [0x0000000080000000,0x0000000081d7aeb0,0x0000000084600000)
 Metaspace       used 57164K, capacity 59078K, committed 59160K, reserved 1099776K
  class space    used 7631K, capacity 8094K, committed 8104K, reserved 1048576K
Event: 7.600 GC heap after
Heap after GC invocations=12 (full 2):
 PSYoungGen      total 353280K, used 16728K [0x00000000d5580000, 0x00000000ed480000, 0x0000000100000000)
  eden space 330752K, 0% used [0x00000000d5580000,0x00000000d5580000,0x00000000e9880000)
  from space 22528K, 74% used [0x00000000eb000000,0x00000000ec0560d8,0x00000000ec600000)
  to   space 24064K, 0% used [0x00000000e9880000,0x00000000e9880000,0x00000000eb000000)
 ParOldGen       total 71680K, used 30195K [0x0000000080000000, 0x0000000084600000, 0x00000000d5580000)
  object space 71680K, 42% used [0x0000000080000000,0x0000000081d7ceb0,0x0000000084600000)
 Metaspace       used 57164K, capacity 59078K, committed 59160K, reserved 1099776K
  class space    used 7631K, capacity 8094K, committed 8104K, reserved 1048576K
}
Event: 7.600 GC heap before
{Heap before GC invocations=13 (full 3):
 PSYoungGen      total 353280K, used 16728K [0x00000000d5580000, 0x00000000ed480000, 0x0000000100000000)
  eden space 330752K, 0% used [0x00000000d5580000,0x00000000d5580000,0x00000000e9880000)
  from space 22528K, 74% used [0x00000000eb000000,0x00000000ec0560d8,0x00000000ec600000)
  to   space 24064K, 0% used [0x00000000e9880000,0x00000000e9880000,0x00000000eb000000)
 ParOldGen       total 71680K, used 30195K [0x0000000080000000, 0x0000000084600000, 0x00000000d5580000)
  object space 71680K, 42% used [0x0000000080000000,0x0000000081d7ceb0,0x0000000084600000)
 Metaspace       used 57164K, capacity 59078K, committed 59160K, reserved 1099776K
  class space    used 7631K, capacity 8094K, committed 8104K, reserved 1048576K
Event: 7.834 GC heap after
Heap after GC invocations=13 (full 3):
 PSYoungGen      total 353280K, used 0K [0x00000000d5580000, 0x00000000ed480000, 0x0000000100000000)
  eden space 330752K, 0% used [0x00000000d5580000,0x00000000d5580000,0x00000000e9880000)
  from space 22528K, 0% used [0x00000000eb000000,0x00000000eb000000,0x00000000ec600000)
  to   space 24064K, 0% used [0x00000000e9880000,0x00000000e9880000,0x00000000eb000000)
 ParOldGen       total 102400K, used 30140K [0x0000000080000000, 0x0000000086400000, 0x00000000d5580000)
  object space 102400K, 29% used [0x0000000080000000,0x0000000081d6f2c8,0x0000000086400000)
 Metaspace       used 57162K, capacity 59072K, committed 59160K, reserved 1099776K
  class space    used 7630K, capacity 8093K, committed 8104K, reserved 1048576K
}
Event: 17.410 GC heap before
{Heap before GC invocations=14 (full 3):
 PSYoungGen      total 353280K, used 330752K [0x00000000d5580000, 0x00000000ed480000, 0x0000000100000000)
  eden space 330752K, 100% used [0x00000000d5580000,0x00000000e9880000,0x00000000e9880000)
  from space 22528K, 0% used [0x00000000eb000000,0x00000000eb000000,0x00000000ec600000)
  to   space 24064K, 0% used [0x00000000e9880000,0x00000000e9880000,0x00000000eb000000)
 ParOldGen       total 102400K, used 30140K [0x0000000080000000, 0x0000000086400000, 0x00000000d5580000)
  object space 102400K, 29% used [0x0000000080000000,0x0000000081d6f2c8,0x0000000086400000)
 Metaspace       used 65883K, capacity 68512K, committed 68776K, reserved 1107968K
  class space    used 8787K, capacity 9337K, committed 9384K, reserved 1048576K
Event: 17.437 GC heap after
Heap after GC invocations=14 (full 3):
 PSYoungGen      total 354816K, used 24060K [0x00000000d5580000, 0x00000000f4000000, 0x0000000100000000)
  eden space 330752K, 0% used [0x00000000d5580000,0x00000000d5580000,0x00000000e9880000)
  from space 24064K, 99% used [0x00000000e9880000,0x00000000eafff310,0x00000000eb000000)
  to   space 29696K, 0% used [0x00000000f2300000,0x00000000f2300000,0x00000000f4000000)
 ParOldGen       total 102400K, used 36328K [0x0000000080000000, 0x0000000086400000, 0x00000000d5580000)
  object space 102400K, 35% used [0x0000000080000000,0x000000008237a2a0,0x0000000086400000)
 Metaspace       used 65883K, capacity 68512K, committed 68776K, reserved 1107968K
  class space    used 8787K, capacity 9337K, committed 9384K, reserved 1048576K
}
Event: 21.638 GC heap before
{Heap before GC invocations=15 (full 3):
 PSYoungGen      total 354816K, used 354812K [0x00000000d5580000, 0x00000000f4000000, 0x0000000100000000)
  eden space 330752K, 100% used [0x00000000d5580000,0x00000000e9880000,0x00000000e9880000)
  from space 24064K, 99% used [0x00000000e9880000,0x00000000eafff310,0x00000000eb000000)
  to   space 29696K, 0% used [0x00000000f2300000,0x00000000f2300000,0x00000000f4000000)
 ParOldGen       total 102400K, used 36328K [0x0000000080000000, 0x0000000086400000, 0x00000000d5580000)
  object space 102400K, 35% used [0x0000000080000000,0x000000008237a2a0,0x0000000086400000)
 Metaspace       used 77191K, capacity 80154K, committed 80424K, reserved 1118208K
  class space    used 10047K, capacity 10674K, committed 10792K, reserved 1048576K
Event: 21.675 GC heap after
Heap after GC invocations=15 (full 3):
 PSYoungGen      total 459264K, used 27236K [0x00000000d5580000, 0x00000000f3e00000, 0x0000000100000000)
  eden space 431616K, 0% used [0x00000000d5580000,0x00000000d5580000,0x00000000efb00000)
  from space 27648K, 98% used [0x00000000f2300000,0x00000000f3d990e0,0x00000000f3e00000)
  to   space 33792K, 0% used [0x00000000efc00000,0x00000000efc00000,0x00000000f1d00000)
 ParOldGen       total 102400K, used 59540K [0x0000000080000000, 0x0000000086400000, 0x00000000d5580000)
  object space 102400K, 58% used [0x0000000080000000,0x0000000083a251f8,0x0000000086400000)
 Metaspace       used 77191K, capacity 80154K, committed 80424K, reserved 1118208K
  class space    used 10047K, capacity 10674K, committed 10792K, reserved 1048576K
}
Event: 24.964 GC heap before
{Heap before GC invocations=16 (full 3):
 PSYoungGen      total 459264K, used 458673K [0x00000000d5580000, 0x00000000f3e00000, 0x0000000100000000)
  eden space 431616K, 99% used [0x00000000d5580000,0x00000000efad3648,0x00000000efb00000)
  from space 27648K, 98% used [0x00000000f2300000,0x00000000f3d990e0,0x00000000f3e00000)
  to   space 33792K, 0% used [0x00000000efc00000,0x00000000efc00000,0x00000000f1d00000)
 ParOldGen       total 102400K, used 59540K [0x0000000080000000, 0x0000000086400000, 0x00000000d5580000)
  object space 102400K, 58% used [0x0000000080000000,0x0000000083a251f8,0x0000000086400000)
 Metaspace       used 87943K, capacity 91956K, committed 92200K, reserved 1128448K
  class space    used 11413K, capacity 12219K, committed 12328K, reserved 1048576K
Event: 25.031 GC heap after
Heap after GC invocations=16 (full 3):
 PSYoungGen      total 466432K, used 25768K [0x00000000d5580000, 0x00000000fb880000, 0x0000000100000000)
  eden space 432640K, 0% used [0x00000000d5580000,0x00000000d5580000,0x00000000efc00000)
  from space 33792K, 76% used [0x00000000efc00000,0x00000000f152a198,0x00000000f1d00000)
  to   space 35840K, 0% used [0x00000000f9580000,0x00000000f9580000,0x00000000fb880000)
 ParOldGen       total 102400K, used 71912K [0x0000000080000000, 0x0000000086400000, 0x00000000d5580000)
  object space 102400K, 70% used [0x0000000080000000,0x000000008463a260,0x0000000086400000)
 Metaspace       used 87943K, capacity 91956K, committed 92200K, reserved 1128448K
  class space    used 11413K, capacity 12219K, committed 12328K, reserved 1048576K
}

Deoptimization events (10 events):
Event: 26.991 Thread 0x000000001bc7e800 Uncommon trap: reason=class_check action=maybe_recompile pc=0x0000000005b5c694 method=com.google.common.base.Objects.equal(Ljava/lang/Object;Ljava/lang/Object;)Z @ 11
Event: 26.991 Thread 0x000000001bc7e800 Uncommon trap: reason=class_check action=maybe_recompile pc=0x0000000005b5c694 method=com.google.common.base.Objects.equal(Ljava/lang/Object;Ljava/lang/Object;)Z @ 11
Event: 26.991 Thread 0x000000001bc7e800 Uncommon trap: reason=class_check action=maybe_recompile pc=0x0000000005b5c694 method=com.google.common.base.Objects.equal(Ljava/lang/Object;Ljava/lang/Object;)Z @ 11
Event: 26.992 Thread 0x000000001bc7e800 Uncommon trap: reason=bimorphic action=maybe_recompile pc=0x0000000004ea7294 method=com.google.common.collect.ImmutableMap.copyOf(Ljava/util/Map;)Lcom/google/common/collect/ImmutableMap; @ 49
Event: 27.039 Thread 0x0000000021423800 Uncommon trap: reason=unstable_if action=reinterpret pc=0x0000000004801368 method=java.nio.Bits.copyToArray(JLjava/lang/Object;JJJ)V @ 19
Event: 27.048 Thread 0x000000001bc7e800 Uncommon trap: reason=bimorphic action=maybe_recompile pc=0x0000000003937794 method=com.google.common.collect.TransformedIterator.next()Ljava/lang/Object; @ 10
Event: 27.048 Thread 0x000000001bc7e800 Uncommon trap: reason=bimorphic action=maybe_recompile pc=0x0000000003937794 method=com.google.common.collect.TransformedIterator.next()Ljava/lang/Object; @ 10
Event: 27.051 Thread 0x000000001bc7e800 Uncommon trap: reason=unstable_if action=reinterpret pc=0x0000000004206dac method=sun.nio.ch.IOUtil.readIntoNativeBuffer(Ljava/io/FileDescriptor;Ljava/nio/ByteBuffer;JLsun/nio/ch/NativeDispatcher;)I @ 66
Event: 27.318 Thread 0x000000001bc7d000 Uncommon trap: reason=class_check action=maybe_recompile pc=0x0000000003958d40 method=java.lang.Throwable.<init>(Ljava/lang/String;Ljava/lang/Throwable;)V @ 24
Event: 27.319 Thread 0x000000001bc7d000 Uncommon trap: reason=class_check action=maybe_recompile pc=0x0000000003958d40 method=java.lang.Throwable.<init>(Ljava/lang/String;Ljava/lang/Throwable;)V @ 24

Classes redefined (0 events):
No events

Internal exceptions (10 events):
Event: 27.348 Thread 0x0000000021423800 Exception <a 'java/lang/OutOfMemoryError'> (0x00000000eb478368) thrown at [C:\src\AOSP-openjdk-git\hotspot\src\share\vm\prims\jni.cpp, line 737]
Event: 27.348 Thread 0x0000000021424000 Exception <a 'java/lang/OutOfMemoryError'> (0x00000000eb532a88) thrown at [C:\src\AOSP-openjdk-git\hotspot\src\share\vm\prims\jni.cpp, line 737]
Event: 27.349 Thread 0x0000000021423800 Exception <a 'java/lang/OutOfMemoryError'> (0x00000000eb4794d0) thrown at [C:\src\AOSP-openjdk-git\hotspot\src\share\vm\prims\jni.cpp, line 737]
Event: 27.349 Thread 0x000000002141f000 Exception <a 'java/lang/OutOfMemoryError'> (0x00000000eb4d1138) thrown at [C:\src\AOSP-openjdk-git\hotspot\src\share\vm\prims\jni.cpp, line 737]
Event: 27.349 Thread 0x0000000021424000 Exception <a 'java/lang/OutOfMemoryError'> (0x00000000eb533be0) thrown at [C:\src\AOSP-openjdk-git\hotspot\src\share\vm\prims\jni.cpp, line 737]
Event: 27.349 Thread 0x0000000021424000 Exception <a 'java/lang/OutOfMemoryError'> (0x00000000eb534c68) thrown at [C:\src\AOSP-openjdk-git\hotspot\src\share\vm\prims\jni.cpp, line 737]
Event: 27.349 Thread 0x000000002141f000 Exception <a 'java/lang/OutOfMemoryError'> (0x00000000eb4d1f30) thrown at [C:\src\AOSP-openjdk-git\hotspot\src\share\vm\prims\jni.cpp, line 737]
Event: 27.349 Thread 0x000000002141f000 Exception <a 'java/lang/OutOfMemoryError'> (0x00000000eb4d2df8) thrown at [C:\src\AOSP-openjdk-git\hotspot\src\share\vm\prims\jni.cpp, line 737]
Event: 27.350 Thread 0x0000000021424000 Exception <a 'java/lang/OutOfMemoryError'> (0x00000000eb535a80) thrown at [C:\src\AOSP-openjdk-git\hotspot\src\share\vm\prims\jni.cpp, line 737]
Event: 27.350 Thread 0x0000000021424000 Exception <a 'java/lang/OutOfMemoryError'> (0x00000000eb536898) thrown at [C:\src\AOSP-openjdk-git\hotspot\src\share\vm\prims\jni.cpp, line 737]

Events (10 events):
Event: 27.347 loading class org/gradle/internal/execution/history/changes/ChangeDetectorVisitor
Event: 27.347 loading class org/gradle/internal/execution/history/changes/ChangeDetectorVisitor done
Event: 27.348 loading class org/gradle/internal/build/event/types/DefaultFailure
Event: 27.348 loading class org/gradle/internal/build/event/types/DefaultFailure done
Event: 27.348 loading class org/gradle/tooling/internal/protocol/InternalFailure
Event: 27.348 loading class org/gradle/tooling/internal/protocol/InternalFailure done
Event: 27.349 loading class java/lang/Throwable$WrappedPrintWriter
Event: 27.349 loading class java/lang/Throwable$PrintStreamOrWriter
Event: 27.349 loading class java/lang/Throwable$PrintStreamOrWriter done
Event: 27.349 loading class java/lang/Throwable$WrappedPrintWriter done


Dynamic libraries:
0x00007ff7a2d60000 - 0x00007ff7a2d91000 	C:\Program Files\Android\Android Studio\jre\bin\java.exe
0x00007ffa77d60000 - 0x00007ffa77f50000 	C:\Windows\SYSTEM32\ntdll.dll
0x00007ffa778a0000 - 0x00007ffa77952000 	C:\Windows\System32\KERNEL32.DLL
0x00007ffa74e70000 - 0x00007ffa75113000 	C:\Windows\System32\KERNELBASE.dll
0x00007ffa76a50000 - 0x00007ffa76af3000 	C:\Windows\System32\ADVAPI32.dll
0x00007ffa76700000 - 0x00007ffa7679e000 	C:\Windows\System32\msvcrt.dll
0x00007ffa77bd0000 - 0x00007ffa77c67000 	C:\Windows\System32\sechost.dll
0x00007ffa76b00000 - 0x00007ffa76c20000 	C:\Windows\System32\RPCRT4.dll
0x00007ffa77960000 - 0x00007ffa77af4000 	C:\Windows\System32\USER32.dll
0x00007ffa74d10000 - 0x00007ffa74d31000 	C:\Windows\System32\win32u.dll
0x00007ffa77320000 - 0x00007ffa77346000 	C:\Windows\System32\GDI32.dll
0x00007ffa75a80000 - 0x00007ffa75c14000 	C:\Windows\System32\gdi32full.dll
0x00007ffa75d70000 - 0x00007ffa75e0e000 	C:\Windows\System32\msvcp_win.dll
0x00007ffa75180000 - 0x00007ffa7527a000 	C:\Windows\System32\ucrtbase.dll
0x00007ffa6a770000 - 0x00007ffa6a9f5000 	C:\Windows\WinSxS\amd64_microsoft.windows.common-controls_6595b64144ccf1df_6.0.18362.476_none_e6c4b11b130f2595\COMCTL32.dll
0x00007ffa75f60000 - 0x00007ffa76296000 	C:\Windows\System32\combase.dll
0x00007ffa75280000 - 0x00007ffa75300000 	C:\Windows\System32\bcryptPrimitives.dll
0x00007ffa77c80000 - 0x00007ffa77cae000 	C:\Windows\System32\IMM32.DLL
0x0000000066620000 - 0x00000000666f2000 	C:\Program Files\Android\Android Studio\jre\jre\bin\msvcr100.dll
0x0000000067470000 - 0x0000000067cbb000 	C:\Program Files\Android\Android Studio\jre\jre\bin\server\jvm.dll
0x00007ffa77c70000 - 0x00007ffa77c78000 	C:\Windows\System32\PSAPI.DLL
0x00007ffa59ab0000 - 0x00007ffa59ab9000 	C:\Windows\SYSTEM32\WSOCK32.dll
0x00007ffa72ac0000 - 0x00007ffa72ae4000 	C:\Windows\SYSTEM32\WINMM.dll
0x00007ffa6bc00000 - 0x00007ffa6bc0a000 	C:\Windows\SYSTEM32\VERSION.dll
0x00007ffa77cb0000 - 0x00007ffa77d1f000 	C:\Windows\System32\WS2_32.dll
0x00007ffa72a90000 - 0x00007ffa72abd000 	C:\Windows\SYSTEM32\WINMMBASE.dll
0x00007ffa74d70000 - 0x00007ffa74dba000 	C:\Windows\System32\cfgmgr32.dll
0x00007ffa715c0000 - 0x00007ffa715cf000 	C:\Program Files\Android\Android Studio\jre\jre\bin\verify.dll
0x00007ffa64ac0000 - 0x00007ffa64ae9000 	C:\Program Files\Android\Android Studio\jre\jre\bin\java.dll
0x00007ffa71530000 - 0x00007ffa71546000 	C:\Program Files\Android\Android Studio\jre\jre\bin\zip.dll
0x00007ffa76c30000 - 0x00007ffa77315000 	C:\Windows\System32\SHELL32.dll
0x00007ffa765f0000 - 0x00007ffa76699000 	C:\Windows\System32\shcore.dll
0x00007ffa75300000 - 0x00007ffa75a7e000 	C:\Windows\System32\windows.storage.dll
0x00007ffa74cd0000 - 0x00007ffa74cef000 	C:\Windows\System32\profapi.dll
0x00007ffa74c60000 - 0x00007ffa74caa000 	C:\Windows\System32\powrprof.dll
0x00007ffa74c30000 - 0x00007ffa74c40000 	C:\Windows\System32\UMPDC.dll
0x00007ffa76890000 - 0x00007ffa768e2000 	C:\Windows\System32\shlwapi.dll
0x00007ffa74c40000 - 0x00007ffa74c51000 	C:\Windows\System32\kernel.appcore.dll
0x00007ffa74cf0000 - 0x00007ffa74d07000 	C:\Windows\System32\cryptsp.dll
0x00007ffa6a150000 - 0x00007ffa6a16a000 	C:\Program Files\Android\Android Studio\jre\jre\bin\net.dll
0x00007ffa744a0000 - 0x00007ffa74507000 	C:\Windows\system32\mswsock.dll
0x00007ffa649b0000 - 0x00007ffa649c3000 	C:\Program Files\Android\Android Studio\jre\jre\bin\nio.dll
0x00007ffa64a60000 - 0x00007ffa64a86000 	C:\Users\ssoft116\.gradle\native\31\windows-amd64\native-platform.dll
0x00007ffa715b0000 - 0x00007ffa715bd000 	C:\Program Files\Android\Android Studio\jre\jre\bin\management.dll
0x00007ffa73fb0000 - 0x00007ffa73fe3000 	C:\Windows\system32\rsaenh.dll
0x00007ffa74d40000 - 0x00007ffa74d66000 	C:\Windows\System32\bcrypt.dll
0x00007ffa74b20000 - 0x00007ffa74b45000 	C:\Windows\SYSTEM32\USERENV.dll
0x00007ffa74670000 - 0x00007ffa7467c000 	C:\Windows\SYSTEM32\CRYPTBASE.dll
0x00007ffa741b0000 - 0x00007ffa741ea000 	C:\Windows\SYSTEM32\IPHLPAPI.DLL
0x00007ffa77890000 - 0x00007ffa77898000 	C:\Windows\System32\NSI.dll
0x00007ffa6bbd0000 - 0x00007ffa6bbe6000 	C:\Windows\SYSTEM32\dhcpcsvc6.DLL
0x00007ffa6bbb0000 - 0x00007ffa6bbcc000 	C:\Windows\SYSTEM32\dhcpcsvc.DLL
0x00007ffa741f0000 - 0x00007ffa742ba000 	C:\Windows\SYSTEM32\DNSAPI.dll
0x00007ffa73c90000 - 0x00007ffa73cc1000 	C:\Windows\SYSTEM32\ntmarta.dll

VM Arguments:
jvm_args: -Xmx2048m -Dfile.encoding=windows-1252 -Duser.country=US -Duser.language=en -Duser.variant 
java_command: org.gradle.launcher.daemon.bootstrap.GradleDaemon 6.1.1
java_class_path (initial): C:\Users\ssoft116\.gradle\wrapper\dists\gradle-6.1.1-all\cfmwm155h49vnt3hynmlrsdst\gradle-6.1.1\lib\gradle-launcher-6.1.1.jar
Launcher Type: SUN_STANDARD

Environment Variables:
PATH=C:\Windows\system32;C:\Windows;C:\Windows\System32\Wbem;C:\Windows\System32\WindowsPowerShell\v1.0\;C:\Windows\System32\OpenSSH\;C:\Program Files\Git\cmd;C:\Program Files\nodejs\;C:\Users\ssoft116\AppData\Local\Programs\Python\Python38-32\Scripts\;C:\Users\ssoft116\AppData\Local\Programs\Python\Python38-32\;C:\Users\ssoft116\AppData\Local\Microsoft\WindowsApps;;C:\Users\ssoft116\AppData\Local\Programs\Microsoft VS Code\bin;C:\Users\ssoft116\AppData\Roaming\npm
USERNAME=ssoft116
OS=Windows_NT
PROCESSOR_IDENTIFIER=Intel64 Family 6 Model 94 Stepping 3, GenuineIntel



---------------  S Y S T E M  ---------------

OS: Windows 10.0 , 64 bit Build 18362 (10.0.18362.329)

CPU:total 4 (initial active 4) (4 cores per cpu, 1 threads per core) family 6 model 94 stepping 3, cmov, cx8, fxsr, mmx, sse, sse2, sse3, ssse3, sse4.1, sse4.2, popcnt, avx, avx2, aes, clmul, erms, rtm, 3dnowpref, lzcnt, tsc, tscinvbit, bmi1, bmi2, adx

Memory: 4k page, physical 8289836k(547780k free), swap 12480044k(3104k free)

vm_info: OpenJDK 64-Bit Server VM (25.242-b01) for windows-amd64 JRE (1.8.0_242-release-1644-b01), built by "builder" with MS VC++ 10.0 (VS2010)

time: Wed Jun 17 14:25:14 2020
timezone: Pacific Daylight Time
elapsed time: 27 seconds (0d 0h 0m 27s)

