#
# There is insufficient memory for the Java Runtime Environment to continue.
# Native memory allocation (malloc) failed to allocate 1897184 bytes for Chunk::new
# Possible reasons:
#   The system is out of physical RAM or swap space
#   The process is running with CompressedOops enabled, and the Java Heap may be blocking the growth of the native heap
# Possible solutions:
#   Reduce memory load on the system
#   Increase physical memory or swap space
#   Check if swap backing store is full
#   Decrease Java heap size (-Xmx/-Xms)
#   Decrease number of Java threads
#   Decrease Java thread stack sizes (-Xss)
#   Set larger code cache with -XX:ReservedCodeCacheSize=
#   JVM is running with Unscaled Compressed Oops mode in which the Java heap is
#     placed in the first 4GB address space. The Java Heap base address is the
#     maximum limit for the native heap growth. Please use -XX:HeapBaseMinAddress
#     to set the Java Heap base and to place the Java Heap above 4GB virtual address.
# This output file may be truncated or incomplete.
#
#  Out of Memory Error (allocation.cpp:389), pid=4544, tid=0x0000000000002f04
#
# JRE version: OpenJDK Runtime Environment (8.0_242-b01) (build 1.8.0_242-release-1644-b01)
# Java VM: OpenJDK 64-Bit Server VM (25.242-b01 mixed mode windows-amd64 compressed oops)
# Failed to write core dump. Minidumps are not enabled by default on client versions of Windows
#

---------------  T H R E A D  ---------------

Current thread (0x0000000017a84800):  JavaThread "C2 CompilerThread0" daemon [_thread_in_native, id=12036, stack(0x00000000190e0000,0x00000000191e0000)]

Stack: [0x00000000190e0000,0x00000000191e0000]
[error occurred during error reporting (printing stack bounds), id 0xc0000005]

Native frames: (J=compiled Java code, j=interpreted, Vv=VM code, C=native code)


Current CompileTask:
C2:  17400 16279 % !   4       com.android.tools.r8.dex.r::b @ 409 (2682 bytes)


---------------  P R O C E S S  ---------------

Java Threads: ( => current thread )
  0x000000001e099800 JavaThread "ForkJoinPool-4-worker-0" daemon [_thread_blocked, id=12228, stack(0x0000000028cf0000,0x0000000028df0000)]
  0x000000001e09d800 JavaThread "ForkJoinPool-4-worker-3" daemon [_thread_blocked, id=3804, stack(0x0000000028bf0000,0x0000000028cf0000)]
  0x000000001e095000 JavaThread "ForkJoinPool-4-worker-2" daemon [_thread_blocked, id=10300, stack(0x0000000028af0000,0x0000000028bf0000)]
  0x000000001e09c000 JavaThread "ForkJoinPool-4-worker-1" daemon [_thread_blocked, id=8956, stack(0x00000000284f0000,0x00000000285f0000)]
  0x0000000020b01000 JavaThread "ForkJoinPool.commonPool-worker-3" daemon [_thread_blocked, id=11504, stack(0x00000000285f0000,0x00000000286f0000)]
  0x000000001b868800 JavaThread "ForkJoinPool.commonPool-worker-1" daemon [_thread_blocked, id=11184, stack(0x00000000283f0000,0x00000000284f0000)]
  0x000000001b867000 JavaThread "WorkerExecutor Queue Thread 5" [_thread_in_Java, id=7536, stack(0x0000000027c80000,0x0000000027d80000)]
  0x000000001b865800 JavaThread "Cache worker for Java compile cache (E:\Projects\EDIAPAY\REZOSCHOOL\Rezoschool\.gradle\6.1.1\javaCompile)" [_thread_blocked, id=13200, stack(0x0000000027980000,0x0000000027a80000)]
  0x000000001b864800 JavaThread "Cache worker for Java compile cache (C:\Users\ssoft116\.gradle\caches\6.1.1\javaCompile)" [_thread_blocked, id=8812, stack(0x0000000027880000,0x0000000027980000)]
  0x000000001b85e800 JavaThread "stdout" [_thread_in_native, id=12828, stack(0x0000000027380000,0x0000000027480000)]
  0x000000001b864000 JavaThread "stderr" [_thread_in_native, id=6036, stack(0x0000000027280000,0x0000000027380000)]
  0x000000001b85c000 JavaThread "stdout" [_thread_in_native, id=10528, stack(0x0000000027180000,0x0000000027280000)]
  0x000000001b85d800 JavaThread "stderr" [_thread_in_native, id=12688, stack(0x0000000027080000,0x0000000027180000)]
  0x000000001b861800 JavaThread "stdout" [_thread_in_native, id=8364, stack(0x0000000026f80000,0x0000000027080000)]
  0x000000001b863000 JavaThread "stderr" [_thread_in_native, id=10564, stack(0x0000000026e80000,0x0000000026f80000)]
  0x000000001b862800 JavaThread "stdout" [_thread_in_native, id=7248, stack(0x00000000267e0000,0x00000000268e0000)]
  0x000000001b861000 JavaThread "stderr" [_thread_in_native, id=11968, stack(0x00000000266e0000,0x00000000267e0000)]
  0x000000001b85b800 JavaThread "pool-2-thread-1" [_thread_blocked, id=10228, stack(0x0000000026c80000,0x0000000026d80000)]
  0x000000001b860000 JavaThread "WorkerExecutor Queue Thread 4" [_thread_blocked, id=13016, stack(0x0000000026b80000,0x0000000026c80000)]
  0x000000001b85a800 JavaThread "WorkerExecutor Queue Thread 3" [_thread_blocked, id=4616, stack(0x0000000026a80000,0x0000000026b80000)]
  0x000000001b85a000 JavaThread "WorkerExecutor Queue Thread 2" [_thread_blocked, id=10908, stack(0x0000000026980000,0x0000000026a80000)]
  0x0000000020aff800 JavaThread "WorkerExecutor Queue" [_thread_blocked, id=6716, stack(0x00000000263e0000,0x00000000264e0000)]
  0x0000000020b06800 JavaThread "Cache worker for execution history cache (E:\Projects\EDIAPAY\REZOSCHOOL\Rezoschool\.gradle\6.1.1\executionHistory)" [_thread_blocked, id=1908, stack(0x00000000260e0000,0x00000000261e0000)]
  0x0000000020b05000 JavaThread "Execution worker for ':' Thread 3" [_thread_in_Java, id=6720, stack(0x0000000025fe0000,0x00000000260e0000)]
  0x0000000020b05800 JavaThread "Execution worker for ':' Thread 2" [_thread_in_Java, id=11136, stack(0x0000000025ee0000,0x0000000025fe0000)]
  0x0000000020b04000 JavaThread "Execution worker for ':'" [_thread_blocked, id=9624, stack(0x0000000025de0000,0x0000000025ee0000)]
  0x0000000020b03800 JavaThread "Cache worker for file content cache (E:\Projects\EDIAPAY\REZOSCHOOL\Rezoschool\.gradle\6.1.1\fileContent)" [_thread_blocked, id=12252, stack(0x00000000258e0000,0x00000000259e0000)]
  0x0000000020b02800 JavaThread "Cache worker for file content cache (C:\Users\ssoft116\.gradle\caches\6.1.1\fileContent)" [_thread_blocked, id=10412, stack(0x0000000023e10000,0x0000000023f10000)]
  0x0000000020b00800 JavaThread "Memory manager" [_thread_blocked, id=3808, stack(0x0000000023ab0000,0x0000000023bb0000)]
  0x0000000020b02000 JavaThread "Cache worker for Build Output Cleanup Cache (E:\Projects\EDIAPAY\REZOSCHOOL\Rezoschool\.gradle\buildOutputCleanup)" [_thread_blocked, id=9252, stack(0x0000000023150000,0x0000000023250000)]
  0x0000000020afe000 JavaThread "Build operations Thread 4" [_thread_blocked, id=10168, stack(0x0000000023050000,0x0000000023150000)]
  0x0000000020afa800 JavaThread "Build operations Thread 3" [_thread_blocked, id=6828, stack(0x0000000022f50000,0x0000000023050000)]
  0x0000000020afc800 JavaThread "Build operations Thread 2" [_thread_blocked, id=7496, stack(0x0000000022e50000,0x0000000022f50000)]
  0x0000000020afb000 JavaThread "Build operations" [_thread_blocked, id=5752, stack(0x00000000212e0000,0x00000000213e0000)]
  0x000000001b65a800 JavaThread "Cache worker for execution history cache (C:\Users\ssoft116\.gradle\caches\6.1.1\executionHistory)" [_thread_blocked, id=7100, stack(0x000000001ff40000,0x0000000020040000)]
  0x000000001b657800 JavaThread "Cache worker for cache directory md-rule (C:\Users\ssoft116\.gradle\caches\6.1.1\md-rule)" [_thread_blocked, id=12120, stack(0x000000001fba0000,0x000000001fca0000)]
  0x000000001b65d000 JavaThread "Cache worker for cache directory md-supplier (C:\Users\ssoft116\.gradle\caches\6.1.1\md-supplier)" [_thread_blocked, id=7440, stack(0x000000001faa0000,0x000000001fba0000)]
  0x000000001b65a000 JavaThread "Cache worker for file hash cache (E:\Projects\EDIAPAY\REZOSCHOOL\Rezoschool\.gradle\6.1.1\fileHashes)" [_thread_blocked, id=8592, stack(0x000000001fd30000,0x000000001fe30000)]
  0x000000001b657000 JavaThread "Cache worker for checksums cache (E:\Projects\EDIAPAY\REZOSCHOOL\Rezoschool\.gradle\checksums)" [_thread_blocked, id=3268, stack(0x000000001fe40000,0x000000001ff40000)]
  0x000000001b659000 JavaThread "Cache worker for file hash cache (C:\Users\ssoft116\.gradle\caches\6.1.1\fileHashes)" [_thread_blocked, id=6372, stack(0x000000001d800000,0x000000001d900000)]
  0x000000001b65c800 JavaThread "File lock request listener" [_thread_in_native, id=12468, stack(0x000000001d700000,0x000000001d800000)]
  0x000000001b7eb800 JavaThread "Cache worker for journal cache (C:\Users\ssoft116\.gradle\caches\journal-1)" [_thread_blocked, id=12404, stack(0x000000001d600000,0x000000001d700000)]
  0x000000001b613800 JavaThread "Thread-9" [_thread_blocked, id=11588, stack(0x000000001d300000,0x000000001d400000)]
  0x000000001b610800 JavaThread "Stdin handler" [_thread_blocked, id=9908, stack(0x000000001d200000,0x000000001d300000)]
  0x000000001b60b000 JavaThread "Asynchronous log dispatcher for DefaultDaemonConnection: socket connection from /127.0.0.1:53301 to /127.0.0.1:53302" [_thread_blocked, id=6876, stack(0x000000001d100000,0x000000001d200000)]
  0x000000001b62c000 JavaThread "Daemon worker" [_thread_blocked, id=5476, stack(0x000000001d000000,0x000000001d100000)]
  0x000000001b608800 JavaThread "Cancel handler" [_thread_blocked, id=6544, stack(0x000000001cf00000,0x000000001d000000)]
  0x000000001b5dd000 JavaThread "Handler for socket connection from /127.0.0.1:53301 to /127.0.0.1:53302" [_thread_in_native, id=12180, stack(0x000000001cc00000,0x000000001cd00000)]
  0x000000001b5da000 JavaThread "Daemon" [_thread_blocked, id=9692, stack(0x000000001cb00000,0x000000001cc00000)]
  0x000000001b5d7800 JavaThread "Daemon periodic checks" [_thread_blocked, id=11244, stack(0x000000001ca00000,0x000000001cb00000)]
  0x000000001b575000 JavaThread "Incoming local TCP Connector on port 53301" [_thread_in_native, id=4724, stack(0x000000001c7c0000,0x000000001c8c0000)]
  0x000000001b50a800 JavaThread "Daemon health stats" [_thread_blocked, id=8700, stack(0x000000001c180000,0x000000001c280000)]
  0x0000000019413800 JavaThread "Service Thread" daemon [_thread_blocked, id=2368, stack(0x00000000197e0000,0x00000000198e0000)]
  0x0000000017a9b000 JavaThread "C1 CompilerThread2" daemon [_thread_blocked, id=10208, stack(0x00000000192e0000,0x00000000193e0000)]
  0x0000000017a8a800 JavaThread "C2 CompilerThread1" daemon [_thread_in_native, id=12996, stack(0x00000000191e0000,0x00000000192e0000)]
=>0x0000000017a84800 JavaThread "C2 CompilerThread0" daemon [_thread_in_native, id=12036, stack(0x00000000190e0000,0x00000000191e0000)]
  0x0000000017a83800 JavaThread "Attach Listener" daemon [_thread_blocked, id=612, stack(0x0000000018fe0000,0x00000000190e0000)]
  0x0000000017a82000 JavaThread "Signal Dispatcher" daemon [_thread_blocked, id=4852, stack(0x0000000018ee0000,0x0000000018fe0000)]
  0x0000000002d8c800 JavaThread "Finalizer" daemon [_thread_blocked, id=4276, stack(0x0000000018ce0000,0x0000000018de0000)]
  0x0000000017a69800 JavaThread "Reference Handler" daemon [_thread_blocked, id=7344, stack(0x0000000018be0000,0x0000000018ce0000)]
  0x0000000002e5e000 JavaThread "main" [_thread_blocked, id=10068, stack(0x0000000002ac0000,0x0000000002bc0000)]

Other Threads:
  0x0000000017a46000 VMThread [stack: 0x0000000018ae0000,0x0000000018be0000] [id=10836]
  0x0000000019414000 WatcherThread [stack: 0x00000000198e0000,0x00000000199e0000] [id=5504]

VM state:not at safepoint (normal execution)

VM Mutex/Monitor currently owned by a thread: None

heap address: 0x0000000080000000, size: 2048 MB, Compressed Oops mode: 32-bit
Narrow klass base: 0x0000000000000000, Narrow klass shift: 3
Compressed class space size: 1073741824 Address: 0x0000000100000000

Heap:
 PSYoungGen      total 435712K, used 282201K [0x00000000d5580000, 0x00000000fb800000, 0x0000000100000000)
  eden space 403456K, 68% used [0x00000000d5580000,0x00000000e61a3730,0x00000000edf80000)
  from space 32256K, 23% used [0x00000000edf80000,0x00000000ee6f2cd8,0x00000000eff00000)
  to   space 55808K, 0% used [0x00000000f8180000,0x00000000f8180000,0x00000000fb800000)
 ParOldGen       total 238592K, used 112553K [0x0000000080000000, 0x000000008e900000, 0x00000000d5580000)
  object space 238592K, 47% used [0x0000000080000000,0x0000000086dea790,0x000000008e900000)
 Metaspace       used 85331K, capacity 88994K, committed 89768K, reserved 1126400K
  class space    used 11243K, capacity 11976K, committed 12200K, reserved 1048576K

Card table byte_map: [0x0000000012220000,0x0000000012630000] byte_map_base: 0x0000000011e20000

Marking Bits: (ParMarkBitMap*) 0x0000000067c3f030
 Begin Bits: [0x0000000012ce0000, 0x0000000014ce0000)
 End Bits:   [0x0000000014ce0000, 0x0000000016ce0000)

Polling page: 0x00000000012b0000

CodeCache: size=245760Kb used=45033Kb max_used=45033Kb free=200726Kb
 bounds [0x0000000002e60000, 0x0000000005a90000, 0x0000000011e60000]
 total_blobs=14542 nmethods=13668 adapters=784
 compilation: enabled

Compilation events (10 events):
Event: 17.396 Thread 0x0000000017a9b000 nmethod 16441 0x0000000005a846d0 code [0x0000000005a84820, 0x0000000005a84930]
Event: 17.396 Thread 0x0000000017a9b000 16442       2       org.gradle.internal.vfs.impl.DefaultVirtualFileSystem::snapshot (195 bytes)
Event: 17.398 Thread 0x0000000017a9b000 nmethod 16442 0x0000000005a84990 code [0x0000000005a84c00, 0x0000000005a85948]
Event: 17.398 Thread 0x0000000017a9b000 16444       2       org.gradle.execution.plan.DefaultExecutionPlan::getResolvedMutationInfo (18 bytes)
Event: 17.398 Thread 0x0000000017a9b000 nmethod 16444 0x0000000005a86750 code [0x0000000005a868c0, 0x0000000005a86a68]
Event: 17.398 Thread 0x0000000017a9b000 16443       2       org.gradle.internal.nativeintegration.filesystem.services.GenericFileSystem::stat (11 bytes)
Event: 17.398 Thread 0x0000000017a9b000 nmethod 16443 0x0000000005a86b50 code [0x0000000005a86cc0, 0x0000000005a86e48]
Event: 17.398 Thread 0x0000000017a9b000 16445   !   2       org.gradle.launcher.daemon.server.SynchronizedDispatchConnection::dispatch (95 bytes)
Event: 17.399 Thread 0x0000000017a9b000 nmethod 16445 0x0000000005a86ed0 code [0x0000000005a870c0, 0x0000000005a87808]
Event: 17.399 Thread 0x0000000017a9b000 16446       2       org.gradle.internal.vfs.impl.DefaultVirtualFileSystem::lambda$readLocation$16 (30 bytes)

GC Heap History (10 events):
Event: 5.916 GC heap before
{Heap before GC invocations=13 (full 3):
 PSYoungGen      total 341504K, used 18535K [0x00000000d5580000, 0x00000000ec300000, 0x0000000100000000)
  eden space 318976K, 0% used [0x00000000d5580000,0x00000000d5580000,0x00000000e8d00000)
  from space 22528K, 82% used [0x00000000ea500000,0x00000000eb719d08,0x00000000ebb00000)
  to   space 24576K, 0% used [0x00000000e8d00000,0x00000000e8d00000,0x00000000ea500000)
 ParOldGen       total 74752K, used 29970K [0x0000000080000000, 0x0000000084900000, 0x00000000d5580000)
  object space 74752K, 40% used [0x0000000080000000,0x0000000081d44870,0x0000000084900000)
 Metaspace       used 57112K, capacity 58998K, committed 59160K, reserved 1099776K
  class space    used 7836K, capacity 8252K, committed 8360K, reserved 1048576K
Event: 6.072 GC heap after
Heap after GC invocations=13 (full 3):
 PSYoungGen      total 341504K, used 0K [0x00000000d5580000, 0x00000000ec300000, 0x0000000100000000)
  eden space 318976K, 0% used [0x00000000d5580000,0x00000000d5580000,0x00000000e8d00000)
  from space 22528K, 0% used [0x00000000ea500000,0x00000000ea500000,0x00000000ebb00000)
  to   space 24576K, 0% used [0x00000000e8d00000,0x00000000e8d00000,0x00000000ea500000)
 ParOldGen       total 110592K, used 31874K [0x0000000080000000, 0x0000000086c00000, 0x00000000d5580000)
  object space 110592K, 28% used [0x0000000080000000,0x0000000081f20808,0x0000000086c00000)
 Metaspace       used 57109K, capacity 58986K, committed 59160K, reserved 1099776K
  class space    used 7835K, capacity 8250K, committed 8360K, reserved 1048576K
}
Event: 9.316 GC heap before
{Heap before GC invocations=14 (full 3):
 PSYoungGen      total 341504K, used 318976K [0x00000000d5580000, 0x00000000ec300000, 0x0000000100000000)
  eden space 318976K, 100% used [0x00000000d5580000,0x00000000e8d00000,0x00000000e8d00000)
  from space 22528K, 0% used [0x00000000ea500000,0x00000000ea500000,0x00000000ebb00000)
  to   space 24576K, 0% used [0x00000000e8d00000,0x00000000e8d00000,0x00000000ea500000)
 ParOldGen       total 110592K, used 31874K [0x0000000080000000, 0x0000000086c00000, 0x00000000d5580000)
  object space 110592K, 28% used [0x0000000080000000,0x0000000081f20808,0x0000000086c00000)
 Metaspace       used 63498K, capacity 66192K, committed 66344K, reserved 1105920K
  class space    used 8647K, capacity 9209K, committed 9256K, reserved 1048576K
Event: 9.347 GC heap after
Heap after GC invocations=14 (full 3):
 PSYoungGen      total 343552K, used 24547K [0x00000000d5580000, 0x00000000f2480000, 0x0000000100000000)
  eden space 318976K, 0% used [0x00000000d5580000,0x00000000d5580000,0x00000000e8d00000)
  from space 24576K, 99% used [0x00000000e8d00000,0x00000000ea4f8d40,0x00000000ea500000)
  to   space 31232K, 0% used [0x00000000f0600000,0x00000000f0600000,0x00000000f2480000)
 ParOldGen       total 110592K, used 39524K [0x0000000080000000, 0x0000000086c00000, 0x00000000d5580000)
  object space 110592K, 35% used [0x0000000080000000,0x0000000082699060,0x0000000086c00000)
 Metaspace       used 63498K, capacity 66192K, committed 66344K, reserved 1105920K
  class space    used 8647K, capacity 9209K, committed 9256K, reserved 1048576K
}
Event: 12.989 GC heap before
{Heap before GC invocations=15 (full 3):
 PSYoungGen      total 343552K, used 343523K [0x00000000d5580000, 0x00000000f2480000, 0x0000000100000000)
  eden space 318976K, 100% used [0x00000000d5580000,0x00000000e8d00000,0x00000000e8d00000)
  from space 24576K, 99% used [0x00000000e8d00000,0x00000000ea4f8d40,0x00000000ea500000)
  to   space 31232K, 0% used [0x00000000f0600000,0x00000000f0600000,0x00000000f2480000)
 ParOldGen       total 110592K, used 39524K [0x0000000080000000, 0x0000000086c00000, 0x00000000d5580000)
  object space 110592K, 35% used [0x0000000080000000,0x0000000082699060,0x0000000086c00000)
 Metaspace       used 74532K, capacity 77492K, committed 77608K, reserved 1116160K
  class space    used 9882K, capacity 10517K, committed 10536K, reserved 1048576K
Event: 13.033 GC heap after
Heap after GC invocations=15 (full 3):
 PSYoungGen      total 428544K, used 20445K [0x00000000d5580000, 0x00000000f1e80000, 0x0000000100000000)
  eden space 403456K, 0% used [0x00000000d5580000,0x00000000d5580000,0x00000000edf80000)
  from space 25088K, 81% used [0x00000000f0600000,0x00000000f19f74b8,0x00000000f1e80000)
  to   space 32256K, 0% used [0x00000000edf80000,0x00000000edf80000,0x00000000eff00000)
 ParOldGen       total 110592K, used 62001K [0x0000000080000000, 0x0000000086c00000, 0x00000000d5580000)
  object space 110592K, 56% used [0x0000000080000000,0x0000000083c8c468,0x0000000086c00000)
 Metaspace       used 74532K, capacity 77492K, committed 77608K, reserved 1116160K
  class space    used 9882K, capacity 10517K, committed 10536K, reserved 1048576K
}
Event: 15.473 GC heap before
{Heap before GC invocations=16 (full 3):
 PSYoungGen      total 428544K, used 423901K [0x00000000d5580000, 0x00000000f1e80000, 0x0000000100000000)
  eden space 403456K, 100% used [0x00000000d5580000,0x00000000edf80000,0x00000000edf80000)
  from space 25088K, 81% used [0x00000000f0600000,0x00000000f19f74b8,0x00000000f1e80000)
  to   space 32256K, 0% used [0x00000000edf80000,0x00000000edf80000,0x00000000eff00000)
 ParOldGen       total 110592K, used 62001K [0x0000000080000000, 0x0000000086c00000, 0x00000000d5580000)
  object space 110592K, 56% used [0x0000000080000000,0x0000000083c8c468,0x0000000086c00000)
 Metaspace       used 84882K, capacity 88876K, committed 89000K, reserved 1126400K
  class space    used 11290K, capacity 12083K, committed 12200K, reserved 1048576K
Event: 15.555 GC heap after
Heap after GC invocations=16 (full 3):
 PSYoungGen      total 435712K, used 32237K [0x00000000d5580000, 0x00000000fb800000, 0x0000000100000000)
  eden space 403456K, 0% used [0x00000000d5580000,0x00000000d5580000,0x00000000edf80000)
  from space 32256K, 99% used [0x00000000edf80000,0x00000000efefb6b0,0x00000000eff00000)
  to   space 55808K, 0% used [0x00000000f8180000,0x00000000f8180000,0x00000000fb800000)
 ParOldGen       total 112640K, used 112419K [0x0000000080000000, 0x0000000086e00000, 0x00000000d5580000)
  object space 112640K, 99% used [0x0000000080000000,0x0000000086dc8e78,0x0000000086e00000)
 Metaspace       used 84882K, capacity 88876K, committed 89000K, reserved 1126400K
  class space    used 11290K, capacity 12083K, committed 12200K, reserved 1048576K
}
Event: 15.555 GC heap before
{Heap before GC invocations=17 (full 4):
 PSYoungGen      total 435712K, used 32237K [0x00000000d5580000, 0x00000000fb800000, 0x0000000100000000)
  eden space 403456K, 0% used [0x00000000d5580000,0x00000000d5580000,0x00000000edf80000)
  from space 32256K, 99% used [0x00000000edf80000,0x00000000efefb6b0,0x00000000eff00000)
  to   space 55808K, 0% used [0x00000000f8180000,0x00000000f8180000,0x00000000fb800000)
 ParOldGen       total 112640K, used 112419K [0x0000000080000000, 0x0000000086e00000, 0x00000000d5580000)
  object space 112640K, 99% used [0x0000000080000000,0x0000000086dc8e78,0x0000000086e00000)
 Metaspace       used 84882K, capacity 88876K, committed 89000K, reserved 1126400K
  class space    used 11290K, capacity 12083K, committed 12200K, reserved 1048576K
Event: 16.059 GC heap after
Heap after GC invocations=17 (full 4):
 PSYoungGen      total 435712K, used 7627K [0x00000000d5580000, 0x00000000fb800000, 0x0000000100000000)
  eden space 403456K, 0% used [0x00000000d5580000,0x00000000d5580000,0x00000000edf80000)
  from space 32256K, 23% used [0x00000000edf80000,0x00000000ee6f2cd8,0x00000000eff00000)
  to   space 55808K, 0% used [0x00000000f8180000,0x00000000f8180000,0x00000000fb800000)
 ParOldGen       total 238592K, used 112553K [0x0000000080000000, 0x000000008e900000, 0x00000000d5580000)
  object space 238592K, 47% used [0x0000000080000000,0x0000000086dea790,0x000000008e900000)
 Metaspace       used 84666K, capacity 88314K, committed 89000K, reserved 1126400K
  class space    used 11221K, capacity 11960K, committed 12200K, reserved 1048576K
}

Deoptimization events (10 events):
Event: 16.699 Thread 0x000000001b867000 Uncommon trap: reason=unstable_if action=reinterpret pc=0x0000000004753ddc method=com.android.tools.r8.graph.E.collectIndexedItems(Lcom/android/tools/r8/dex/v;Lcom/android/tools/r8/graph/Z;I)V @ 142
Event: 16.754 Thread 0x000000001b867000 Uncommon trap: reason=array_check action=maybe_recompile pc=0x000000000397235c method=java.util.TimSort.mergeLo(IIII)V @ 81
Event: 16.755 Thread 0x000000001b867000 Uncommon trap: reason=array_check action=maybe_recompile pc=0x000000000397235c method=java.util.TimSort.mergeLo(IIII)V @ 81
Event: 16.755 Thread 0x000000001b867000 Uncommon trap: reason=array_check action=maybe_recompile pc=0x000000000397235c method=java.util.TimSort.mergeLo(IIII)V @ 81
Event: 16.755 Thread 0x000000001b867000 Uncommon trap: reason=array_check action=maybe_recompile pc=0x000000000397235c method=java.util.TimSort.mergeLo(IIII)V @ 81
Event: 16.781 Thread 0x000000001b867000 Uncommon trap: reason=unstable_if action=reinterpret pc=0x0000000004a21538 method=com.android.tools.r8.graph.E.b()Lcom/android/tools/r8/graph/L; @ 4
Event: 16.788 Thread 0x000000001b867000 Uncommon trap: reason=unstable_if action=reinterpret pc=0x0000000005201c60 method=com.android.tools.r8.dex.m.c(I)V @ 8
Event: 16.837 Thread 0x000000001b867000 Uncommon trap: reason=class_check action=maybe_recompile pc=0x00000000055e6ae8 method=java.util.Collections$SetFromMap.<init>(Ljava/util/Map;)V @ 5
Event: 16.837 Thread 0x000000001b867000 Uncommon trap: reason=class_check action=maybe_recompile pc=0x00000000055e6ae8 method=java.util.Collections$SetFromMap.<init>(Ljava/util/Map;)V @ 5
Event: 17.163 Thread 0x000000001b867000 Uncommon trap: reason=predicate action=maybe_recompile pc=0x0000000002faf7e8 method=java.util.TimSort.mergeLo(IIII)V @ 153

Classes redefined (0 events):
No events

Internal exceptions (10 events):
Event: 17.210 Thread 0x000000001b85a000 Exception <a 'sun/nio/fs/WindowsException'> (0x00000000e1fa9cc0) thrown at [C:\src\AOSP-openjdk-git\hotspot\src\share\vm\prims\jni.cpp, line 710]
Event: 17.225 Thread 0x000000001b85a000 Exception <a 'sun/nio/fs/WindowsException'> (0x00000000e1fb3fe8) thrown at [C:\src\AOSP-openjdk-git\hotspot\src\share\vm\prims\jni.cpp, line 710]
Event: 17.240 Thread 0x000000001e099000 Exception <a 'sun/nio/fs/WindowsException'> (0x00000000e3b617e0) thrown at [C:\src\AOSP-openjdk-git\hotspot\src\share\vm\prims\jni.cpp, line 710]
Event: 17.245 Thread 0x000000001b85a000 Exception <a 'sun/nio/fs/WindowsException'> (0x00000000e3bb9288) thrown at [C:\src\AOSP-openjdk-git\hotspot\src\share\vm\prims\jni.cpp, line 710]
Event: 17.248 Thread 0x000000001b85a000 Exception <a 'sun/nio/fs/WindowsException'> (0x00000000e3c03ce8) thrown at [C:\src\AOSP-openjdk-git\hotspot\src\share\vm\prims\jni.cpp, line 710]
Event: 17.250 Thread 0x000000001b85a000 Exception <a 'sun/nio/fs/WindowsException'> (0x00000000e3c0a940) thrown at [C:\src\AOSP-openjdk-git\hotspot\src\share\vm\prims\jni.cpp, line 710]
Event: 17.252 Thread 0x000000001b85a000 Exception <a 'sun/nio/fs/WindowsException'> (0x00000000e3c138b8) thrown at [C:\src\AOSP-openjdk-git\hotspot\src\share\vm\prims\jni.cpp, line 710]
Event: 17.253 Thread 0x000000001b85a000 Exception <a 'sun/nio/fs/WindowsException'> (0x00000000e3dd88a8) thrown at [C:\src\AOSP-openjdk-git\hotspot\src\share\vm\prims\jni.cpp, line 710]
Event: 17.254 Thread 0x000000001b85a000 Exception <a 'sun/nio/fs/WindowsException'> (0x00000000e3e23750) thrown at [C:\src\AOSP-openjdk-git\hotspot\src\share\vm\prims\jni.cpp, line 710]
Event: 17.306 Thread 0x000000001b867000 Exception <a 'sun/nio/fs/WindowsException'> (0x00000000e465b460) thrown at [C:\src\AOSP-openjdk-git\hotspot\src\share\vm\prims\jni.cpp, line 710]

Events (10 events):
Event: 17.374 Thread 0x000000001b867000 DEOPT PACKING pc=0x0000000005066b06 sp=0x0000000027d7d6b0
Event: 17.374 Thread 0x000000001b867000 DEOPT UNPACKING pc=0x0000000002ea75d0 sp=0x0000000027d7d428 mode 0
Event: 17.376 Thread 0x000000001b867000 DEOPT PACKING pc=0x0000000005066b06 sp=0x0000000027d7d6b0
Event: 17.376 Thread 0x000000001b867000 DEOPT UNPACKING pc=0x0000000002ea75d0 sp=0x0000000027d7d428 mode 0
Event: 17.377 Thread 0x0000000020b05000 DEOPT PACKING pc=0x00000000051af14c sp=0x00000000260dd400
Event: 17.377 Thread 0x0000000020b05000 DEOPT UNPACKING pc=0x0000000002ea75d0 sp=0x00000000260dd1b8 mode 0
Event: 17.377 Thread 0x0000000020b05000 DEOPT PACKING pc=0x00000000051a4ae4 sp=0x00000000260dd4f0
Event: 17.377 Thread 0x0000000020b05000 DEOPT UNPACKING pc=0x0000000002ea75d0 sp=0x00000000260dd210 mode 0
Event: 17.379 Thread 0x0000000020b05000 DEOPT PACKING pc=0x0000000004730d14 sp=0x00000000260dee20
Event: 17.379 Thread 0x0000000020b05000 DEOPT UNPACKING pc=0x0000000002ea75d0 sp=0x00000000260dec00 mode 0


Dynamic libraries:
0x00007ff7a2d60000 - 0x00007ff7a2d91000 	C:\Program Files\Android\Android Studio\jre\bin\java.exe
0x00007ffa77d60000 - 0x00007ffa77f50000 	C:\Windows\SYSTEM32\ntdll.dll
0x00007ffa778a0000 - 0x00007ffa77952000 	C:\Windows\System32\KERNEL32.DLL
0x00007ffa74e70000 - 0x00007ffa75113000 	C:\Windows\System32\KERNELBASE.dll
0x00007ffa76a50000 - 0x00007ffa76af3000 	C:\Windows\System32\ADVAPI32.dll
0x00007ffa76700000 - 0x00007ffa7679e000 	C:\Windows\System32\msvcrt.dll
0x00007ffa77bd0000 - 0x00007ffa77c67000 	C:\Windows\System32\sechost.dll
0x00007ffa76b00000 - 0x00007ffa76c20000 	C:\Windows\System32\RPCRT4.dll
0x00007ffa77960000 - 0x00007ffa77af4000 	C:\Windows\System32\USER32.dll
0x00007ffa74d10000 - 0x00007ffa74d31000 	C:\Windows\System32\win32u.dll
0x00007ffa77320000 - 0x00007ffa77346000 	C:\Windows\System32\GDI32.dll
0x00007ffa75a80000 - 0x00007ffa75c14000 	C:\Windows\System32\gdi32full.dll
0x00007ffa75d70000 - 0x00007ffa75e0e000 	C:\Windows\System32\msvcp_win.dll
0x00007ffa75180000 - 0x00007ffa7527a000 	C:\Windows\System32\ucrtbase.dll
0x00007ffa6a770000 - 0x00007ffa6a9f5000 	C:\Windows\WinSxS\amd64_microsoft.windows.common-controls_6595b64144ccf1df_6.0.18362.476_none_e6c4b11b130f2595\COMCTL32.dll
0x00007ffa75f60000 - 0x00007ffa76296000 	C:\Windows\System32\combase.dll
0x00007ffa75280000 - 0x00007ffa75300000 	C:\Windows\System32\bcryptPrimitives.dll
0x00007ffa77c80000 - 0x00007ffa77cae000 	C:\Windows\System32\IMM32.DLL
0x0000000066620000 - 0x00000000666f2000 	C:\Program Files\Android\Android Studio\jre\jre\bin\msvcr100.dll
0x0000000067470000 - 0x0000000067cbb000 	C:\Program Files\Android\Android Studio\jre\jre\bin\server\jvm.dll
0x00007ffa77c70000 - 0x00007ffa77c78000 	C:\Windows\System32\PSAPI.DLL
0x00007ffa59ab0000 - 0x00007ffa59ab9000 	C:\Windows\SYSTEM32\WSOCK32.dll
0x00007ffa72ac0000 - 0x00007ffa72ae4000 	C:\Windows\SYSTEM32\WINMM.dll
0x00007ffa6bc00000 - 0x00007ffa6bc0a000 	C:\Windows\SYSTEM32\VERSION.dll
0x00007ffa77cb0000 - 0x00007ffa77d1f000 	C:\Windows\System32\WS2_32.dll
0x00007ffa72a90000 - 0x00007ffa72abd000 	C:\Windows\SYSTEM32\winmmbase.dll
0x00007ffa74d70000 - 0x00007ffa74dba000 	C:\Windows\System32\cfgmgr32.dll
0x00007ffa715c0000 - 0x00007ffa715cf000 	C:\Program Files\Android\Android Studio\jre\jre\bin\verify.dll
0x00007ffa64ac0000 - 0x00007ffa64ae9000 	C:\Program Files\Android\Android Studio\jre\jre\bin\java.dll
0x00007ffa71530000 - 0x00007ffa71546000 	C:\Program Files\Android\Android Studio\jre\jre\bin\zip.dll
0x00007ffa76c30000 - 0x00007ffa77315000 	C:\Windows\System32\SHELL32.dll
0x00007ffa765f0000 - 0x00007ffa76699000 	C:\Windows\System32\shcore.dll
0x00007ffa75300000 - 0x00007ffa75a7e000 	C:\Windows\System32\windows.storage.dll
0x00007ffa74cd0000 - 0x00007ffa74cef000 	C:\Windows\System32\profapi.dll
0x00007ffa74c60000 - 0x00007ffa74caa000 	C:\Windows\System32\powrprof.dll
0x00007ffa74c30000 - 0x00007ffa74c40000 	C:\Windows\System32\UMPDC.dll
0x00007ffa76890000 - 0x00007ffa768e2000 	C:\Windows\System32\shlwapi.dll
0x00007ffa74c40000 - 0x00007ffa74c51000 	C:\Windows\System32\kernel.appcore.dll
0x00007ffa74cf0000 - 0x00007ffa74d07000 	C:\Windows\System32\cryptsp.dll
0x00007ffa6a150000 - 0x00007ffa6a16a000 	C:\Program Files\Android\Android Studio\jre\jre\bin\net.dll
0x00007ffa744a0000 - 0x00007ffa74507000 	C:\Windows\system32\mswsock.dll
0x00007ffa649b0000 - 0x00007ffa649c3000 	C:\Program Files\Android\Android Studio\jre\jre\bin\nio.dll
0x00007ffa64a60000 - 0x00007ffa64a86000 	C:\Users\ssoft116\.gradle\native\31\windows-amd64\native-platform.dll
0x00007ffa715b0000 - 0x00007ffa715bd000 	C:\Program Files\Android\Android Studio\jre\jre\bin\management.dll
0x00007ffa73fb0000 - 0x00007ffa73fe3000 	C:\Windows\system32\rsaenh.dll
0x00007ffa74d40000 - 0x00007ffa74d66000 	C:\Windows\System32\bcrypt.dll
0x00007ffa74b20000 - 0x00007ffa74b45000 	C:\Windows\SYSTEM32\USERENV.dll
0x00007ffa74670000 - 0x00007ffa7467c000 	C:\Windows\SYSTEM32\CRYPTBASE.dll
0x00007ffa741b0000 - 0x00007ffa741ea000 	C:\Windows\SYSTEM32\IPHLPAPI.DLL
0x00007ffa77890000 - 0x00007ffa77898000 	C:\Windows\System32\NSI.dll
0x00007ffa6bbd0000 - 0x00007ffa6bbe6000 	C:\Windows\SYSTEM32\dhcpcsvc6.DLL
0x00007ffa6bbb0000 - 0x00007ffa6bbcc000 	C:\Windows\SYSTEM32\dhcpcsvc.DLL
0x00007ffa741f0000 - 0x00007ffa742ba000 	C:\Windows\SYSTEM32\DNSAPI.dll
0x00007ffa73c90000 - 0x00007ffa73cc1000 	C:\Windows\SYSTEM32\ntmarta.dll

VM Arguments:
jvm_args: -Xmx2048m -Dfile.encoding=windows-1252 -Duser.country=US -Duser.language=en -Duser.variant 
java_command: org.gradle.launcher.daemon.bootstrap.GradleDaemon 6.1.1
java_class_path (initial): C:\Users\ssoft116\.gradle\wrapper\dists\gradle-6.1.1-all\cfmwm155h49vnt3hynmlrsdst\gradle-6.1.1\lib\gradle-launcher-6.1.1.jar
Launcher Type: SUN_STANDARD

Environment Variables:
PATH=C:\Windows\system32;C:\Windows;C:\Windows\System32\Wbem;C:\Windows\System32\WindowsPowerShell\v1.0\;C:\Windows\System32\OpenSSH\;C:\Program Files\Git\cmd;C:\Program Files\nodejs\;C:\Users\ssoft116\AppData\Local\Programs\Python\Python38-32\Scripts\;C:\Users\ssoft116\AppData\Local\Programs\Python\Python38-32\;C:\Users\ssoft116\AppData\Local\Microsoft\WindowsApps;;C:\Users\ssoft116\AppData\Local\Programs\Microsoft VS Code\bin;C:\Users\ssoft116\AppData\Roaming\npm
USERNAME=ssoft116
OS=Windows_NT
PROCESSOR_IDENTIFIER=Intel64 Family 6 Model 94 Stepping 3, GenuineIntel



---------------  S Y S T E M  ---------------

OS: Windows 10.0 , 64 bit Build 18362 (10.0.18362.329)

CPU:total 4 (initial active 4) (4 cores per cpu, 1 threads per core) family 6 model 94 stepping 3, cmov, cx8, fxsr, mmx, sse, sse2, sse3, ssse3, sse4.1, sse4.2, popcnt, avx, avx2, aes, clmul, erms, rtm, 3dnowpref, lzcnt, tsc, tscinvbit, bmi1, bmi2, adx

Memory: 4k page, physical 8289836k(708852k free), swap 12480044k(6460k free)

vm_info: OpenJDK 64-Bit Server VM (25.242-b01) for windows-amd64 JRE (1.8.0_242-release-1644-b01), built by "builder" with MS VC++ 10.0 (VS2010)

time: Wed Jun 17 14:24:28 2020
timezone: Pacific Daylight Time
elapsed time: 17 seconds (0d 0h 0m 17s)

